[2022/05/22 13:14:38] - Namespace(MetaStartEpoch=100, attack='pgd', attack_iters=10, batch_size=128, chkpt_iters=10, cutout=False, cutout_len=None, data_dir='../cifar-data', dataset='cifar10', epochs=200, epsilon=8, eval=False, fgsm_alpha=1.25, fgsm_init='random', file_name=None, fname='cifar_model', gap=400, half=False, initialize_type='zero', l1=0, l2=0, layer_wise=1, lr_drop_epoch=100, lr_max=0.1, lr_one_drop=0.01, lr_schedule='piecewise', mixup=False, mixup_alpha=None, model='PreActResNet18', norm='l_inf', num_gaps=4, pgd_alpha=2, reinitialize=1, repeat=6, restarts=1, resume=0, seed=0, times=1, train_mode_epoch=150, val=True, width_factor=10)
[2022/05/22 13:14:40] - Epoch 	 Train Time 	 Test Time 	 LR 	 	 Train Loss 	 Train Acc 	 Train Robust Loss 	 Train Robust Acc 	 Test Loss 	 Test Acc 	 Test Robust Loss 	 Test Robust Acc
dicts {'module.conv1.weight': 0, 'module.layer1.0.bn1.weight': 0, 'module.layer1.0.bn1.bias': 0, 'module.layer1.0.conv1.weight': 0, 'module.layer1.0.bn2.weight': 0, 'module.layer1.0.bn2.bias': 0, 'module.layer1.0.conv2.weight': 0, 'module.layer1.1.bn1.weight': 0, 'module.layer1.1.bn1.bias': 0, 'module.layer1.1.conv1.weight': 0, 'module.layer1.1.bn2.weight': 0, 'module.layer1.1.bn2.bias': 0, 'module.layer1.1.conv2.weight': 0, 'module.layer2.0.bn1.weight': 0, 'module.layer2.0.bn1.bias': 0, 'module.layer2.0.conv1.weight': 0, 'module.layer2.0.bn2.weight': 0, 'module.layer2.0.bn2.bias': 0, 'module.layer2.0.conv2.weight': 0, 'module.layer2.0.shortcut.0.weight': 0, 'module.layer2.1.bn1.weight': 0, 'module.layer2.1.bn1.bias': 0, 'module.layer2.1.conv1.weight': 0, 'module.layer2.1.bn2.weight': 0, 'module.layer2.1.bn2.bias': 0, 'module.layer2.1.conv2.weight': 0, 'module.layer3.0.bn1.weight': 0, 'module.layer3.0.bn1.bias': 0, 'module.layer3.0.conv1.weight': 0, 'module.layer3.0.bn2.weight': 0, 'module.layer3.0.bn2.bias': 0, 'module.layer3.0.conv2.weight': 0, 'module.layer3.0.shortcut.0.weight': 0, 'module.layer3.1.bn1.weight': 0, 'module.layer3.1.bn1.bias': 0, 'module.layer3.1.conv1.weight': 0, 'module.layer3.1.bn2.weight': 0, 'module.layer3.1.bn2.bias': 0, 'module.layer3.1.conv2.weight': 0, 'module.layer4.0.bn1.weight': 0, 'module.layer4.0.bn1.bias': 0, 'module.layer4.0.conv1.weight': 0, 'module.layer4.0.bn2.weight': 0, 'module.layer4.0.bn2.bias': 0, 'module.layer4.0.conv2.weight': 0, 'module.layer4.0.shortcut.0.weight': 0, 'module.layer4.1.bn1.weight': 0, 'module.layer4.1.bn1.bias': 0, 'module.layer4.1.conv1.weight': 0, 'module.layer4.1.bn2.weight': 0, 'module.layer4.1.bn2.bias': 0, 'module.layer4.1.conv2.weight': 0, 'module.bn.weight': 0, 'module.bn.bias': 0, 'module.linear.weight': 0, 'module.linear.bias': 0}
gap 400
[2022/05/22 13:15:57] - 0 	 63.4 	 	 12.1 	 	 0.1000 	 1.9828 	 0.2740 	 2.1748 	 	 0.1917 	 	 1.8183 	 0.3588 	 2.0132 	 	 0.2534
[2022/05/22 13:15:57] - validation 1.8195 	 0.3630 	 2.0156 	 0.2540
gap 400
[2022/05/22 13:17:12] - 1 	 62.0 	 	 12.1 	 	 0.1000 	 1.7177 	 0.3811 	 1.9854 	 	 0.2555 	 	 1.6555 	 0.4197 	 1.9033 	 	 0.2834
[2022/05/22 13:17:12] - validation 1.6541 	 0.4260 	 1.8998 	 0.2920
gap 400
[2022/05/22 13:18:27] - 2 	 62.1 	 	 12.1 	 	 0.1000 	 1.5920 	 0.4351 	 1.9051 	 	 0.2860 	 	 1.5233 	 0.4803 	 1.8180 	 	 0.3184
[2022/05/22 13:18:27] - validation 1.5197 	 0.4780 	 1.8134 	 0.3320
gap 400
[2022/05/22 13:19:43] - 3 	 62.0 	 	 12.1 	 	 0.1000 	 1.4912 	 0.4811 	 1.8443 	 	 0.3043 	 	 1.3990 	 0.5015 	 1.7352 	 	 0.3475
[2022/05/22 13:19:43] - validation 1.3991 	 0.5180 	 1.7392 	 0.3620
gap 400
[2022/05/22 13:20:58] - 4 	 62.0 	 	 12.1 	 	 0.1000 	 1.3991 	 0.5276 	 1.7852 	 	 0.3244 	 	 1.3780 	 0.5303 	 1.7348 	 	 0.3402
[2022/05/22 13:20:58] - validation 1.3766 	 0.5240 	 1.7313 	 0.3400
gap 400
[2022/05/22 13:22:14] - 5 	 62.0 	 	 12.1 	 	 0.1000 	 1.3320 	 0.5573 	 1.7425 	 	 0.3429 	 	 1.2803 	 0.5816 	 1.6889 	 	 0.3662
[2022/05/22 13:22:14] - validation 1.2884 	 0.5740 	 1.6939 	 0.3760
gap 400
[2022/05/22 13:23:29] - 6 	 62.1 	 	 12.1 	 	 0.1000 	 1.2690 	 0.5874 	 1.7020 	 	 0.3571 	 	 1.2150 	 0.5902 	 1.6410 	 	 0.3818
[2022/05/22 13:23:29] - validation 1.2327 	 0.5900 	 1.6549 	 0.3790
gap 400
[2022/05/22 13:24:45] - 7 	 62.0 	 	 12.1 	 	 0.1000 	 1.2241 	 0.6071 	 1.6741 	 	 0.3653 	 	 1.1923 	 0.6185 	 1.6041 	 	 0.4034
[2022/05/22 13:24:45] - validation 1.2109 	 0.6140 	 1.6208 	 0.4060
gap 400
[2022/05/22 13:26:00] - 8 	 61.9 	 	 12.1 	 	 0.1000 	 1.1825 	 0.6269 	 1.6459 	 	 0.3760 	 	 1.1219 	 0.6414 	 1.5970 	 	 0.3957
[2022/05/22 13:26:00] - validation 1.1378 	 0.6100 	 1.6171 	 0.3940
gap 400
[2022/05/22 13:27:16] - 9 	 62.1 	 	 12.1 	 	 0.1000 	 1.1476 	 0.6430 	 1.6239 	 	 0.3859 	 	 1.1137 	 0.6413 	 1.5575 	 	 0.4211
[2022/05/22 13:27:16] - validation 1.1324 	 0.6240 	 1.5682 	 0.4040
gap 400
[2022/05/22 13:28:31] - 10 	 61.9 	 	 12.1 	 	 0.1000 	 1.1202 	 0.6520 	 1.6060 	 	 0.3924 	 	 1.1097 	 0.6557 	 1.5532 	 	 0.4254
[2022/05/22 13:28:31] - validation 1.1277 	 0.6400 	 1.5636 	 0.4340
gap 400
[2022/05/22 13:29:47] - 11 	 62.0 	 	 12.1 	 	 0.1000 	 1.0966 	 0.6643 	 1.5897 	 	 0.3978 	 	 1.0528 	 0.6402 	 1.5461 	 	 0.4201
[2022/05/22 13:29:47] - validation 1.0626 	 0.6440 	 1.5490 	 0.4150
gap 400
[2022/05/22 13:31:02] - 12 	 62.1 	 	 12.1 	 	 0.1000 	 1.0814 	 0.6701 	 1.5808 	 	 0.4014 	 	 1.0451 	 0.6849 	 1.5202 	 	 0.4290
[2022/05/22 13:31:02] - validation 1.0593 	 0.6730 	 1.5291 	 0.4380
gap 400
[2022/05/22 13:32:18] - 13 	 62.0 	 	 12.1 	 	 0.1000 	 1.0560 	 0.6814 	 1.5616 	 	 0.4100 	 	 1.0590 	 0.6633 	 1.5322 	 	 0.4339
[2022/05/22 13:32:18] - validation 1.0736 	 0.6640 	 1.5449 	 0.4220
gap 400
[2022/05/22 13:33:33] - 14 	 62.0 	 	 12.1 	 	 0.1000 	 1.0400 	 0.6883 	 1.5507 	 	 0.4126 	 	 1.0399 	 0.6708 	 1.5055 	 	 0.4363
[2022/05/22 13:33:33] - validation 1.0600 	 0.6650 	 1.5233 	 0.4470
gap 400
[2022/05/22 13:34:49] - 15 	 62.0 	 	 12.1 	 	 0.1000 	 1.0261 	 0.6952 	 1.5423 	 	 0.4181 	 	 1.0056 	 0.6816 	 1.5286 	 	 0.4143
[2022/05/22 13:34:49] - validation 1.0154 	 0.6870 	 1.5244 	 0.4200
gap 400
[2022/05/22 13:36:04] - 16 	 62.0 	 	 12.1 	 	 0.1000 	 1.0139 	 0.6996 	 1.5351 	 	 0.4187 	 	 1.0035 	 0.6921 	 1.5158 	 	 0.4307
[2022/05/22 13:36:04] - validation 1.0418 	 0.6750 	 1.5488 	 0.4170
gap 400
[2022/05/22 13:37:20] - 17 	 62.0 	 	 12.1 	 	 0.1000 	 0.9975 	 0.7062 	 1.5226 	 	 0.4268 	 	 1.0193 	 0.6596 	 1.4938 	 	 0.4409
[2022/05/22 13:37:20] - validation 1.0417 	 0.6530 	 1.5196 	 0.4410
gap 400
[2022/05/22 13:38:35] - 18 	 62.0 	 	 12.1 	 	 0.1000 	 0.9847 	 0.7125 	 1.5144 	 	 0.4255 	 	 0.9995 	 0.6900 	 1.4996 	 	 0.4353
[2022/05/22 13:38:35] - validation 1.0284 	 0.6610 	 1.5286 	 0.4310
gap 400
[2022/05/22 13:39:51] - 19 	 62.0 	 	 12.1 	 	 0.1000 	 0.9785 	 0.7138 	 1.5075 	 	 0.4276 	 	 0.9596 	 0.7068 	 1.4724 	 	 0.4529
[2022/05/22 13:39:51] - validation 0.9862 	 0.6850 	 1.4967 	 0.4470
gap 400
[2022/05/22 13:41:06] - 20 	 62.1 	 	 12.1 	 	 0.1000 	 0.9704 	 0.7191 	 1.5021 	 	 0.4313 	 	 0.9868 	 0.6664 	 1.5008 	 	 0.4350
[2022/05/22 13:41:06] - validation 0.9990 	 0.6700 	 1.5093 	 0.4430
gap 400
[2022/05/22 13:42:22] - 21 	 62.1 	 	 12.1 	 	 0.1000 	 0.9616 	 0.7218 	 1.4965 	 	 0.4326 	 	 0.9357 	 0.6954 	 1.4748 	 	 0.4432
[2022/05/22 13:42:22] - validation 0.9698 	 0.6810 	 1.5053 	 0.4520
gap 400
[2022/05/22 13:43:37] - 22 	 62.0 	 	 12.1 	 	 0.1000 	 0.9515 	 0.7256 	 1.4891 	 	 0.4344 	 	 0.9772 	 0.6851 	 1.5035 	 	 0.4343
[2022/05/22 13:43:37] - validation 1.0109 	 0.6690 	 1.5280 	 0.4340
gap 400
[2022/05/22 13:44:53] - 23 	 62.1 	 	 12.1 	 	 0.1000 	 0.9519 	 0.7251 	 1.4878 	 	 0.4355 	 	 0.9556 	 0.7163 	 1.4555 	 	 0.4600
[2022/05/22 13:44:53] - validation 0.9888 	 0.6830 	 1.4905 	 0.4430
gap 400
[2022/05/22 13:46:08] - 24 	 62.0 	 	 12.1 	 	 0.1000 	 0.9379 	 0.7297 	 1.4786 	 	 0.4379 	 	 0.9663 	 0.6968 	 1.4647 	 	 0.4564
[2022/05/22 13:46:08] - validation 0.9959 	 0.6820 	 1.4884 	 0.4550
gap 400
[2022/05/22 13:47:24] - 25 	 62.0 	 	 12.1 	 	 0.1000 	 0.9333 	 0.7339 	 1.4747 	 	 0.4387 	 	 0.9258 	 0.7178 	 1.4824 	 	 0.4417
[2022/05/22 13:47:24] - validation 0.9584 	 0.7030 	 1.5214 	 0.4140
gap 400
[2022/05/22 13:48:39] - 26 	 62.1 	 	 12.1 	 	 0.1000 	 0.9277 	 0.7366 	 1.4698 	 	 0.4414 	 	 0.9767 	 0.6971 	 1.4742 	 	 0.4496
[2022/05/22 13:48:39] - validation 1.0016 	 0.6830 	 1.4967 	 0.4510
gap 400
[2022/05/22 13:49:55] - 27 	 62.0 	 	 12.1 	 	 0.1000 	 0.9260 	 0.7376 	 1.4704 	 	 0.4408 	 	 0.9643 	 0.7128 	 1.4590 	 	 0.4506
[2022/05/22 13:49:55] - validation 0.9861 	 0.7010 	 1.4795 	 0.4550
gap 400
[2022/05/22 13:51:10] - 28 	 62.0 	 	 12.1 	 	 0.1000 	 0.9166 	 0.7414 	 1.4613 	 	 0.4471 	 	 0.9486 	 0.7091 	 1.4630 	 	 0.4537
[2022/05/22 13:51:10] - validation 0.9683 	 0.7080 	 1.4853 	 0.4500
gap 400
[2022/05/22 13:52:25] - 29 	 62.0 	 	 12.1 	 	 0.1000 	 0.9166 	 0.7405 	 1.4624 	 	 0.4442 	 	 0.9039 	 0.7297 	 1.4443 	 	 0.4546
[2022/05/22 13:52:25] - validation 0.9407 	 0.6960 	 1.4864 	 0.4350
gap 400
[2022/05/22 13:53:41] - 30 	 62.1 	 	 12.1 	 	 0.1000 	 0.9057 	 0.7451 	 1.4537 	 	 0.4461 	 	 0.9257 	 0.7260 	 1.4357 	 	 0.4649
[2022/05/22 13:53:41] - validation 0.9433 	 0.7460 	 1.4536 	 0.4690
gap 400
[2022/05/22 13:54:57] - 31 	 62.0 	 	 12.1 	 	 0.1000 	 0.9074 	 0.7445 	 1.4572 	 	 0.4472 	 	 0.9870 	 0.6679 	 1.4925 	 	 0.4334
[2022/05/22 13:54:57] - validation 0.9949 	 0.6590 	 1.4889 	 0.4510
gap 400
[2022/05/22 13:56:12] - 32 	 62.0 	 	 12.1 	 	 0.1000 	 0.9043 	 0.7454 	 1.4545 	 	 0.4467 	 	 0.9337 	 0.7015 	 1.4804 	 	 0.4418
[2022/05/22 13:56:12] - validation 0.9587 	 0.6820 	 1.5100 	 0.4410
gap 400
[2022/05/22 13:57:28] - 33 	 62.0 	 	 12.1 	 	 0.1000 	 0.8962 	 0.7496 	 1.4473 	 	 0.4501 	 	 0.9334 	 0.6983 	 1.4752 	 	 0.4456
[2022/05/22 13:57:28] - validation 0.9626 	 0.6990 	 1.5012 	 0.4440
gap 400
[2022/05/22 13:58:43] - 34 	 62.1 	 	 12.1 	 	 0.1000 	 0.8950 	 0.7489 	 1.4458 	 	 0.4523 	 	 0.8888 	 0.7184 	 1.4949 	 	 0.4372
[2022/05/22 13:58:43] - validation 0.9117 	 0.7010 	 1.5222 	 0.4410
gap 400
[2022/05/22 13:59:58] - 35 	 61.9 	 	 12.1 	 	 0.1000 	 0.8966 	 0.7501 	 1.4487 	 	 0.4475 	 	 0.8945 	 0.7413 	 1.4349 	 	 0.4614
[2022/05/22 13:59:58] - validation 0.9119 	 0.7210 	 1.4424 	 0.4650
gap 400
[2022/05/22 14:01:14] - 36 	 62.0 	 	 12.1 	 	 0.1000 	 0.8828 	 0.7545 	 1.4377 	 	 0.4537 	 	 0.9193 	 0.6907 	 1.4475 	 	 0.4571
[2022/05/22 14:01:14] - validation 0.9253 	 0.6790 	 1.4440 	 0.4570
gap 400
[2022/05/22 14:02:29] - 37 	 62.0 	 	 12.1 	 	 0.1000 	 0.8852 	 0.7553 	 1.4376 	 	 0.4511 	 	 0.9004 	 0.7270 	 1.4281 	 	 0.4611
[2022/05/22 14:02:29] - validation 0.9369 	 0.6950 	 1.4739 	 0.4430
gap 400
[2022/05/22 14:03:45] - 38 	 62.0 	 	 12.1 	 	 0.1000 	 0.8827 	 0.7554 	 1.4379 	 	 0.4527 	 	 0.9065 	 0.7227 	 1.4539 	 	 0.4517
[2022/05/22 14:03:45] - validation 0.9305 	 0.7120 	 1.4817 	 0.4320
gap 400
[2022/05/22 14:05:00] - 39 	 61.9 	 	 12.1 	 	 0.1000 	 0.8787 	 0.7585 	 1.4350 	 	 0.4522 	 	 0.9552 	 0.6809 	 1.4824 	 	 0.4395
[2022/05/22 14:05:00] - validation 0.9717 	 0.6930 	 1.5062 	 0.4340
gap 400
[2022/05/22 14:06:16] - 40 	 62.0 	 	 12.1 	 	 0.1000 	 0.8829 	 0.7545 	 1.4368 	 	 0.4537 	 	 0.9234 	 0.7157 	 1.4580 	 	 0.4632
[2022/05/22 14:06:16] - validation 0.9584 	 0.7130 	 1.4975 	 0.4590
gap 400
[2022/05/22 14:07:31] - 41 	 62.0 	 	 12.1 	 	 0.1000 	 0.8785 	 0.7561 	 1.4354 	 	 0.4527 	 	 0.8906 	 0.7219 	 1.4336 	 	 0.4616
[2022/05/22 14:07:31] - validation 0.9246 	 0.7140 	 1.4689 	 0.4580
gap 400
[2022/05/22 14:08:47] - 42 	 62.0 	 	 12.1 	 	 0.1000 	 0.8731 	 0.7588 	 1.4297 	 	 0.4559 	 	 0.8945 	 0.7174 	 1.4460 	 	 0.4555
[2022/05/22 14:08:47] - validation 0.9211 	 0.7000 	 1.4700 	 0.4430
gap 400
[2022/05/22 14:10:02] - 43 	 62.0 	 	 12.2 	 	 0.1000 	 0.8732 	 0.7595 	 1.4313 	 	 0.4557 	 	 0.8975 	 0.7285 	 1.4433 	 	 0.4601
[2022/05/22 14:10:02] - validation 0.9159 	 0.7220 	 1.4564 	 0.4540
gap 400
[2022/05/22 14:11:18] - 44 	 62.0 	 	 12.1 	 	 0.1000 	 0.8676 	 0.7621 	 1.4269 	 	 0.4561 	 	 0.8854 	 0.7444 	 1.3946 	 	 0.4823
[2022/05/22 14:11:18] - validation 0.9170 	 0.7380 	 1.4252 	 0.4780
gap 400
[2022/05/22 14:12:33] - 45 	 62.0 	 	 12.1 	 	 0.1000 	 0.8629 	 0.7630 	 1.4221 	 	 0.4541 	 	 0.8377 	 0.7407 	 1.4415 	 	 0.4539
[2022/05/22 14:12:33] - validation 0.8606 	 0.7410 	 1.4738 	 0.4420
gap 400
[2022/05/22 14:13:49] - 46 	 62.0 	 	 12.1 	 	 0.1000 	 0.8648 	 0.7625 	 1.4249 	 	 0.4574 	 	 0.9221 	 0.7282 	 1.4537 	 	 0.4599
[2022/05/22 14:13:49] - validation 0.9473 	 0.7020 	 1.4873 	 0.4560
gap 400
[2022/05/22 14:15:04] - 47 	 62.0 	 	 12.1 	 	 0.1000 	 0.8632 	 0.7628 	 1.4219 	 	 0.4588 	 	 0.8636 	 0.7238 	 1.4472 	 	 0.4574
[2022/05/22 14:15:04] - validation 0.8852 	 0.7110 	 1.4499 	 0.4650
gap 400
[2022/05/22 14:16:20] - 48 	 62.0 	 	 12.1 	 	 0.1000 	 0.8627 	 0.7627 	 1.4229 	 	 0.4606 	 	 0.8309 	 0.7411 	 1.4303 	 	 0.4593
[2022/05/22 14:16:20] - validation 0.8608 	 0.7300 	 1.4626 	 0.4440
gap 400
[2022/05/22 14:17:35] - 49 	 62.1 	 	 12.1 	 	 0.1000 	 0.8567 	 0.7673 	 1.4179 	 	 0.4600 	 	 0.8690 	 0.7315 	 1.4180 	 	 0.4698
[2022/05/22 14:17:35] - validation 0.9080 	 0.7200 	 1.4611 	 0.4590
gap 400
[2022/05/22 14:18:51] - 50 	 62.0 	 	 12.1 	 	 0.1000 	 0.8587 	 0.7656 	 1.4222 	 	 0.4574 	 	 0.9038 	 0.7221 	 1.4541 	 	 0.4493
[2022/05/22 14:18:51] - validation 0.9245 	 0.7150 	 1.4609 	 0.4520
gap 400
[2022/05/22 14:20:06] - 51 	 62.0 	 	 12.1 	 	 0.1000 	 0.8535 	 0.7679 	 1.4176 	 	 0.4604 	 	 0.8783 	 0.7432 	 1.4230 	 	 0.4701
[2022/05/22 14:20:06] - validation 0.8903 	 0.7430 	 1.4310 	 0.4600
gap 400
[2022/05/22 14:21:22] - 52 	 62.0 	 	 12.1 	 	 0.1000 	 0.8541 	 0.7671 	 1.4160 	 	 0.4601 	 	 0.8602 	 0.7345 	 1.4401 	 	 0.4535
[2022/05/22 14:21:22] - validation 0.8958 	 0.7060 	 1.4721 	 0.4570
gap 400
[2022/05/22 14:22:37] - 53 	 62.0 	 	 12.1 	 	 0.1000 	 0.8500 	 0.7687 	 1.4138 	 	 0.4625 	 	 0.8735 	 0.7258 	 1.4064 	 	 0.4761
[2022/05/22 14:22:37] - validation 0.9026 	 0.7090 	 1.4256 	 0.4720
gap 400
[2022/05/22 14:23:53] - 54 	 61.9 	 	 12.1 	 	 0.1000 	 0.8554 	 0.7641 	 1.4159 	 	 0.4602 	 	 0.8546 	 0.7382 	 1.4316 	 	 0.4667
[2022/05/22 14:23:53] - validation 0.8860 	 0.7210 	 1.4583 	 0.4480
gap 400
[2022/05/22 14:25:08] - 55 	 62.1 	 	 12.1 	 	 0.1000 	 0.8488 	 0.7690 	 1.4125 	 	 0.4608 	 	 0.8670 	 0.7471 	 1.4226 	 	 0.4669
[2022/05/22 14:25:08] - validation 0.9106 	 0.7270 	 1.4676 	 0.4550
gap 400
[2022/05/22 14:26:24] - 56 	 62.0 	 	 12.1 	 	 0.1000 	 0.8430 	 0.7689 	 1.4066 	 	 0.4642 	 	 0.9093 	 0.7042 	 1.4417 	 	 0.4597
[2022/05/22 14:26:24] - validation 0.9322 	 0.6900 	 1.4603 	 0.4520
gap 400
[2022/05/22 14:27:39] - 57 	 62.0 	 	 12.1 	 	 0.1000 	 0.8478 	 0.7708 	 1.4104 	 	 0.4619 	 	 0.8847 	 0.7238 	 1.4302 	 	 0.4622
[2022/05/22 14:27:39] - validation 0.8970 	 0.7220 	 1.4275 	 0.4700
gap 400
[2022/05/22 14:28:55] - 58 	 62.0 	 	 12.1 	 	 0.1000 	 0.8450 	 0.7696 	 1.4096 	 	 0.4631 	 	 0.8520 	 0.7434 	 1.4100 	 	 0.4738
[2022/05/22 14:28:55] - validation 0.8749 	 0.7220 	 1.4362 	 0.4670
gap 400
[2022/05/22 14:30:10] - 59 	 62.1 	 	 12.1 	 	 0.1000 	 0.8456 	 0.7704 	 1.4114 	 	 0.4604 	 	 0.8212 	 0.7549 	 1.4357 	 	 0.4540
[2022/05/22 14:30:10] - validation 0.8592 	 0.7290 	 1.4739 	 0.4450
gap 400
[2022/05/22 14:31:26] - 60 	 62.0 	 	 12.1 	 	 0.1000 	 0.8437 	 0.7708 	 1.4084 	 	 0.4633 	 	 0.8429 	 0.7498 	 1.4148 	 	 0.4671
[2022/05/22 14:31:26] - validation 0.8740 	 0.7280 	 1.4525 	 0.4600
gap 400
[2022/05/22 14:32:41] - 61 	 62.1 	 	 12.1 	 	 0.1000 	 0.8448 	 0.7693 	 1.4113 	 	 0.4598 	 	 0.9079 	 0.7407 	 1.4452 	 	 0.4639
[2022/05/22 14:32:41] - validation 0.9438 	 0.7220 	 1.4911 	 0.4440
gap 400
[2022/05/22 14:33:57] - 62 	 62.0 	 	 12.1 	 	 0.1000 	 0.8392 	 0.7720 	 1.4040 	 	 0.4626 	 	 0.8824 	 0.7401 	 1.4305 	 	 0.4670
[2022/05/22 14:33:57] - validation 0.9091 	 0.7350 	 1.4602 	 0.4520
gap 400
[2022/05/22 14:35:12] - 63 	 62.0 	 	 12.1 	 	 0.1000 	 0.8423 	 0.7719 	 1.4073 	 	 0.4586 	 	 0.8750 	 0.7430 	 1.4017 	 	 0.4763
[2022/05/22 14:35:12] - validation 0.9035 	 0.7260 	 1.4248 	 0.4620
gap 400
[2022/05/22 14:36:28] - 64 	 62.0 	 	 12.1 	 	 0.1000 	 0.8435 	 0.7728 	 1.4088 	 	 0.4644 	 	 0.8551 	 0.7367 	 1.4224 	 	 0.4676
[2022/05/22 14:36:28] - validation 0.8863 	 0.7260 	 1.4501 	 0.4750
gap 400
[2022/05/22 14:37:43] - 65 	 62.1 	 	 12.1 	 	 0.1000 	 0.8391 	 0.7723 	 1.4024 	 	 0.4637 	 	 0.8648 	 0.7421 	 1.4208 	 	 0.4611
[2022/05/22 14:37:43] - validation 0.8872 	 0.7270 	 1.4366 	 0.4520
gap 400
[2022/05/22 14:38:59] - 66 	 62.1 	 	 12.1 	 	 0.1000 	 0.8366 	 0.7751 	 1.4051 	 	 0.4642 	 	 0.8810 	 0.7373 	 1.4363 	 	 0.4585
[2022/05/22 14:38:59] - validation 0.9079 	 0.7200 	 1.4566 	 0.4470
gap 400
[2022/05/22 14:40:14] - 67 	 61.9 	 	 12.1 	 	 0.1000 	 0.8369 	 0.7744 	 1.4029 	 	 0.4656 	 	 0.8467 	 0.7306 	 1.4293 	 	 0.4649
[2022/05/22 14:40:14] - validation 0.8692 	 0.7380 	 1.4482 	 0.4760
gap 400
[2022/05/22 14:41:30] - 68 	 62.1 	 	 12.1 	 	 0.1000 	 0.8388 	 0.7726 	 1.4060 	 	 0.4649 	 	 0.8995 	 0.7262 	 1.4075 	 	 0.4770
[2022/05/22 14:41:30] - validation 0.9249 	 0.7190 	 1.4374 	 0.4710
gap 400
[2022/05/22 14:42:45] - 69 	 62.1 	 	 12.1 	 	 0.1000 	 0.8381 	 0.7729 	 1.4074 	 	 0.4640 	 	 0.8330 	 0.7562 	 1.4379 	 	 0.4619
[2022/05/22 14:42:45] - validation 0.8555 	 0.7440 	 1.4537 	 0.4460
gap 400
[2022/05/22 14:44:01] - 70 	 62.1 	 	 12.1 	 	 0.1000 	 0.8345 	 0.7743 	 1.4021 	 	 0.4667 	 	 0.8737 	 0.7370 	 1.4372 	 	 0.4631
[2022/05/22 14:44:01] - validation 0.8919 	 0.7330 	 1.4441 	 0.4650
gap 400
[2022/05/22 14:45:16] - 71 	 62.0 	 	 12.1 	 	 0.1000 	 0.8395 	 0.7714 	 1.4069 	 	 0.4643 	 	 0.8044 	 0.7493 	 1.3928 	 	 0.4738
[2022/05/22 14:45:16] - validation 0.8507 	 0.7310 	 1.4369 	 0.4650
gap 400
[2022/05/22 14:46:32] - 72 	 62.1 	 	 12.1 	 	 0.1000 	 0.8314 	 0.7769 	 1.4007 	 	 0.4669 	 	 0.8388 	 0.7393 	 1.4144 	 	 0.4669
[2022/05/22 14:46:32] - validation 0.8640 	 0.7240 	 1.4368 	 0.4760
gap 400
[2022/05/22 14:47:47] - 73 	 62.1 	 	 12.1 	 	 0.1000 	 0.8306 	 0.7783 	 1.3993 	 	 0.4656 	 	 0.8791 	 0.7387 	 1.4256 	 	 0.4661
[2022/05/22 14:47:47] - validation 0.9088 	 0.7180 	 1.4561 	 0.4630
gap 400
[2022/05/22 14:49:03] - 74 	 62.0 	 	 12.1 	 	 0.1000 	 0.8325 	 0.7760 	 1.4033 	 	 0.4664 	 	 0.8837 	 0.7258 	 1.4242 	 	 0.4641
[2022/05/22 14:49:03] - validation 0.9164 	 0.7040 	 1.4586 	 0.4600
gap 400
[2022/05/22 14:50:18] - 75 	 62.0 	 	 12.1 	 	 0.1000 	 0.8325 	 0.7775 	 1.4004 	 	 0.4662 	 	 0.8621 	 0.7406 	 1.4248 	 	 0.4642
[2022/05/22 14:50:18] - validation 0.8795 	 0.7350 	 1.4319 	 0.4590
gap 400
[2022/05/22 14:51:34] - 76 	 62.1 	 	 12.1 	 	 0.1000 	 0.8301 	 0.7781 	 1.3988 	 	 0.4656 	 	 0.8567 	 0.7497 	 1.4276 	 	 0.4586
[2022/05/22 14:51:34] - validation 0.8677 	 0.7500 	 1.4263 	 0.4790
gap 400
[2022/05/22 14:52:49] - 77 	 62.0 	 	 12.1 	 	 0.1000 	 0.8314 	 0.7755 	 1.4007 	 	 0.4644 	 	 0.8464 	 0.7382 	 1.4548 	 	 0.4580
[2022/05/22 14:52:49] - validation 0.8823 	 0.7140 	 1.4905 	 0.4580
gap 400
[2022/05/22 14:54:05] - 78 	 62.1 	 	 12.1 	 	 0.1000 	 0.8287 	 0.7777 	 1.3999 	 	 0.4657 	 	 0.8743 	 0.7373 	 1.4312 	 	 0.4585
[2022/05/22 14:54:05] - validation 0.8903 	 0.7250 	 1.4353 	 0.4630
gap 400
[2022/05/22 14:55:20] - 79 	 62.0 	 	 12.1 	 	 0.1000 	 0.8321 	 0.7745 	 1.3997 	 	 0.4666 	 	 0.8288 	 0.7534 	 1.4027 	 	 0.4738
[2022/05/22 14:55:20] - validation 0.8536 	 0.7430 	 1.4428 	 0.4630
gap 400
[2022/05/22 14:56:36] - 80 	 62.1 	 	 12.1 	 	 0.1000 	 0.8259 	 0.7773 	 1.3931 	 	 0.4663 	 	 0.8544 	 0.7380 	 1.4333 	 	 0.4543
[2022/05/22 14:56:36] - validation 0.8689 	 0.7250 	 1.4360 	 0.4530
gap 400
[2022/05/22 14:57:51] - 81 	 62.0 	 	 12.1 	 	 0.1000 	 0.8259 	 0.7814 	 1.3942 	 	 0.4677 	 	 0.8629 	 0.7442 	 1.4356 	 	 0.4663
[2022/05/22 14:57:51] - validation 0.8820 	 0.7280 	 1.4556 	 0.4510
gap 400
[2022/05/22 14:59:07] - 82 	 62.0 	 	 12.1 	 	 0.1000 	 0.8242 	 0.7800 	 1.3921 	 	 0.4689 	 	 0.8535 	 0.7561 	 1.4464 	 	 0.4593
[2022/05/22 14:59:07] - validation 0.8693 	 0.7550 	 1.4538 	 0.4540
gap 400
[2022/05/22 15:00:22] - 83 	 62.0 	 	 12.1 	 	 0.1000 	 0.8255 	 0.7787 	 1.3955 	 	 0.4684 	 	 0.8556 	 0.7455 	 1.4247 	 	 0.4648
[2022/05/22 15:00:22] - validation 0.8659 	 0.7380 	 1.4211 	 0.4670
gap 400
[2022/05/22 15:01:38] - 84 	 62.1 	 	 12.1 	 	 0.1000 	 0.8230 	 0.7808 	 1.3936 	 	 0.4689 	 	 0.8571 	 0.7439 	 1.3837 	 	 0.4811
[2022/05/22 15:01:38] - validation 0.8728 	 0.7350 	 1.3927 	 0.4920
gap 400
[2022/05/22 15:02:53] - 85 	 62.0 	 	 12.1 	 	 0.1000 	 0.8211 	 0.7811 	 1.3912 	 	 0.4693 	 	 0.8482 	 0.7384 	 1.4303 	 	 0.4568
[2022/05/22 15:02:53] - validation 0.8650 	 0.7290 	 1.4403 	 0.4610
gap 400
[2022/05/22 15:04:09] - 86 	 62.0 	 	 12.1 	 	 0.1000 	 0.8280 	 0.7784 	 1.3980 	 	 0.4662 	 	 0.8588 	 0.7497 	 1.4136 	 	 0.4618
[2022/05/22 15:04:09] - validation 0.8822 	 0.7380 	 1.4347 	 0.4560
gap 400
[2022/05/22 15:05:24] - 87 	 62.0 	 	 12.1 	 	 0.1000 	 0.8220 	 0.7813 	 1.3922 	 	 0.4686 	 	 0.8644 	 0.7247 	 1.4110 	 	 0.4633
[2022/05/22 15:05:24] - validation 0.8839 	 0.7420 	 1.4294 	 0.4610
gap 400
[2022/05/22 15:06:40] - 88 	 62.0 	 	 12.1 	 	 0.1000 	 0.8198 	 0.7812 	 1.3898 	 	 0.4705 	 	 0.8596 	 0.7479 	 1.4388 	 	 0.4617
[2022/05/22 15:06:40] - validation 0.8807 	 0.7370 	 1.4607 	 0.4580
gap 400
[2022/05/22 15:07:55] - 89 	 62.0 	 	 12.1 	 	 0.1000 	 0.8203 	 0.7826 	 1.3933 	 	 0.4675 	 	 0.8619 	 0.7256 	 1.4404 	 	 0.4597
[2022/05/22 15:07:55] - validation 0.8983 	 0.7170 	 1.4844 	 0.4510
gap 400
[2022/05/22 15:09:11] - 90 	 62.1 	 	 12.1 	 	 0.1000 	 0.8203 	 0.7807 	 1.3919 	 	 0.4695 	 	 0.8183 	 0.7370 	 1.3918 	 	 0.4721
[2022/05/22 15:09:11] - validation 0.8452 	 0.7370 	 1.4132 	 0.4740
gap 400
[2022/05/22 15:10:26] - 91 	 62.1 	 	 12.1 	 	 0.1000 	 0.8229 	 0.7808 	 1.3947 	 	 0.4653 	 	 0.8796 	 0.7343 	 1.4270 	 	 0.4682
[2022/05/22 15:10:26] - validation 0.8929 	 0.7260 	 1.4393 	 0.4630
gap 400
[2022/05/22 15:11:42] - 92 	 62.1 	 	 12.1 	 	 0.1000 	 0.8137 	 0.7845 	 1.3859 	 	 0.4686 	 	 0.8989 	 0.7140 	 1.4428 	 	 0.4602
[2022/05/22 15:11:42] - validation 0.9123 	 0.7040 	 1.4486 	 0.4570
gap 400
[2022/05/22 15:12:57] - 93 	 62.0 	 	 12.1 	 	 0.1000 	 0.8237 	 0.7806 	 1.3939 	 	 0.4699 	 	 0.8714 	 0.7497 	 1.4137 	 	 0.4705
[2022/05/22 15:12:57] - validation 0.9036 	 0.7430 	 1.4521 	 0.4570
gap 400
[2022/05/22 15:14:13] - 94 	 62.1 	 	 12.1 	 	 0.1000 	 0.8178 	 0.7822 	 1.3901 	 	 0.4679 	 	 0.8686 	 0.7325 	 1.4257 	 	 0.4676
[2022/05/22 15:14:13] - validation 0.8760 	 0.7370 	 1.4205 	 0.4730
gap 400
[2022/05/22 15:15:28] - 95 	 62.1 	 	 12.1 	 	 0.1000 	 0.8164 	 0.7834 	 1.3891 	 	 0.4714 	 	 0.8353 	 0.7412 	 1.4050 	 	 0.4718
[2022/05/22 15:15:28] - validation 0.8707 	 0.7250 	 1.4449 	 0.4660
gap 400
[2022/05/22 15:16:44] - 96 	 62.0 	 	 12.1 	 	 0.1000 	 0.8178 	 0.7818 	 1.3895 	 	 0.4703 	 	 0.8154 	 0.7622 	 1.4006 	 	 0.4735
[2022/05/22 15:16:44] - validation 0.8411 	 0.7450 	 1.4250 	 0.4620
gap 400
[2022/05/22 15:17:59] - 97 	 62.0 	 	 12.1 	 	 0.1000 	 0.8134 	 0.7828 	 1.3879 	 	 0.4692 	 	 0.8317 	 0.7560 	 1.4023 	 	 0.4738
[2022/05/22 15:17:59] - validation 0.8644 	 0.7380 	 1.4359 	 0.4660
gap 400
[2022/05/22 15:19:15] - 98 	 62.0 	 	 12.1 	 	 0.1000 	 0.8128 	 0.7846 	 1.3859 	 	 0.4711 	 	 0.8863 	 0.7439 	 1.4249 	 	 0.4744
[2022/05/22 15:19:15] - validation 0.9140 	 0.7250 	 1.4458 	 0.4790
gap 400
[2022/05/22 15:20:30] - 99 	 62.0 	 	 12.1 	 	 0.0100 	 0.8115 	 0.7856 	 1.3845 	 	 0.4710 	 	 0.8719 	 0.7300 	 1.4212 	 	 0.4717
[2022/05/22 15:20:30] - validation 0.8908 	 0.7200 	 1.4330 	 0.4740
gap 400
[2022/05/22 15:21:46] - 100 	 62.0 	 	 12.1 	 	 0.0100 	 0.7007 	 0.8180 	 1.1971 	 	 0.5386 	 	 0.6740 	 0.8027 	 1.2511 	 	 0.5264
[2022/05/22 15:21:46] - validation 0.7021 	 0.7830 	 1.2841 	 0.5140
gap 400
[2022/05/22 15:23:01] - 101 	 62.1 	 	 12.1 	 	 0.0100 	 0.6230 	 0.8407 	 1.1317 	 	 0.5573 	 	 0.6322 	 0.8138 	 1.2680 	 	 0.5224
[2022/05/22 15:23:01] - validation 0.6533 	 0.8000 	 1.2843 	 0.5200
gap 400
[2022/05/22 15:24:17] - 102 	 62.0 	 	 12.1 	 	 0.0100 	 0.5970 	 0.8506 	 1.1042 	 	 0.5668 	 	 0.6368 	 0.8141 	 1.2351 	 	 0.5343
[2022/05/22 15:24:17] - validation 0.6681 	 0.8030 	 1.2723 	 0.5120
gap 400
[2022/05/22 15:25:32] - 103 	 62.0 	 	 12.1 	 	 0.0100 	 0.5729 	 0.8569 	 1.0828 	 	 0.5746 	 	 0.6042 	 0.8183 	 1.2578 	 	 0.5215
[2022/05/22 15:25:32] - validation 0.6332 	 0.8120 	 1.2873 	 0.5140
gap 400
val acc 0.812
#####################Optimize weights###################################
i 0 validate robust acc: 0.465 loss 2.1002418355941774
i 1 validate robust acc: 0.523 loss 1.2770520563125611
i 2 validate robust acc: 0.522 loss 1.2765253257751465
i 3 validate robust acc: 0.521 loss 1.2770803728103637
i 4 validate robust acc: 0.52 loss 1.2767851343154908
i 5 validate robust acc: 0.52 loss 1.2767628335952759
i 6 validate robust acc: 0.522 loss 1.2769367847442628
i 7 validate robust acc: 0.522 loss 1.2772692346572876
i 8 validate robust acc: 0.522 loss 1.2768264656066894
i 9 validate robust acc: 0.521 loss 1.276658031463623
variables: tensor([[0.9794],
        [1.0000],
        [1.0000],
        [0.9688]], device='cuda:0')
#####################Optimize weights End###################################
meta adapted robust acc: 0.5326 orginal robust acc: 0.5306 meta adapted clean acc: 0.8219
[2022/05/22 15:27:19] - 104 	 92.9 	 	 12.1 	 	 0.0100 	 0.5560 	 0.8645 	 1.0656 	 	 0.5806 	 	 0.6279 	 0.8132 	 1.2477 	 	 0.5293
[2022/05/22 15:27:19] - validation 0.6435 	 0.7970 	 1.2709 	 0.5240
gap 400
[2022/05/22 15:28:34] - 105 	 62.1 	 	 12.1 	 	 0.0100 	 0.5448 	 0.8679 	 1.0588 	 	 0.5821 	 	 0.6092 	 0.8215 	 1.2504 	 	 0.5283
[2022/05/22 15:28:34] - validation 0.6310 	 0.8140 	 1.2734 	 0.5100
gap 400
[2022/05/22 15:29:50] - 106 	 62.0 	 	 12.1 	 	 0.0100 	 0.5294 	 0.8713 	 1.0424 	 	 0.5881 	 	 0.6214 	 0.8216 	 1.2524 	 	 0.5298
[2022/05/22 15:29:50] - validation 0.6461 	 0.8120 	 1.2810 	 0.5250
gap 400
[2022/05/22 15:31:05] - 107 	 62.1 	 	 12.1 	 	 0.0100 	 0.5169 	 0.8758 	 1.0285 	 	 0.5914 	 	 0.6093 	 0.8243 	 1.2540 	 	 0.5323
[2022/05/22 15:31:05] - validation 0.6413 	 0.8060 	 1.2972 	 0.5250
gap 400
val acc 0.81
#####################Optimize weights###################################
i 0 validate robust acc: 0.463 loss 1.807249620437622
i 1 validate robust acc: 0.518 loss 1.2765968675613404
i 2 validate robust acc: 0.52 loss 1.2762776432037353
i 3 validate robust acc: 0.519 loss 1.2765306491851807
i 4 validate robust acc: 0.519 loss 1.2767698860168457
i 5 validate robust acc: 0.518 loss 1.276310917854309
i 6 validate robust acc: 0.517 loss 1.2770046062469482
i 7 validate robust acc: 0.517 loss 1.2761488742828369
i 8 validate robust acc: 0.519 loss 1.2767821731567384
i 9 validate robust acc: 0.517 loss 1.2765864906311035
variables: tensor([[1.0000],
        [1.0000],
        [1.0000],
        [0.8852]], device='cuda:0')
#####################Optimize weights End###################################
meta adapted robust acc: 0.5325 orginal robust acc: 0.5301 meta adapted clean acc: 0.8281
[2022/05/22 15:32:52] - 108 	 93.0 	 	 12.1 	 	 0.0100 	 0.5054 	 0.8792 	 1.0165 	 	 0.5964 	 	 0.5965 	 0.8272 	 1.2593 	 	 0.5298
[2022/05/22 15:32:52] - validation 0.6239 	 0.8140 	 1.2930 	 0.5170
gap 400
[2022/05/22 15:34:07] - 109 	 62.0 	 	 12.1 	 	 0.0100 	 0.4972 	 0.8826 	 1.0120 	 	 0.5973 	 	 0.5858 	 0.8311 	 1.2680 	 	 0.5239
[2022/05/22 15:34:07] - validation 0.6118 	 0.8110 	 1.3078 	 0.5030
gap 400
[2022/05/22 15:35:23] - 110 	 62.0 	 	 12.1 	 	 0.0100 	 0.4882 	 0.8860 	 1.0025 	 	 0.5995 	 	 0.5823 	 0.8303 	 1.2832 	 	 0.5194
[2022/05/22 15:35:23] - validation 0.6216 	 0.8080 	 1.3381 	 0.5210
gap 400
[2022/05/22 15:36:38] - 111 	 62.1 	 	 12.1 	 	 0.0100 	 0.4797 	 0.8892 	 0.9949 	 	 0.6018 	 	 0.5914 	 0.8223 	 1.2858 	 	 0.5199
[2022/05/22 15:36:38] - validation 0.6186 	 0.8100 	 1.3207 	 0.5150
gap 400
val acc 0.815
#####################Optimize weights###################################
i 0 validate robust acc: 0.464 loss 1.6472315492630005
i 1 validate robust acc: 0.508 loss 1.3190127868652344
i 2 validate robust acc: 0.508 loss 1.3185731801986695
i 3 validate robust acc: 0.505 loss 1.3188508796691893
i 4 validate robust acc: 0.505 loss 1.318876826286316
i 5 validate robust acc: 0.507 loss 1.3183513746261597
i 6 validate robust acc: 0.508 loss 1.3179640407562256
i 7 validate robust acc: 0.506 loss 1.3185215854644776
i 8 validate robust acc: 0.509 loss 1.318499939918518
i 9 validate robust acc: 0.508 loss 1.3186874837875366
variables: tensor([[1.0000],
        [0.9908],
        [1.0000],
        [0.8941]], device='cuda:0')
#####################Optimize weights End###################################
meta adapted robust acc: 0.5252 orginal robust acc: 0.5258 meta adapted clean acc: 0.8322
[2022/05/22 15:38:25] - 112 	 93.0 	 	 12.1 	 	 0.0100 	 0.4681 	 0.8935 	 0.9820 	 	 0.6041 	 	 0.5981 	 0.8217 	 1.2726 	 	 0.5258
[2022/05/22 15:38:25] - validation 0.6332 	 0.8060 	 1.3196 	 0.5160
gap 400
[2022/05/22 15:39:40] - 113 	 62.0 	 	 12.1 	 	 0.0100 	 0.4631 	 0.8943 	 0.9787 	 	 0.6077 	 	 0.5608 	 0.8286 	 1.3104 	 	 0.5212
[2022/05/22 15:39:40] - validation 0.5845 	 0.8210 	 1.3435 	 0.5120
gap 400
[2022/05/22 15:40:56] - 114 	 62.0 	 	 12.1 	 	 0.0100 	 0.4587 	 0.8971 	 0.9768 	 	 0.6076 	 	 0.5971 	 0.8271 	 1.2825 	 	 0.5216
[2022/05/22 15:40:56] - validation 0.6304 	 0.8150 	 1.3175 	 0.5150
gap 400
[2022/05/22 15:42:11] - 115 	 62.0 	 	 12.1 	 	 0.0100 	 0.4490 	 0.8989 	 0.9649 	 	 0.6121 	 	 0.5621 	 0.8358 	 1.2935 	 	 0.5201
[2022/05/22 15:42:11] - validation 0.5942 	 0.8190 	 1.3292 	 0.5110
gap 400
val acc 0.813
#####################Optimize weights###################################
i 0 validate robust acc: 0.488 loss 1.5088467807769776
i 1 validate robust acc: 0.503 loss 1.3448967037200927
i 2 validate robust acc: 0.502 loss 1.3449490423202515
i 3 validate robust acc: 0.501 loss 1.3448689622879029
i 4 validate robust acc: 0.503 loss 1.3446404972076416
i 5 validate robust acc: 0.502 loss 1.3451464729309082
i 6 validate robust acc: 0.503 loss 1.3445435438156128
i 7 validate robust acc: 0.504 loss 1.3449370460510255
i 8 validate robust acc: 0.505 loss 1.345266944885254
i 9 validate robust acc: 0.503 loss 1.3442277660369872
variables: tensor([[1.0000],
        [1.0000],
        [1.0000],
        [0.7494]], device='cuda:0')
#####################Optimize weights End###################################
meta adapted robust acc: 0.532 orginal robust acc: 0.5282 meta adapted clean acc: 0.8353
[2022/05/22 15:43:57] - 116 	 93.0 	 	 12.1 	 	 0.0100 	 0.4384 	 0.9045 	 0.9543 	 	 0.6132 	 	 0.5700 	 0.8303 	 1.2917 	 	 0.5211
[2022/05/22 15:43:57] - validation 0.6005 	 0.8160 	 1.3297 	 0.5030
gap 400
[2022/05/22 15:45:13] - 117 	 62.0 	 	 12.1 	 	 0.0100 	 0.4387 	 0.9034 	 0.9567 	 	 0.6124 	 	 0.5692 	 0.8226 	 1.3282 	 	 0.5123
[2022/05/22 15:45:13] - validation 0.6107 	 0.8070 	 1.3849 	 0.5140
gap 400
[2022/05/22 15:46:28] - 118 	 62.0 	 	 12.1 	 	 0.0100 	 0.4327 	 0.9071 	 0.9522 	 	 0.6117 	 	 0.5821 	 0.8342 	 1.3176 	 	 0.5183
[2022/05/22 15:46:28] - validation 0.6215 	 0.8060 	 1.3694 	 0.4970
gap 400
[2022/05/22 15:47:44] - 119 	 62.0 	 	 12.1 	 	 0.0100 	 0.4294 	 0.9084 	 0.9522 	 	 0.6150 	 	 0.5671 	 0.8330 	 1.3308 	 	 0.5116
[2022/05/22 15:47:44] - validation 0.5990 	 0.8200 	 1.3766 	 0.5060
gap 400
val acc 0.809
#####################Optimize weights###################################
i 0 validate robust acc: 0.487 loss 1.4532503719329835
i 1 validate robust acc: 0.508 loss 1.3312037496566773
i 2 validate robust acc: 0.51 loss 1.332054352760315
i 3 validate robust acc: 0.51 loss 1.3314112758636474
i 4 validate robust acc: 0.508 loss 1.3318045320510865
i 5 validate robust acc: 0.508 loss 1.3316472721099855
i 6 validate robust acc: 0.511 loss 1.3322969512939453
i 7 validate robust acc: 0.51 loss 1.332054479598999
i 8 validate robust acc: 0.51 loss 1.3322597093582154
i 9 validate robust acc: 0.51 loss 1.3314335775375366
variables: tensor([[1.0000],
        [0.9221],
        [0.9652],
        [0.7220]], device='cuda:0')
#####################Optimize weights End###################################
meta adapted robust acc: 0.5299 orginal robust acc: 0.5246 meta adapted clean acc: 0.8344
[2022/05/22 15:49:30] - 120 	 92.9 	 	 12.1 	 	 0.0100 	 0.4195 	 0.9117 	 0.9366 	 	 0.6201 	 	 0.5736 	 0.8248 	 1.3492 	 	 0.5131
[2022/05/22 15:49:30] - validation 0.6127 	 0.8020 	 1.3957 	 0.4960
gap 400
[2022/05/22 15:50:46] - 121 	 62.1 	 	 12.1 	 	 0.0100 	 0.4164 	 0.9117 	 0.9356 	 	 0.6200 	 	 0.6004 	 0.8277 	 1.3202 	 	 0.5113
[2022/05/22 15:50:46] - validation 0.6338 	 0.8170 	 1.3734 	 0.4940
gap 400
[2022/05/22 15:52:01] - 122 	 62.1 	 	 12.1 	 	 0.0100 	 0.4105 	 0.9124 	 0.9320 	 	 0.6201 	 	 0.5782 	 0.8274 	 1.3596 	 	 0.5093
[2022/05/22 15:52:01] - validation 0.6126 	 0.8130 	 1.3862 	 0.5070
gap 400
[2022/05/22 15:53:17] - 123 	 62.0 	 	 12.1 	 	 0.0100 	 0.4091 	 0.9145 	 0.9307 	 	 0.6218 	 	 0.5735 	 0.8377 	 1.3558 	 	 0.5020
[2022/05/22 15:53:17] - validation 0.6050 	 0.8210 	 1.3958 	 0.5010
gap 400
[2022/05/22 15:54:32] - 124 	 62.0 	 	 12.1 	 	 0.0100 	 0.4059 	 0.9139 	 0.9264 	 	 0.6223 	 	 0.5721 	 0.8314 	 1.3446 	 	 0.5115
[2022/05/22 15:54:32] - validation 0.6093 	 0.8160 	 1.3975 	 0.4910
gap 400
val acc 0.806
#####################Optimize weights###################################
i 0 validate robust acc: 0.5 loss 1.4379566555023193
i 1 validate robust acc: 0.526 loss 1.340162530899048
i 2 validate robust acc: 0.525 loss 1.3360608539581298
i 3 validate robust acc: 0.522 loss 1.336635745048523
i 4 validate robust acc: 0.523 loss 1.336280758857727
i 5 validate robust acc: 0.521 loss 1.3365086822509766
i 6 validate robust acc: 0.52 loss 1.3363093929290772
i 7 validate robust acc: 0.52 loss 1.3359142303466798
i 8 validate robust acc: 0.522 loss 1.3362371730804443
i 9 validate robust acc: 0.522 loss 1.3357339468002318
variables: tensor([[0.9412],
        [1.0000],
        [0.7357],
        [0.5179]], device='cuda:0')
#####################Optimize weights End###################################
meta adapted robust acc: 0.5297 orginal robust acc: 0.5287 meta adapted clean acc: 0.8407
[2022/05/22 15:56:19] - 125 	 93.1 	 	 12.1 	 	 0.0100 	 0.3913 	 0.9196 	 0.9055 	 	 0.6290 	 	 0.5669 	 0.8298 	 1.3431 	 	 0.5118
[2022/05/22 15:56:19] - validation 0.6172 	 0.8210 	 1.4058 	 0.4880
gap 400
[2022/05/22 15:57:34] - 126 	 62.1 	 	 12.1 	 	 0.0100 	 0.3946 	 0.9191 	 0.9156 	 	 0.6242 	 	 0.5505 	 0.8370 	 1.3980 	 	 0.4934
[2022/05/22 15:57:34] - validation 0.5947 	 0.8120 	 1.4477 	 0.4690
gap 400
[2022/05/22 15:58:50] - 127 	 62.0 	 	 12.1 	 	 0.0100 	 0.3949 	 0.9180 	 0.9153 	 	 0.6276 	 	 0.5916 	 0.8169 	 1.3660 	 	 0.5070
[2022/05/22 15:58:50] - validation 0.6288 	 0.8130 	 1.4110 	 0.4930
gap 400
[2022/05/22 16:00:06] - 128 	 62.2 	 	 12.1 	 	 0.0100 	 0.3915 	 0.9183 	 0.9136 	 	 0.6264 	 	 0.5588 	 0.8332 	 1.3723 	 	 0.5101
[2022/05/22 16:00:06] - validation 0.5944 	 0.8230 	 1.4199 	 0.5000
gap 400
val acc 0.824
#####################Optimize weights###################################
i 0 validate robust acc: 0.479 loss 1.5035364437103271
i 1 validate robust acc: 0.493 loss 1.4138125257492065
i 2 validate robust acc: 0.489 loss 1.4071415452957152
i 3 validate robust acc: 0.492 loss 1.4061190700531006
i 4 validate robust acc: 0.492 loss 1.4063239135742187
i 5 validate robust acc: 0.49 loss 1.4060740509033203
i 6 validate robust acc: 0.493 loss 1.4067119331359863
i 7 validate robust acc: 0.49 loss 1.4060570554733276
i 8 validate robust acc: 0.494 loss 1.4061523904800415
i 9 validate robust acc: 0.492 loss 1.4065860853195191
variables: tensor([[1.0000],
        [0.8486],
        [0.8417],
        [0.4849]], device='cuda:0')
#####################Optimize weights End###################################
meta adapted robust acc: 0.5259 orginal robust acc: 0.528 meta adapted clean acc: 0.8421
[2022/05/22 16:01:52] - 129 	 93.1 	 	 12.1 	 	 0.0100 	 0.3738 	 0.9255 	 0.8864 	 	 0.6366 	 	 0.5785 	 0.8263 	 1.3840 	 	 0.5042
[2022/05/22 16:01:52] - validation 0.6215 	 0.8160 	 1.4459 	 0.4800
gap 400
[2022/05/22 16:03:08] - 130 	 62.1 	 	 12.1 	 	 0.0100 	 0.3831 	 0.9235 	 0.9043 	 	 0.6288 	 	 0.5822 	 0.8319 	 1.4164 	 	 0.4939
[2022/05/22 16:03:08] - validation 0.5971 	 0.8270 	 1.4204 	 0.4880
gap 400
[2022/05/22 16:04:23] - 131 	 62.1 	 	 12.1 	 	 0.0100 	 0.3805 	 0.9234 	 0.9000 	 	 0.6299 	 	 0.5771 	 0.8232 	 1.3759 	 	 0.5046
[2022/05/22 16:04:23] - validation 0.6005 	 0.8110 	 1.3983 	 0.4990
gap 400
[2022/05/22 16:05:39] - 132 	 62.1 	 	 12.1 	 	 0.0100 	 0.3779 	 0.9246 	 0.9002 	 	 0.6292 	 	 0.5661 	 0.8284 	 1.4009 	 	 0.4930
[2022/05/22 16:05:39] - validation 0.5842 	 0.8110 	 1.4153 	 0.5000
gap 400
val acc 0.809
#####################Optimize weights###################################
i 0 validate robust acc: 0.49 loss 1.4442987480163574
i 1 validate robust acc: 0.512 loss 1.3823478717803954
i 2 validate robust acc: 0.511 loss 1.3797566061019897
i 3 validate robust acc: 0.512 loss 1.3788367433547974
i 4 validate robust acc: 0.512 loss 1.3782262105941772
i 5 validate robust acc: 0.511 loss 1.3783675556182862
i 6 validate robust acc: 0.513 loss 1.3782946519851684
i 7 validate robust acc: 0.51 loss 1.3787675065994263
i 8 validate robust acc: 0.512 loss 1.3783869466781615
i 9 validate robust acc: 0.514 loss 1.3780798740386964
variables: tensor([[0.8253],
        [1.0000],
        [0.5827],
        [0.4918]], device='cuda:0')
#####################Optimize weights End###################################
meta adapted robust acc: 0.5246 orginal robust acc: 0.5311 meta adapted clean acc: 0.8398
[2022/05/22 16:07:25] - 133 	 93.1 	 	 12.1 	 	 0.0100 	 0.3610 	 0.9283 	 0.8711 	 	 0.6404 	 	 0.5788 	 0.8221 	 1.3882 	 	 0.5043
[2022/05/22 16:07:25] - validation 0.6020 	 0.8200 	 1.4237 	 0.5020
gap 400
[2022/05/22 16:08:41] - 134 	 62.0 	 	 12.1 	 	 0.0100 	 0.3698 	 0.9284 	 0.8923 	 	 0.6318 	 	 0.5757 	 0.8243 	 1.3500 	 	 0.5131
[2022/05/22 16:08:41] - validation 0.6075 	 0.8120 	 1.3991 	 0.5090
gap 400
[2022/05/22 16:09:56] - 135 	 62.1 	 	 12.1 	 	 0.0100 	 0.3715 	 0.9269 	 0.8922 	 	 0.6314 	 	 0.5742 	 0.8294 	 1.3507 	 	 0.5101
[2022/05/22 16:09:56] - validation 0.6024 	 0.8210 	 1.3906 	 0.5000
gap 400
[2022/05/22 16:11:12] - 136 	 62.0 	 	 12.1 	 	 0.0100 	 0.3690 	 0.9276 	 0.8922 	 	 0.6314 	 	 0.5697 	 0.8269 	 1.3956 	 	 0.5011
[2022/05/22 16:11:12] - validation 0.6022 	 0.8130 	 1.4355 	 0.4930
gap 400
val acc 0.804
#####################Optimize weights###################################
i 0 validate robust acc: 0.495 loss 1.4287889051437377
i 1 validate robust acc: 0.495 loss 1.387863070487976
i 2 validate robust acc: 0.502 loss 1.3856965188980102
i 3 validate robust acc: 0.503 loss 1.3852053194046021
i 4 validate robust acc: 0.501 loss 1.38460910987854
i 5 validate robust acc: 0.501 loss 1.3857094020843506
i 6 validate robust acc: 0.501 loss 1.3847709951400757
i 7 validate robust acc: 0.503 loss 1.385730969429016
i 8 validate robust acc: 0.504 loss 1.3851917219161987
i 9 validate robust acc: 0.499 loss 1.385019709587097
variables: tensor([[0.8089],
        [0.6439],
        [0.3829],
        [0.2205]], device='cuda:0')
#####################Optimize weights End###################################
meta adapted robust acc: 0.5352 orginal robust acc: 0.5445 meta adapted clean acc: 0.8415
save best meta model at  137
[2022/05/22 16:12:58] - 137 	 93.1 	 	 12.1 	 	 0.0100 	 0.3454 	 0.9346 	 0.8516 	 	 0.6487 	 	 0.5383 	 0.8296 	 1.4108 	 	 0.4991
[2022/05/22 16:12:58] - validation 0.5749 	 0.8120 	 1.4643 	 0.5060
gap 400
[2022/05/22 16:14:14] - 138 	 62.0 	 	 12.1 	 	 0.0100 	 0.3550 	 0.9309 	 0.8765 	 	 0.6375 	 	 0.5704 	 0.8335 	 1.4311 	 	 0.4958
[2022/05/22 16:14:14] - validation 0.5984 	 0.8250 	 1.4750 	 0.4700
gap 400
[2022/05/22 16:15:29] - 139 	 62.0 	 	 12.1 	 	 0.0100 	 0.3629 	 0.9291 	 0.8854 	 	 0.6348 	 	 0.5504 	 0.8298 	 1.4291 	 	 0.4959
[2022/05/22 16:15:29] - validation 0.6093 	 0.8080 	 1.5225 	 0.4730
gap 400
[2022/05/22 16:16:45] - 140 	 62.1 	 	 12.1 	 	 0.0100 	 0.3588 	 0.9324 	 0.8818 	 	 0.6358 	 	 0.5543 	 0.8330 	 1.4149 	 	 0.4955
[2022/05/22 16:16:45] - validation 0.5766 	 0.8300 	 1.4286 	 0.4800
gap 400
val acc 0.826
#####################Optimize weights###################################
i 0 validate robust acc: 0.509 loss 1.3578367977142334
i 1 validate robust acc: 0.517 loss 1.3339242992401124
i 2 validate robust acc: 0.521 loss 1.329136199951172
i 3 validate robust acc: 0.522 loss 1.3277002534866333
i 4 validate robust acc: 0.521 loss 1.3271996612548829
i 5 validate robust acc: 0.521 loss 1.3272083168029785
i 6 validate robust acc: 0.523 loss 1.3271976041793823
i 7 validate robust acc: 0.523 loss 1.326933500289917
i 8 validate robust acc: 0.523 loss 1.3274542903900146
i 9 validate robust acc: 0.521 loss 1.3273331394195558
variables: tensor([[0.7162],
        [0.6041],
        [0.5816],
        [0.0932]], device='cuda:0')
#####################Optimize weights End###################################
meta adapted robust acc: 0.5395 orginal robust acc: 0.557 meta adapted clean acc: 0.8451
save best meta model at  141
[2022/05/22 16:18:31] - 141 	 93.1 	 	 12.1 	 	 0.0100 	 0.3430 	 0.9356 	 0.8481 	 	 0.6481 	 	 0.5466 	 0.8292 	 1.4411 	 	 0.4984
[2022/05/22 16:18:31] - validation 0.5826 	 0.8200 	 1.5007 	 0.4930
gap 400
[2022/05/22 16:19:47] - 142 	 62.0 	 	 12.1 	 	 0.0100 	 0.3462 	 0.9341 	 0.8655 	 	 0.6391 	 	 0.5748 	 0.8231 	 1.4184 	 	 0.5007
[2022/05/22 16:19:47] - validation 0.5924 	 0.8140 	 1.4218 	 0.4990
gap 400
[2022/05/22 16:21:02] - 143 	 62.0 	 	 12.1 	 	 0.0100 	 0.3515 	 0.9332 	 0.8759 	 	 0.6375 	 	 0.5594 	 0.8324 	 1.4383 	 	 0.4878
[2022/05/22 16:21:02] - validation 0.5932 	 0.8150 	 1.4680 	 0.4740
gap 400
[2022/05/22 16:22:18] - 144 	 62.0 	 	 12.1 	 	 0.0100 	 0.3487 	 0.9347 	 0.8725 	 	 0.6370 	 	 0.5424 	 0.8338 	 1.4244 	 	 0.4984
[2022/05/22 16:22:18] - validation 0.5747 	 0.8190 	 1.4702 	 0.4750
gap 400
val acc 0.812
#####################Optimize weights###################################
i 0 validate robust acc: 0.491 loss 1.4092081089019775
i 1 validate robust acc: 0.51 loss 1.380584840774536
i 2 validate robust acc: 0.512 loss 1.377968409538269
i 3 validate robust acc: 0.509 loss 1.3782924365997316
i 4 validate robust acc: 0.511 loss 1.3786255149841309
i 5 validate robust acc: 0.511 loss 1.3787334938049316
i 6 validate robust acc: 0.511 loss 1.3774701862335206
i 7 validate robust acc: 0.511 loss 1.3776977529525758
i 8 validate robust acc: 0.508 loss 1.3773670673370362
i 9 validate robust acc: 0.509 loss 1.3778475484848023
variables: tensor([[0.7461],
        [0.5630],
        [0.3795],
        [0.4004]], device='cuda:0')
#####################Optimize weights End###################################
meta adapted robust acc: 0.5375 orginal robust acc: 0.531 meta adapted clean acc: 0.846
[2022/05/22 16:24:04] - 145 	 93.0 	 	 12.1 	 	 0.0100 	 0.3454 	 0.9367 	 0.8613 	 	 0.6438 	 	 0.5084 	 0.8456 	 1.3945 	 	 0.5125
[2022/05/22 16:24:04] - validation 0.5632 	 0.8280 	 1.4680 	 0.4870
gap 400
[2022/05/22 16:25:20] - 146 	 62.1 	 	 12.1 	 	 0.0100 	 0.3272 	 0.9384 	 0.8351 	 	 0.6522 	 	 0.5603 	 0.8322 	 1.4063 	 	 0.5010
[2022/05/22 16:25:20] - validation 0.5867 	 0.8270 	 1.4458 	 0.4760
gap 400
[2022/05/22 16:26:35] - 147 	 62.1 	 	 12.1 	 	 0.0100 	 0.3422 	 0.9363 	 0.8635 	 	 0.6399 	 	 0.5300 	 0.8324 	 1.4933 	 	 0.4846
[2022/05/22 16:26:35] - validation 0.5890 	 0.8170 	 1.5921 	 0.4510
gap 400
[2022/05/22 16:27:51] - 148 	 62.1 	 	 12.1 	 	 0.0100 	 0.3420 	 0.9357 	 0.8644 	 	 0.6421 	 	 0.5579 	 0.8324 	 1.3948 	 	 0.5048
[2022/05/22 16:27:51] - validation 0.5982 	 0.8090 	 1.4593 	 0.4850
gap 400
[2022/05/22 16:29:06] - 149 	 62.0 	 	 12.1 	 	 0.0010 	 0.3403 	 0.9367 	 0.8642 	 	 0.6383 	 	 0.5572 	 0.8269 	 1.4477 	 	 0.4922
[2022/05/22 16:29:06] - validation 0.5926 	 0.8230 	 1.4878 	 0.4750
gap 400
val acc 0.823
#####################Optimize weights###################################
i 0 validate robust acc: 0.52 loss 1.425251148223877
i 1 validate robust acc: 0.518 loss 1.4232741737365722
i 2 validate robust acc: 0.522 loss 1.4234478721618653
i 3 validate robust acc: 0.524 loss 1.424059651374817
i 4 validate robust acc: 0.522 loss 1.4239700469970704
i 5 validate robust acc: 0.519 loss 1.4235517110824585
i 6 validate robust acc: 0.524 loss 1.423096954345703
i 7 validate robust acc: 0.522 loss 1.424365716934204
i 8 validate robust acc: 0.524 loss 1.424138063430786
i 9 validate robust acc: 0.522 loss 1.4230985841751098
variables: tensor([[0.3072],
        [0.0000],
        [0.1514],
        [0.0996]], device='cuda:0')
#####################Optimize weights End###################################
meta adapted robust acc: 0.539 orginal robust acc: 0.5634 meta adapted clean acc: 0.8438
[2022/05/22 16:30:53] - 150 	 92.9 	 	 12.1 	 	 0.0010 	 0.2965 	 0.9482 	 0.6885 	 	 0.7184 	 	 0.4769 	 0.8501 	 1.4262 	 	 0.5134
[2022/05/22 16:30:53] - validation 0.5254 	 0.8370 	 1.4833 	 0.5050
gap 400
[2022/05/22 16:32:08] - 151 	 62.1 	 	 12.1 	 	 0.0010 	 0.2568 	 0.9561 	 0.6425 	 	 0.7293 	 	 0.4899 	 0.8509 	 1.4487 	 	 0.5074
[2022/05/22 16:32:08] - validation 0.5322 	 0.8300 	 1.4992 	 0.4950
gap 400
[2022/05/22 16:33:24] - 152 	 62.0 	 	 12.1 	 	 0.0010 	 0.2463 	 0.9568 	 0.6312 	 	 0.7317 	 	 0.4978 	 0.8444 	 1.4482 	 	 0.5097
[2022/05/22 16:33:24] - validation 0.5346 	 0.8290 	 1.4909 	 0.4970
gap 400
[2022/05/22 16:34:39] - 153 	 62.0 	 	 12.1 	 	 0.0010 	 0.2385 	 0.9599 	 0.6230 	 	 0.7339 	 	 0.4887 	 0.8504 	 1.4647 	 	 0.5051
[2022/05/22 16:34:39] - validation 0.5290 	 0.8430 	 1.5212 	 0.4960
gap 400
val acc 0.828
#####################Optimize weights###################################
i 0 validate robust acc: 0.522 loss 1.4212519931793213
i 1 validate robust acc: 0.519 loss 1.4212190494537353
i 2 validate robust acc: 0.524 loss 1.4209821271896361
i 3 validate robust acc: 0.521 loss 1.4212603130340575
i 4 validate robust acc: 0.523 loss 1.4207005910873414
i 5 validate robust acc: 0.522 loss 1.4211924295425415
i 6 validate robust acc: 0.521 loss 1.4206666927337646
i 7 validate robust acc: 0.518 loss 1.4217888307571411
i 8 validate robust acc: 0.52 loss 1.4210451068878174
i 9 validate robust acc: 0.522 loss 1.4213424100875856
variables: tensor([[0.],
        [0.],
        [0.],
        [0.]], device='cuda:0')
#####################Optimize weights End###################################
meta adapted robust acc: 0.5391 orginal robust acc: 0.5442 meta adapted clean acc: 0.8437
[2022/05/22 16:36:25] - 154 	 92.8 	 	 12.1 	 	 0.0010 	 0.2744 	 0.9528 	 0.6531 	 	 0.7304 	 	 0.4996 	 0.8516 	 1.3779 	 	 0.5155
[2022/05/22 16:36:25] - validation 0.5364 	 0.8400 	 1.4207 	 0.5110
gap 400
[2022/05/22 16:37:41] - 155 	 62.0 	 	 12.1 	 	 0.0010 	 0.2600 	 0.9540 	 0.6464 	 	 0.7289 	 	 0.4800 	 0.8511 	 1.4649 	 	 0.5046
[2022/05/22 16:37:41] - validation 0.5369 	 0.8390 	 1.5391 	 0.4840
gap 400
[2022/05/22 16:38:56] - 156 	 62.0 	 	 12.1 	 	 0.0010 	 0.2479 	 0.9563 	 0.6320 	 	 0.7316 	 	 0.4916 	 0.8474 	 1.4347 	 	 0.5134
[2022/05/22 16:38:56] - validation 0.5367 	 0.8400 	 1.4992 	 0.4890
gap 400
[2022/05/22 16:40:12] - 157 	 62.0 	 	 12.1 	 	 0.0010 	 0.2392 	 0.9588 	 0.6210 	 	 0.7371 	 	 0.4912 	 0.8493 	 1.4637 	 	 0.5056
[2022/05/22 16:40:12] - validation 0.5324 	 0.8340 	 1.5268 	 0.4810
gap 400
val acc 0.839
#####################Optimize weights###################################
i 0 validate robust acc: 0.52 loss 1.420888243675232
i 1 validate robust acc: 0.521 loss 1.4211110086441041
i 2 validate robust acc: 0.521 loss 1.4213885469436645
i 3 validate robust acc: 0.52 loss 1.4217075395584107
i 4 validate robust acc: 0.522 loss 1.4206320686340332
i 5 validate robust acc: 0.519 loss 1.421708065032959
i 6 validate robust acc: 0.522 loss 1.42146164894104
i 7 validate robust acc: 0.522 loss 1.4215167531967163
i 8 validate robust acc: 0.523 loss 1.4209713163375854
i 9 validate robust acc: 0.521 loss 1.4213527479171753
variables: tensor([[0.],
        [0.],
        [0.],
        [0.]], device='cuda:0')
#####################Optimize weights End###################################
meta adapted robust acc: 0.5393 orginal robust acc: 0.5449 meta adapted clean acc: 0.8437
[2022/05/22 16:41:58] - 158 	 92.9 	 	 12.1 	 	 0.0010 	 0.2668 	 0.9544 	 0.6475 	 	 0.7310 	 	 0.4951 	 0.8424 	 1.4068 	 	 0.5164
[2022/05/22 16:41:58] - validation 0.5401 	 0.8300 	 1.4695 	 0.5160
gap 400
[2022/05/22 16:43:14] - 159 	 62.1 	 	 12.1 	 	 0.0010 	 0.2632 	 0.9542 	 0.6503 	 	 0.7282 	 	 0.4950 	 0.8442 	 1.4105 	 	 0.5151
[2022/05/22 16:43:14] - validation 0.5454 	 0.8340 	 1.4806 	 0.4890
gap 400
[2022/05/22 16:44:30] - 160 	 62.1 	 	 12.1 	 	 0.0010 	 0.2488 	 0.9574 	 0.6351 	 	 0.7308 	 	 0.4887 	 0.8428 	 1.4701 	 	 0.5084
[2022/05/22 16:44:30] - validation 0.5383 	 0.8320 	 1.5510 	 0.4840
gap 400
[2022/05/22 16:45:45] - 161 	 62.0 	 	 12.1 	 	 0.0010 	 0.2395 	 0.9581 	 0.6223 	 	 0.7364 	 	 0.4726 	 0.8517 	 1.4991 	 	 0.5024
[2022/05/22 16:45:45] - validation 0.5213 	 0.8280 	 1.5619 	 0.4860
gap 400
val acc 0.833
#####################Optimize weights###################################
i 0 validate robust acc: 0.52 loss 1.4208353300094605
i 1 validate robust acc: 0.522 loss 1.4210270652770995
i 2 validate robust acc: 0.521 loss 1.4212406482696534
i 3 validate robust acc: 0.52 loss 1.4214173030853272
i 4 validate robust acc: 0.52 loss 1.4212974214553833
i 5 validate robust acc: 0.521 loss 1.4210738010406494
i 6 validate robust acc: 0.522 loss 1.4211432180404664
i 7 validate robust acc: 0.523 loss 1.42111709690094
i 8 validate robust acc: 0.518 loss 1.4209003591537475
i 9 validate robust acc: 0.522 loss 1.4215351762771606
variables: tensor([[0.],
        [0.],
        [0.],
        [0.]], device='cuda:0')
#####################Optimize weights End###################################
meta adapted robust acc: 0.5394 orginal robust acc: 0.5416 meta adapted clean acc: 0.8438
[2022/05/22 16:47:31] - 162 	 92.9 	 	 12.1 	 	 0.0010 	 0.2583 	 0.9567 	 0.6392 	 	 0.7327 	 	 0.5021 	 0.8493 	 1.3519 	 	 0.5228
[2022/05/22 16:47:31] - validation 0.5373 	 0.8370 	 1.3998 	 0.5100
gap 400
[2022/05/22 16:48:47] - 163 	 62.0 	 	 12.1 	 	 0.0010 	 0.2689 	 0.9530 	 0.6553 	 	 0.7279 	 	 0.5103 	 0.8426 	 1.4368 	 	 0.5121
[2022/05/22 16:48:47] - validation 0.5497 	 0.8220 	 1.4956 	 0.4850
gap 400
[2022/05/22 16:50:02] - 164 	 62.1 	 	 12.1 	 	 0.0010 	 0.2521 	 0.9566 	 0.6371 	 	 0.7333 	 	 0.4861 	 0.8507 	 1.4480 	 	 0.5115
[2022/05/22 16:50:02] - validation 0.5233 	 0.8400 	 1.4985 	 0.5030
gap 400
[2022/05/22 16:51:18] - 165 	 62.1 	 	 12.1 	 	 0.0010 	 0.2410 	 0.9589 	 0.6242 	 	 0.7353 	 	 0.4997 	 0.8453 	 1.4405 	 	 0.5111
[2022/05/22 16:51:18] - validation 0.5443 	 0.8320 	 1.5002 	 0.5030
gap 400
val acc 0.832
#####################Optimize weights###################################
i 0 validate robust acc: 0.523 loss 1.4207527256011963
i 1 validate robust acc: 0.519 loss 1.4202509660720826
i 2 validate robust acc: 0.521 loss 1.4211530494689941
i 3 validate robust acc: 0.519 loss 1.4215777597427368
i 4 validate robust acc: 0.522 loss 1.420623960494995
i 5 validate robust acc: 0.52 loss 1.4212891511917114
i 6 validate robust acc: 0.523 loss 1.4215071754455566
i 7 validate robust acc: 0.522 loss 1.4212695636749269
i 8 validate robust acc: 0.521 loss 1.420894368171692
i 9 validate robust acc: 0.523 loss 1.4210602569580078
variables: tensor([[0.],
        [0.],
        [0.],
        [0.]], device='cuda:0')
#####################Optimize weights End###################################
meta adapted robust acc: 0.539 orginal robust acc: 0.5448 meta adapted clean acc: 0.8438
[2022/05/22 16:53:04] - 166 	 93.0 	 	 12.1 	 	 0.0010 	 0.2477 	 0.9574 	 0.6289 	 	 0.7365 	 	 0.5197 	 0.8443 	 1.3253 	 	 0.5286
[2022/05/22 16:53:04] - validation 0.5508 	 0.8250 	 1.3629 	 0.5170
gap 400
[2022/05/22 16:54:20] - 167 	 62.0 	 	 12.1 	 	 0.0010 	 0.2751 	 0.9520 	 0.6609 	 	 0.7260 	 	 0.4879 	 0.8508 	 1.4080 	 	 0.5173
[2022/05/22 16:54:20] - validation 0.5330 	 0.8290 	 1.4643 	 0.5050
gap 400
[2022/05/22 16:55:35] - 168 	 62.0 	 	 12.1 	 	 0.0010 	 0.2544 	 0.9554 	 0.6394 	 	 0.7296 	 	 0.4876 	 0.8483 	 1.4640 	 	 0.5042
[2022/05/22 16:55:35] - validation 0.5282 	 0.8370 	 1.5123 	 0.4950
gap 400
[2022/05/22 16:56:51] - 169 	 62.0 	 	 12.1 	 	 0.0010 	 0.2423 	 0.9592 	 0.6278 	 	 0.7336 	 	 0.4895 	 0.8450 	 1.4753 	 	 0.5095
[2022/05/22 16:56:51] - validation 0.5320 	 0.8340 	 1.5275 	 0.4900
gap 400
[2022/05/22 16:58:06] - 170 	 62.1 	 	 12.1 	 	 0.0010 	 0.2352 	 0.9601 	 0.6176 	 	 0.7377 	 	 0.4821 	 0.8503 	 1.4730 	 	 0.5062
[2022/05/22 16:58:06] - validation 0.5271 	 0.8390 	 1.5216 	 0.4830
gap 400
val acc 0.84
#####################Optimize weights###################################
i 0 validate robust acc: 0.52 loss 1.4213959512710572
i 1 validate robust acc: 0.521 loss 1.420835799217224
i 2 validate robust acc: 0.524 loss 1.4212401418685914
i 3 validate robust acc: 0.521 loss 1.4213920431137086
i 4 validate robust acc: 0.522 loss 1.4208969984054565
i 5 validate robust acc: 0.523 loss 1.421240915298462
i 6 validate robust acc: 0.521 loss 1.4211694641113282
i 7 validate robust acc: 0.521 loss 1.4212040052413941
i 8 validate robust acc: 0.522 loss 1.421139328956604
i 9 validate robust acc: 0.522 loss 1.4212410278320313
variables: tensor([[0.],
        [0.],
        [0.],
        [0.]], device='cuda:0')
#####################Optimize weights End###################################
meta adapted robust acc: 0.5395 orginal robust acc: 0.5428 meta adapted clean acc: 0.8434
[2022/05/22 16:59:53] - 171 	 93.0 	 	 12.1 	 	 0.0010 	 0.2850 	 0.9510 	 0.6686 	 	 0.7241 	 	 0.4818 	 0.8514 	 1.4192 	 	 0.5103
[2022/05/22 16:59:53] - validation 0.5243 	 0.8300 	 1.4719 	 0.4980
gap 400
[2022/05/22 17:01:08] - 172 	 62.1 	 	 12.1 	 	 0.0010 	 0.2554 	 0.9562 	 0.6420 	 	 0.7304 	 	 0.5005 	 0.8444 	 1.4158 	 	 0.5153
[2022/05/22 17:01:08] - validation 0.5434 	 0.8210 	 1.4704 	 0.5040
gap 400
[2022/05/22 17:02:24] - 173 	 62.1 	 	 12.1 	 	 0.0010 	 0.2435 	 0.9579 	 0.6288 	 	 0.7329 	 	 0.4881 	 0.8490 	 1.5019 	 	 0.5008
[2022/05/22 17:02:24] - validation 0.5377 	 0.8270 	 1.5724 	 0.4920
gap 400
[2022/05/22 17:03:39] - 174 	 62.1 	 	 12.1 	 	 0.0010 	 0.2379 	 0.9600 	 0.6187 	 	 0.7390 	 	 0.4899 	 0.8477 	 1.4620 	 	 0.5060
[2022/05/22 17:03:39] - validation 0.5419 	 0.8280 	 1.5266 	 0.4950
gap 400
val acc 0.827
#####################Optimize weights###################################
i 0 validate robust acc: 0.524 loss 1.4211189222335816
i 1 validate robust acc: 0.522 loss 1.4213652687072753
i 2 validate robust acc: 0.52 loss 1.4220859832763673
i 3 validate robust acc: 0.522 loss 1.4214831285476686
i 4 validate robust acc: 0.52 loss 1.4211934366226195
i 5 validate robust acc: 0.523 loss 1.4213580656051636
i 6 validate robust acc: 0.522 loss 1.4213243885040283
i 7 validate robust acc: 0.519 loss 1.4213451986312866
i 8 validate robust acc: 0.522 loss 1.42072847366333
i 9 validate robust acc: 0.522 loss 1.4209697017669678
variables: tensor([[0.],
        [0.],
        [0.],
        [0.]], device='cuda:0')
#####################Optimize weights End###################################
meta adapted robust acc: 0.5393 orginal robust acc: 0.5464 meta adapted clean acc: 0.8438
[2022/05/22 17:05:26] - 175 	 93.0 	 	 12.1 	 	 0.0010 	 0.2777 	 0.9517 	 0.6604 	 	 0.7282 	 	 0.4994 	 0.8467 	 1.3958 	 	 0.5149
[2022/05/22 17:05:26] - validation 0.5369 	 0.8300 	 1.4509 	 0.5020
gap 400
[2022/05/22 17:06:41] - 176 	 62.0 	 	 12.1 	 	 0.0010 	 0.2585 	 0.9545 	 0.6452 	 	 0.7280 	 	 0.4775 	 0.8539 	 1.4767 	 	 0.5045
[2022/05/22 17:06:41] - validation 0.5298 	 0.8400 	 1.5483 	 0.4800
gap 400
[2022/05/22 17:07:57] - 177 	 62.1 	 	 12.1 	 	 0.0010 	 0.2480 	 0.9555 	 0.6337 	 	 0.7316 	 	 0.4809 	 0.8508 	 1.4625 	 	 0.5109
[2022/05/22 17:07:57] - validation 0.5303 	 0.8340 	 1.5273 	 0.4940
gap 400
[2022/05/22 17:09:12] - 178 	 62.1 	 	 12.1 	 	 0.0010 	 0.2382 	 0.9590 	 0.6210 	 	 0.7358 	 	 0.4774 	 0.8490 	 1.5008 	 	 0.5042
[2022/05/22 17:09:12] - validation 0.5251 	 0.8390 	 1.5534 	 0.5000
gap 400
val acc 0.834
#####################Optimize weights###################################
i 0 validate robust acc: 0.524 loss 1.4208345613479614
i 1 validate robust acc: 0.52 loss 1.4212630958557129
i 2 validate robust acc: 0.52 loss 1.4211966094970703
i 3 validate robust acc: 0.521 loss 1.4210794515609741
i 4 validate robust acc: 0.523 loss 1.4210425901412964
i 5 validate robust acc: 0.521 loss 1.4209508609771728
i 6 validate robust acc: 0.521 loss 1.421155818939209
i 7 validate robust acc: 0.521 loss 1.4207534761428833
i 8 validate robust acc: 0.523 loss 1.4210747661590577
i 9 validate robust acc: 0.522 loss 1.4213482065200806
variables: tensor([[0.],
        [0.],
        [0.],
        [0.]], device='cuda:0')
#####################Optimize weights End###################################
meta adapted robust acc: 0.5389 orginal robust acc: 0.5437 meta adapted clean acc: 0.8439
[2022/05/22 17:10:59] - 179 	 93.0 	 	 12.1 	 	 0.0010 	 0.2721 	 0.9521 	 0.6521 	 	 0.7315 	 	 0.4848 	 0.8511 	 1.4033 	 	 0.5147
[2022/05/22 17:10:59] - validation 0.5279 	 0.8310 	 1.4587 	 0.5030
gap 400
[2022/05/22 17:12:14] - 180 	 62.1 	 	 12.1 	 	 0.0010 	 0.2616 	 0.9543 	 0.6474 	 	 0.7295 	 	 0.4840 	 0.8495 	 1.4357 	 	 0.5127
[2022/05/22 17:12:14] - validation 0.5344 	 0.8350 	 1.5019 	 0.4940
gap 400
[2022/05/22 17:13:30] - 181 	 62.1 	 	 12.1 	 	 0.0010 	 0.2475 	 0.9561 	 0.6330 	 	 0.7325 	 	 0.4745 	 0.8491 	 1.5230 	 	 0.4982
[2022/05/22 17:13:30] - validation 0.5229 	 0.8360 	 1.5898 	 0.4790
gap 400
[2022/05/22 17:14:45] - 182 	 62.1 	 	 12.1 	 	 0.0010 	 0.2384 	 0.9592 	 0.6226 	 	 0.7343 	 	 0.4847 	 0.8514 	 1.4828 	 	 0.5064
[2022/05/22 17:14:45] - validation 0.5245 	 0.8350 	 1.5341 	 0.4810
gap 400
val acc 0.836
#####################Optimize weights###################################
i 0 validate robust acc: 0.523 loss 1.4216563138961793
i 1 validate robust acc: 0.52 loss 1.4205054874420167
i 2 validate robust acc: 0.522 loss 1.4219419527053834
i 3 validate robust acc: 0.521 loss 1.4213614625930786
i 4 validate robust acc: 0.521 loss 1.420781268119812
i 5 validate robust acc: 0.523 loss 1.4207051849365235
i 6 validate robust acc: 0.519 loss 1.42128213596344
i 7 validate robust acc: 0.519 loss 1.4216454935073852
i 8 validate robust acc: 0.519 loss 1.4215947389602661
i 9 validate robust acc: 0.523 loss 1.4210062713623046
variables: tensor([[0.],
        [0.],
        [0.],
        [0.]], device='cuda:0')
#####################Optimize weights End###################################
meta adapted robust acc: 0.5383 orginal robust acc: 0.5417 meta adapted clean acc: 0.8437
[2022/05/22 17:16:32] - 183 	 93.0 	 	 12.1 	 	 0.0010 	 0.2633 	 0.9556 	 0.6422 	 	 0.7317 	 	 0.4848 	 0.8478 	 1.4203 	 	 0.5102
[2022/05/22 17:16:32] - validation 0.5298 	 0.8390 	 1.4808 	 0.4970
gap 400
[2022/05/22 17:17:47] - 184 	 62.0 	 	 12.1 	 	 0.0010 	 0.2657 	 0.9545 	 0.6525 	 	 0.7275 	 	 0.4985 	 0.8456 	 1.4038 	 	 0.5165
[2022/05/22 17:17:47] - validation 0.5460 	 0.8270 	 1.4752 	 0.4970
gap 400
[2022/05/22 17:19:03] - 185 	 62.1 	 	 12.1 	 	 0.0010 	 0.2509 	 0.9561 	 0.6362 	 	 0.7323 	 	 0.4826 	 0.8521 	 1.4539 	 	 0.5082
[2022/05/22 17:19:03] - validation 0.5201 	 0.8340 	 1.5013 	 0.5000
gap 400
[2022/05/22 17:20:18] - 186 	 62.1 	 	 12.1 	 	 0.0010 	 0.2411 	 0.9579 	 0.6243 	 	 0.7361 	 	 0.4667 	 0.8521 	 1.5545 	 	 0.4942
[2022/05/22 17:20:18] - validation 0.5074 	 0.8380 	 1.6009 	 0.4810
gap 400
val acc 0.844
#####################Optimize weights###################################
i 0 validate robust acc: 0.523 loss 1.4209169645309447
i 1 validate robust acc: 0.522 loss 1.4203987979888917
i 2 validate robust acc: 0.521 loss 1.4215732021331786
i 3 validate robust acc: 0.521 loss 1.4215483837127685
i 4 validate robust acc: 0.519 loss 1.4216758975982666
i 5 validate robust acc: 0.522 loss 1.4203740367889404
i 6 validate robust acc: 0.523 loss 1.42104909992218
i 7 validate robust acc: 0.522 loss 1.4213750944137573
i 8 validate robust acc: 0.522 loss 1.420688416481018
i 9 validate robust acc: 0.521 loss 1.4206858415603638
variables: tensor([[0.],
        [0.],
        [0.],
        [0.]], device='cuda:0')
#####################Optimize weights End###################################
meta adapted robust acc: 0.5394 orginal robust acc: 0.5438 meta adapted clean acc: 0.8439
[2022/05/22 17:22:05] - 187 	 93.0 	 	 12.1 	 	 0.0010 	 0.2560 	 0.9559 	 0.6378 	 	 0.7335 	 	 0.5112 	 0.8460 	 1.3361 	 	 0.5296
[2022/05/22 17:22:05] - validation 0.5459 	 0.8280 	 1.3867 	 0.5200
gap 400
[2022/05/22 17:23:20] - 188 	 62.0 	 	 12.1 	 	 0.0010 	 0.2716 	 0.9523 	 0.6597 	 	 0.7266 	 	 0.4939 	 0.8505 	 1.4242 	 	 0.5128
[2022/05/22 17:23:20] - validation 0.5391 	 0.8400 	 1.4795 	 0.4900
gap 400
[2022/05/22 17:24:36] - 189 	 62.0 	 	 12.1 	 	 0.0010 	 0.2521 	 0.9552 	 0.6390 	 	 0.7293 	 	 0.4951 	 0.8472 	 1.4565 	 	 0.5078
[2022/05/22 17:24:36] - validation 0.5364 	 0.8330 	 1.5267 	 0.4840
gap 400
[2022/05/22 17:25:51] - 190 	 62.0 	 	 12.1 	 	 0.0010 	 0.2419 	 0.9590 	 0.6248 	 	 0.7344 	 	 0.4852 	 0.8534 	 1.4681 	 	 0.5036
[2022/05/22 17:25:51] - validation 0.5197 	 0.8320 	 1.5070 	 0.4780
gap 400
val acc 0.825
#####################Optimize weights###################################
i 0 validate robust acc: 0.521 loss 1.420511185646057
i 1 validate robust acc: 0.52 loss 1.4208119611740113
i 2 validate robust acc: 0.521 loss 1.4214046926498414
i 3 validate robust acc: 0.517 loss 1.421267120361328
i 4 validate robust acc: 0.522 loss 1.421013370513916
i 5 validate robust acc: 0.519 loss 1.4205619535446168
i 6 validate robust acc: 0.52 loss 1.4209193391799926
i 7 validate robust acc: 0.523 loss 1.4208270092010498
i 8 validate robust acc: 0.523 loss 1.4210968494415284
i 9 validate robust acc: 0.522 loss 1.4204726543426514
variables: tensor([[0.],
        [0.],
        [0.],
        [0.]], device='cuda:0')
#####################Optimize weights End###################################
meta adapted robust acc: 0.5387 orginal robust acc: 0.5448 meta adapted clean acc: 0.8434
[2022/05/22 17:27:38] - 191 	 92.9 	 	 12.1 	 	 0.0010 	 0.2435 	 0.9575 	 0.6235 	 	 0.7373 	 	 0.5149 	 0.8435 	 1.3132 	 	 0.5319
[2022/05/22 17:27:38] - validation 0.5563 	 0.8300 	 1.3718 	 0.5190
gap 400
[2022/05/22 17:28:53] - 192 	 62.0 	 	 12.1 	 	 0.0010 	 0.2790 	 0.9525 	 0.6636 	 	 0.7256 	 	 0.4853 	 0.8507 	 1.4696 	 	 0.5062
[2022/05/22 17:28:53] - validation 0.5345 	 0.8440 	 1.5236 	 0.4860
gap 400
[2022/05/22 17:30:09] - 193 	 62.0 	 	 12.1 	 	 0.0010 	 0.2541 	 0.9557 	 0.6406 	 	 0.7306 	 	 0.5011 	 0.8436 	 1.4031 	 	 0.5159
[2022/05/22 17:30:09] - validation 0.5378 	 0.8300 	 1.4572 	 0.5090
gap 400
[2022/05/22 17:31:24] - 194 	 62.1 	 	 12.1 	 	 0.0010 	 0.2444 	 0.9572 	 0.6300 	 	 0.7336 	 	 0.4886 	 0.8469 	 1.4812 	 	 0.5061
[2022/05/22 17:31:24] - validation 0.5360 	 0.8310 	 1.5479 	 0.4800
gap 400
[2022/05/22 17:32:40] - 195 	 62.0 	 	 12.1 	 	 0.0010 	 0.2349 	 0.9599 	 0.6170 	 	 0.7356 	 	 0.4916 	 0.8464 	 1.4629 	 	 0.5115
[2022/05/22 17:32:40] - validation 0.5338 	 0.8300 	 1.5241 	 0.5000
gap 400
val acc 0.833
#####################Optimize weights###################################
i 0 validate robust acc: 0.523 loss 1.421284725189209
i 1 validate robust acc: 0.52 loss 1.4213855628967285
i 2 validate robust acc: 0.521 loss 1.4211406850814818
i 3 validate robust acc: 0.522 loss 1.4219060792922973
i 4 validate robust acc: 0.519 loss 1.4209496488571167
i 5 validate robust acc: 0.521 loss 1.4215014305114746
i 6 validate robust acc: 0.52 loss 1.4217919750213623
i 7 validate robust acc: 0.521 loss 1.4208765563964845
i 8 validate robust acc: 0.522 loss 1.4213435525894165
i 9 validate robust acc: 0.523 loss 1.421317840576172
variables: tensor([[0.],
        [0.],
        [0.],
        [0.]], device='cuda:0')
#####################Optimize weights End###################################
meta adapted robust acc: 0.5386 orginal robust acc: 0.5431 meta adapted clean acc: 0.8435
[2022/05/22 17:34:26] - 196 	 93.0 	 	 12.1 	 	 0.0010 	 0.2821 	 0.9503 	 0.6642 	 	 0.7271 	 	 0.4857 	 0.8500 	 1.4399 	 	 0.5088
[2022/05/22 17:34:26] - validation 0.5262 	 0.8330 	 1.5002 	 0.4880
gap 400
[2022/05/22 17:35:42] - 197 	 62.1 	 	 12.1 	 	 0.0010 	 0.2575 	 0.9551 	 0.6447 	 	 0.7301 	 	 0.4846 	 0.8509 	 1.4542 	 	 0.5094
[2022/05/22 17:35:42] - validation 0.5306 	 0.8410 	 1.5191 	 0.4930
gap 400
[2022/05/22 17:36:57] - 198 	 62.0 	 	 12.1 	 	 0.0010 	 0.2442 	 0.9590 	 0.6293 	 	 0.7319 	 	 0.4772 	 0.8501 	 1.4710 	 	 0.5077
[2022/05/22 17:36:57] - validation 0.5244 	 0.8360 	 1.5367 	 0.4980
gap 400
[2022/05/22 17:38:13] - 199 	 62.1 	 	 12.1 	 	 0.0010 	 0.2372 	 0.9594 	 0.6200 	 	 0.7372 	 	 0.4875 	 0.8493 	 1.4738 	 	 0.5048
[2022/05/22 17:38:13] - validation 0.5338 	 0.8340 	 1.5362 	 0.4900

JOB STATISTICS
==============
Job ID: 987398
Cluster: snellius
User/Group: shiweil/shiweil
State: RUNNING
Nodes: 1
Cores per node: 10
CPU Utilized: 00:00:00
CPU Efficiency: 0.00% of 1-19:59:00 core-walltime
Job Wall-clock time: 04:23:54
Memory Utilized: 0.00 MB (estimated maximum)
Memory Efficiency: 0.00% of 68.36 GB (6.84 GB/core)
WARNING: Efficiency statistics may be misleading for RUNNING jobs.
