[2022/05/22 13:14:38] - Namespace(MetaStartEpoch=100, attack='pgd', attack_iters=10, batch_size=128, chkpt_iters=10, cutout=False, cutout_len=None, data_dir='../cifar-data', dataset='cifar10', epochs=200, epsilon=8, eval=False, fgsm_alpha=1.25, fgsm_init='random', file_name=None, fname='cifar_model', gap=400, half=False, initialize_type='zero', l1=0, l2=0, layer_wise=6, lr_drop_epoch=100, lr_max=0.1, lr_one_drop=0.01, lr_schedule='piecewise', mixup=False, mixup_alpha=None, model='PreActResNet18', norm='l_inf', num_gaps=4, pgd_alpha=2, reinitialize=1, repeat=6, restarts=1, resume=0, seed=0, times=1, train_mode_epoch=150, val=True, width_factor=10)
[2022/05/22 13:14:40] - Epoch 	 Train Time 	 Test Time 	 LR 	 	 Train Loss 	 Train Acc 	 Train Robust Loss 	 Train Robust Acc 	 Test Loss 	 Test Acc 	 Test Robust Loss 	 Test Robust Acc
dicts {'module.conv1.weight': 0, 'module.layer1.0.bn1.weight': 1, 'module.layer1.0.bn1.bias': 1, 'module.layer1.0.conv1.weight': 1, 'module.layer1.0.bn2.weight': 1, 'module.layer1.0.bn2.bias': 1, 'module.layer1.0.conv2.weight': 1, 'module.layer1.1.bn1.weight': 1, 'module.layer1.1.bn1.bias': 1, 'module.layer1.1.conv1.weight': 1, 'module.layer1.1.bn2.weight': 1, 'module.layer1.1.bn2.bias': 1, 'module.layer1.1.conv2.weight': 1, 'module.layer2.0.bn1.weight': 2, 'module.layer2.0.bn1.bias': 2, 'module.layer2.0.conv1.weight': 2, 'module.layer2.0.bn2.weight': 2, 'module.layer2.0.bn2.bias': 2, 'module.layer2.0.conv2.weight': 2, 'module.layer2.0.shortcut.0.weight': 2, 'module.layer2.1.bn1.weight': 2, 'module.layer2.1.bn1.bias': 2, 'module.layer2.1.conv1.weight': 2, 'module.layer2.1.bn2.weight': 2, 'module.layer2.1.bn2.bias': 2, 'module.layer2.1.conv2.weight': 2, 'module.layer3.0.bn1.weight': 3, 'module.layer3.0.bn1.bias': 3, 'module.layer3.0.conv1.weight': 3, 'module.layer3.0.bn2.weight': 3, 'module.layer3.0.bn2.bias': 3, 'module.layer3.0.conv2.weight': 3, 'module.layer3.0.shortcut.0.weight': 3, 'module.layer3.1.bn1.weight': 3, 'module.layer3.1.bn1.bias': 3, 'module.layer3.1.conv1.weight': 3, 'module.layer3.1.bn2.weight': 3, 'module.layer3.1.bn2.bias': 3, 'module.layer3.1.conv2.weight': 3, 'module.layer4.0.bn1.weight': 4, 'module.layer4.0.bn1.bias': 4, 'module.layer4.0.conv1.weight': 4, 'module.layer4.0.bn2.weight': 4, 'module.layer4.0.bn2.bias': 4, 'module.layer4.0.conv2.weight': 4, 'module.layer4.0.shortcut.0.weight': 4, 'module.layer4.1.bn1.weight': 4, 'module.layer4.1.bn1.bias': 4, 'module.layer4.1.conv1.weight': 4, 'module.layer4.1.bn2.weight': 4, 'module.layer4.1.bn2.bias': 4, 'module.layer4.1.conv2.weight': 4, 'module.bn.weight': 5, 'module.bn.bias': 5, 'module.linear.weight': 5, 'module.linear.bias': 5}
gap 400
[2022/05/22 13:15:56] - 0 	 63.4 	 	 12.1 	 	 0.1000 	 1.9795 	 0.2751 	 2.1726 	 	 0.1924 	 	 1.8291 	 0.3473 	 2.0243 	 	 0.2484
[2022/05/22 13:15:56] - validation 1.8352 	 0.3470 	 2.0309 	 0.2520
gap 400
[2022/05/22 13:17:12] - 1 	 61.8 	 	 12.1 	 	 0.1000 	 1.7198 	 0.3799 	 1.9866 	 	 0.2552 	 	 1.6479 	 0.4234 	 1.8989 	 	 0.2867
[2022/05/22 13:17:12] - validation 1.6498 	 0.4280 	 1.8990 	 0.2860
gap 400
[2022/05/22 13:18:27] - 2 	 61.8 	 	 12.1 	 	 0.1000 	 1.5925 	 0.4337 	 1.9057 	 	 0.2863 	 	 1.5189 	 0.4817 	 1.8144 	 	 0.3173
[2022/05/22 13:18:27] - validation 1.5140 	 0.4810 	 1.8081 	 0.3260
gap 400
[2022/05/22 13:19:42] - 3 	 61.8 	 	 12.1 	 	 0.1000 	 1.4897 	 0.4827 	 1.8434 	 	 0.3060 	 	 1.4021 	 0.5014 	 1.7376 	 	 0.3463
[2022/05/22 13:19:42] - validation 1.4003 	 0.5210 	 1.7402 	 0.3660
gap 400
[2022/05/22 13:20:57] - 4 	 61.8 	 	 12.1 	 	 0.1000 	 1.3988 	 0.5275 	 1.7850 	 	 0.3252 	 	 1.3676 	 0.5365 	 1.7297 	 	 0.3443
[2022/05/22 13:20:57] - validation 1.3621 	 0.5370 	 1.7199 	 0.3490
gap 400
[2022/05/22 13:22:12] - 5 	 61.8 	 	 12.1 	 	 0.1000 	 1.3324 	 0.5571 	 1.7424 	 	 0.3422 	 	 1.2728 	 0.5902 	 1.6723 	 	 0.3789
[2022/05/22 13:22:12] - validation 1.2729 	 0.5900 	 1.6686 	 0.3900
gap 400
[2022/05/22 13:23:28] - 6 	 61.8 	 	 12.1 	 	 0.1000 	 1.2685 	 0.5876 	 1.7016 	 	 0.3578 	 	 1.2188 	 0.5853 	 1.6406 	 	 0.3815
[2022/05/22 13:23:28] - validation 1.2332 	 0.5910 	 1.6492 	 0.3840
gap 400
[2022/05/22 13:24:43] - 7 	 61.9 	 	 12.1 	 	 0.1000 	 1.2242 	 0.6059 	 1.6737 	 	 0.3651 	 	 1.1999 	 0.6187 	 1.6081 	 	 0.4020
[2022/05/22 13:24:43] - validation 1.2190 	 0.6060 	 1.6239 	 0.4100
gap 400
[2022/05/22 13:25:58] - 8 	 61.9 	 	 12.1 	 	 0.1000 	 1.1817 	 0.6268 	 1.6451 	 	 0.3765 	 	 1.1183 	 0.6412 	 1.5933 	 	 0.3923
[2022/05/22 13:25:58] - validation 1.1322 	 0.6220 	 1.6103 	 0.4020
gap 400
[2022/05/22 13:27:14] - 9 	 62.0 	 	 12.1 	 	 0.1000 	 1.1452 	 0.6439 	 1.6220 	 	 0.3856 	 	 1.1031 	 0.6450 	 1.5562 	 	 0.4187
[2022/05/22 13:27:14] - validation 1.1214 	 0.6300 	 1.5696 	 0.4130
gap 400
[2022/05/22 13:28:29] - 10 	 61.9 	 	 12.1 	 	 0.1000 	 1.1203 	 0.6531 	 1.6054 	 	 0.3923 	 	 1.1092 	 0.6529 	 1.5531 	 	 0.4263
[2022/05/22 13:28:29] - validation 1.1262 	 0.6380 	 1.5627 	 0.4260
gap 400
[2022/05/22 13:29:44] - 11 	 61.8 	 	 12.1 	 	 0.1000 	 1.0949 	 0.6636 	 1.5885 	 	 0.3976 	 	 1.0603 	 0.6386 	 1.5502 	 	 0.4192
[2022/05/22 13:29:44] - validation 1.0734 	 0.6370 	 1.5609 	 0.4160
gap 400
[2022/05/22 13:31:00] - 12 	 61.8 	 	 12.1 	 	 0.1000 	 1.0811 	 0.6706 	 1.5800 	 	 0.4036 	 	 1.0435 	 0.6864 	 1.5131 	 	 0.4311
[2022/05/22 13:31:00] - validation 1.0622 	 0.6710 	 1.5290 	 0.4270
gap 400
[2022/05/22 13:32:15] - 13 	 61.9 	 	 12.1 	 	 0.1000 	 1.0561 	 0.6813 	 1.5614 	 	 0.4096 	 	 1.0755 	 0.6566 	 1.5385 	 	 0.4335
[2022/05/22 13:32:15] - validation 1.0867 	 0.6590 	 1.5494 	 0.4250
gap 400
[2022/05/22 13:33:30] - 14 	 61.8 	 	 12.1 	 	 0.1000 	 1.0407 	 0.6872 	 1.5506 	 	 0.4120 	 	 1.0353 	 0.6754 	 1.4949 	 	 0.4431
[2022/05/22 13:33:30] - validation 1.0585 	 0.6600 	 1.5178 	 0.4430
gap 400
[2022/05/22 13:34:45] - 15 	 61.8 	 	 12.1 	 	 0.1000 	 1.0274 	 0.6950 	 1.5420 	 	 0.4176 	 	 1.0065 	 0.6808 	 1.5309 	 	 0.4135
[2022/05/22 13:34:45] - validation 1.0262 	 0.6660 	 1.5484 	 0.4120
gap 400
[2022/05/22 13:36:00] - 16 	 61.8 	 	 12.1 	 	 0.1000 	 1.0142 	 0.6986 	 1.5344 	 	 0.4184 	 	 1.0168 	 0.6857 	 1.5232 	 	 0.4221
[2022/05/22 13:36:00] - validation 1.0542 	 0.6600 	 1.5577 	 0.4000
gap 400
[2022/05/22 13:37:16] - 17 	 61.8 	 	 12.1 	 	 0.1000 	 0.9986 	 0.7062 	 1.5229 	 	 0.4272 	 	 0.9986 	 0.6696 	 1.4823 	 	 0.4444
[2022/05/22 13:37:16] - validation 1.0239 	 0.6540 	 1.5112 	 0.4410
gap 400
[2022/05/22 13:38:31] - 18 	 61.8 	 	 12.1 	 	 0.1000 	 0.9846 	 0.7120 	 1.5129 	 	 0.4247 	 	 1.0036 	 0.6853 	 1.5123 	 	 0.4320
[2022/05/22 13:38:31] - validation 1.0359 	 0.6600 	 1.5510 	 0.4310
gap 400
[2022/05/22 13:39:46] - 19 	 61.9 	 	 12.1 	 	 0.1000 	 0.9768 	 0.7134 	 1.5058 	 	 0.4287 	 	 0.9619 	 0.7056 	 1.4728 	 	 0.4525
[2022/05/22 13:39:46] - validation 0.9929 	 0.6850 	 1.5011 	 0.4500
gap 400
[2022/05/22 13:41:01] - 20 	 61.8 	 	 12.1 	 	 0.1000 	 0.9693 	 0.7179 	 1.5010 	 	 0.4311 	 	 0.9798 	 0.6649 	 1.5019 	 	 0.4354
[2022/05/22 13:41:01] - validation 0.9905 	 0.6680 	 1.5122 	 0.4540
gap 400
[2022/05/22 13:42:17] - 21 	 61.9 	 	 12.1 	 	 0.1000 	 0.9609 	 0.7223 	 1.4950 	 	 0.4340 	 	 0.9354 	 0.6942 	 1.4713 	 	 0.4441
[2022/05/22 13:42:17] - validation 0.9744 	 0.6760 	 1.5078 	 0.4460
gap 400
[2022/05/22 13:43:32] - 22 	 61.9 	 	 12.1 	 	 0.1000 	 0.9514 	 0.7260 	 1.4877 	 	 0.4352 	 	 0.9692 	 0.6869 	 1.4953 	 	 0.4350
[2022/05/22 13:43:32] - validation 1.0048 	 0.6600 	 1.5210 	 0.4370
gap 400
[2022/05/22 13:44:47] - 23 	 61.8 	 	 12.1 	 	 0.1000 	 0.9532 	 0.7212 	 1.4889 	 	 0.4361 	 	 0.9635 	 0.7155 	 1.4561 	 	 0.4642
[2022/05/22 13:44:47] - validation 0.9920 	 0.6930 	 1.4832 	 0.4670
gap 400
[2022/05/22 13:46:02] - 24 	 61.9 	 	 12.1 	 	 0.1000 	 0.9385 	 0.7302 	 1.4789 	 	 0.4388 	 	 0.9703 	 0.6945 	 1.4671 	 	 0.4547
[2022/05/22 13:46:02] - validation 1.0006 	 0.6870 	 1.4955 	 0.4500
gap 400
[2022/05/22 13:47:18] - 25 	 61.8 	 	 12.1 	 	 0.1000 	 0.9342 	 0.7332 	 1.4747 	 	 0.4387 	 	 0.9177 	 0.7199 	 1.4714 	 	 0.4451
[2022/05/22 13:47:18] - validation 0.9473 	 0.7100 	 1.5042 	 0.4340
gap 400
[2022/05/22 13:48:33] - 26 	 61.8 	 	 12.1 	 	 0.1000 	 0.9257 	 0.7381 	 1.4675 	 	 0.4413 	 	 0.9763 	 0.6959 	 1.4776 	 	 0.4499
[2022/05/22 13:48:33] - validation 1.0071 	 0.6690 	 1.5001 	 0.4500
gap 400
[2022/05/22 13:49:48] - 27 	 61.8 	 	 12.1 	 	 0.1000 	 0.9249 	 0.7369 	 1.4692 	 	 0.4435 	 	 0.9600 	 0.7087 	 1.4592 	 	 0.4491
[2022/05/22 13:49:48] - validation 0.9856 	 0.7000 	 1.4860 	 0.4550
gap 400
[2022/05/22 13:51:03] - 28 	 61.8 	 	 12.1 	 	 0.1000 	 0.9172 	 0.7411 	 1.4608 	 	 0.4468 	 	 0.9521 	 0.7077 	 1.4594 	 	 0.4536
[2022/05/22 13:51:03] - validation 0.9812 	 0.6890 	 1.4934 	 0.4460
gap 400
[2022/05/22 13:52:19] - 29 	 61.9 	 	 12.1 	 	 0.1000 	 0.9166 	 0.7404 	 1.4618 	 	 0.4465 	 	 0.8981 	 0.7310 	 1.4357 	 	 0.4622
[2022/05/22 13:52:19] - validation 0.9338 	 0.7100 	 1.4781 	 0.4430
gap 400
[2022/05/22 13:53:34] - 30 	 61.8 	 	 12.1 	 	 0.1000 	 0.9052 	 0.7454 	 1.4537 	 	 0.4460 	 	 0.9215 	 0.7281 	 1.4422 	 	 0.4630
[2022/05/22 13:53:34] - validation 0.9413 	 0.7360 	 1.4621 	 0.4560
gap 400
[2022/05/22 13:54:49] - 31 	 61.9 	 	 12.1 	 	 0.1000 	 0.9058 	 0.7453 	 1.4545 	 	 0.4489 	 	 0.9658 	 0.6789 	 1.4921 	 	 0.4346
[2022/05/22 13:54:49] - validation 0.9743 	 0.6780 	 1.4926 	 0.4440
gap 400
[2022/05/22 13:56:04] - 32 	 61.8 	 	 12.1 	 	 0.1000 	 0.9043 	 0.7469 	 1.4550 	 	 0.4469 	 	 0.9278 	 0.7057 	 1.4710 	 	 0.4469
[2022/05/22 13:56:04] - validation 0.9475 	 0.6990 	 1.4918 	 0.4420
gap 400
[2022/05/22 13:57:20] - 33 	 61.8 	 	 12.2 	 	 0.1000 	 0.8949 	 0.7497 	 1.4455 	 	 0.4497 	 	 0.9275 	 0.6991 	 1.4710 	 	 0.4470
[2022/05/22 13:57:20] - validation 0.9656 	 0.6920 	 1.5097 	 0.4420
gap 400
[2022/05/22 13:58:35] - 34 	 61.8 	 	 12.1 	 	 0.1000 	 0.8951 	 0.7489 	 1.4464 	 	 0.4512 	 	 0.9056 	 0.7067 	 1.4980 	 	 0.4332
[2022/05/22 13:58:35] - validation 0.9152 	 0.6960 	 1.5041 	 0.4370
gap 400
[2022/05/22 13:59:50] - 35 	 61.9 	 	 12.1 	 	 0.1000 	 0.8976 	 0.7489 	 1.4498 	 	 0.4460 	 	 0.9066 	 0.7421 	 1.4358 	 	 0.4642
[2022/05/22 13:59:50] - validation 0.9241 	 0.7170 	 1.4444 	 0.4750
gap 400
[2022/05/22 14:01:05] - 36 	 61.8 	 	 12.1 	 	 0.1000 	 0.8799 	 0.7551 	 1.4347 	 	 0.4538 	 	 0.9057 	 0.7094 	 1.4398 	 	 0.4584
[2022/05/22 14:01:05] - validation 0.9149 	 0.7060 	 1.4418 	 0.4580
gap 400
[2022/05/22 14:02:20] - 37 	 61.8 	 	 12.1 	 	 0.1000 	 0.8864 	 0.7555 	 1.4386 	 	 0.4538 	 	 0.8998 	 0.7247 	 1.4359 	 	 0.4552
[2022/05/22 14:02:20] - validation 0.9350 	 0.6930 	 1.4818 	 0.4330
gap 400
[2022/05/22 14:03:36] - 38 	 61.8 	 	 12.1 	 	 0.1000 	 0.8813 	 0.7564 	 1.4369 	 	 0.4519 	 	 0.9032 	 0.7211 	 1.4466 	 	 0.4514
[2022/05/22 14:03:36] - validation 0.9232 	 0.7110 	 1.4705 	 0.4430
gap 400
[2022/05/22 14:04:51] - 39 	 61.8 	 	 12.1 	 	 0.1000 	 0.8797 	 0.7575 	 1.4349 	 	 0.4543 	 	 0.9624 	 0.6865 	 1.4731 	 	 0.4445
[2022/05/22 14:04:51] - validation 0.9792 	 0.6920 	 1.4986 	 0.4410
gap 400
[2022/05/22 14:06:06] - 40 	 61.8 	 	 12.1 	 	 0.1000 	 0.8829 	 0.7561 	 1.4370 	 	 0.4541 	 	 0.9227 	 0.7205 	 1.4493 	 	 0.4673
[2022/05/22 14:06:06] - validation 0.9541 	 0.6960 	 1.4890 	 0.4540
gap 400
[2022/05/22 14:07:21] - 41 	 61.8 	 	 12.1 	 	 0.1000 	 0.8766 	 0.7564 	 1.4320 	 	 0.4534 	 	 0.8935 	 0.7238 	 1.4383 	 	 0.4593
[2022/05/22 14:07:21] - validation 0.9256 	 0.7210 	 1.4705 	 0.4580
gap 400
[2022/05/22 14:08:36] - 42 	 61.8 	 	 12.1 	 	 0.1000 	 0.8720 	 0.7601 	 1.4287 	 	 0.4578 	 	 0.8719 	 0.7300 	 1.4437 	 	 0.4580
[2022/05/22 14:08:36] - validation 0.8971 	 0.7150 	 1.4707 	 0.4540
gap 400
[2022/05/22 14:09:52] - 43 	 61.8 	 	 12.1 	 	 0.1000 	 0.8719 	 0.7597 	 1.4296 	 	 0.4569 	 	 0.8875 	 0.7282 	 1.4445 	 	 0.4591
[2022/05/22 14:09:52] - validation 0.9109 	 0.7130 	 1.4620 	 0.4400
gap 400
[2022/05/22 14:11:07] - 44 	 61.8 	 	 12.1 	 	 0.1000 	 0.8664 	 0.7627 	 1.4249 	 	 0.4566 	 	 0.8750 	 0.7459 	 1.3909 	 	 0.4816
[2022/05/22 14:11:07] - validation 0.9082 	 0.7400 	 1.4278 	 0.4750
gap 400
[2022/05/22 14:12:22] - 45 	 61.8 	 	 12.1 	 	 0.1000 	 0.8641 	 0.7634 	 1.4218 	 	 0.4565 	 	 0.8525 	 0.7378 	 1.4438 	 	 0.4579
[2022/05/22 14:12:22] - validation 0.8676 	 0.7410 	 1.4650 	 0.4450
gap 400
[2022/05/22 14:13:37] - 46 	 61.8 	 	 12.1 	 	 0.1000 	 0.8638 	 0.7633 	 1.4245 	 	 0.4600 	 	 0.9225 	 0.7272 	 1.4629 	 	 0.4567
[2022/05/22 14:13:37] - validation 0.9473 	 0.7090 	 1.4998 	 0.4550
gap 400
[2022/05/22 14:14:53] - 47 	 61.8 	 	 12.1 	 	 0.1000 	 0.8659 	 0.7613 	 1.4240 	 	 0.4573 	 	 0.8648 	 0.7186 	 1.4466 	 	 0.4578
[2022/05/22 14:14:53] - validation 0.8848 	 0.7120 	 1.4520 	 0.4550
gap 400
[2022/05/22 14:16:08] - 48 	 61.8 	 	 12.1 	 	 0.1000 	 0.8626 	 0.7637 	 1.4228 	 	 0.4618 	 	 0.8285 	 0.7388 	 1.4292 	 	 0.4573
[2022/05/22 14:16:08] - validation 0.8641 	 0.7320 	 1.4693 	 0.4390
gap 400
[2022/05/22 14:17:23] - 49 	 61.8 	 	 12.0 	 	 0.1000 	 0.8566 	 0.7664 	 1.4159 	 	 0.4605 	 	 0.8735 	 0.7306 	 1.4235 	 	 0.4676
[2022/05/22 14:17:23] - validation 0.9029 	 0.7270 	 1.4559 	 0.4620
gap 400
[2022/05/22 14:18:38] - 50 	 61.8 	 	 12.0 	 	 0.1000 	 0.8607 	 0.7664 	 1.4222 	 	 0.4581 	 	 0.8823 	 0.7314 	 1.4443 	 	 0.4518
[2022/05/22 14:18:38] - validation 0.9038 	 0.7210 	 1.4541 	 0.4430
gap 400
[2022/05/22 14:19:53] - 51 	 61.8 	 	 12.1 	 	 0.1000 	 0.8536 	 0.7670 	 1.4169 	 	 0.4587 	 	 0.8666 	 0.7484 	 1.4077 	 	 0.4720
[2022/05/22 14:19:53] - validation 0.8844 	 0.7420 	 1.4226 	 0.4600
gap 400
[2022/05/22 14:21:09] - 52 	 61.9 	 	 12.1 	 	 0.1000 	 0.8520 	 0.7678 	 1.4141 	 	 0.4599 	 	 0.8601 	 0.7320 	 1.4568 	 	 0.4438
[2022/05/22 14:21:09] - validation 0.8869 	 0.7050 	 1.4828 	 0.4390
gap 400
[2022/05/22 14:22:24] - 53 	 61.8 	 	 12.1 	 	 0.1000 	 0.8501 	 0.7656 	 1.4128 	 	 0.4624 	 	 0.8742 	 0.7202 	 1.4183 	 	 0.4683
[2022/05/22 14:22:24] - validation 0.8986 	 0.7130 	 1.4297 	 0.4560
gap 400
[2022/05/22 14:23:39] - 54 	 61.8 	 	 12.1 	 	 0.1000 	 0.8528 	 0.7649 	 1.4139 	 	 0.4617 	 	 0.8362 	 0.7507 	 1.4243 	 	 0.4637
[2022/05/22 14:23:39] - validation 0.8712 	 0.7350 	 1.4589 	 0.4610
gap 400
[2022/05/22 14:24:54] - 55 	 61.8 	 	 12.1 	 	 0.1000 	 0.8477 	 0.7674 	 1.4114 	 	 0.4602 	 	 0.8588 	 0.7455 	 1.4228 	 	 0.4643
[2022/05/22 14:24:54] - validation 0.8990 	 0.7270 	 1.4726 	 0.4520
gap 400
[2022/05/22 14:26:09] - 56 	 61.8 	 	 12.1 	 	 0.1000 	 0.8436 	 0.7700 	 1.4068 	 	 0.4637 	 	 0.9167 	 0.7000 	 1.4345 	 	 0.4651
[2022/05/22 14:26:09] - validation 0.9435 	 0.6880 	 1.4728 	 0.4580
gap 400
[2022/05/22 14:27:25] - 57 	 61.8 	 	 12.1 	 	 0.1000 	 0.8478 	 0.7711 	 1.4118 	 	 0.4623 	 	 0.8888 	 0.7184 	 1.4467 	 	 0.4561
[2022/05/22 14:27:25] - validation 0.9143 	 0.7140 	 1.4652 	 0.4470
gap 400
[2022/05/22 14:28:40] - 58 	 61.8 	 	 12.1 	 	 0.1000 	 0.8448 	 0.7691 	 1.4100 	 	 0.4629 	 	 0.8463 	 0.7411 	 1.4088 	 	 0.4735
[2022/05/22 14:28:40] - validation 0.8669 	 0.7210 	 1.4354 	 0.4490
gap 400
[2022/05/22 14:29:55] - 59 	 61.8 	 	 12.1 	 	 0.1000 	 0.8459 	 0.7697 	 1.4106 	 	 0.4613 	 	 0.8191 	 0.7545 	 1.4285 	 	 0.4606
[2022/05/22 14:29:55] - validation 0.8613 	 0.7400 	 1.4671 	 0.4490
gap 400
[2022/05/22 14:31:10] - 60 	 61.8 	 	 12.1 	 	 0.1000 	 0.8428 	 0.7719 	 1.4067 	 	 0.4639 	 	 0.8456 	 0.7459 	 1.4217 	 	 0.4637
[2022/05/22 14:31:10] - validation 0.8805 	 0.7300 	 1.4619 	 0.4630
gap 400
[2022/05/22 14:32:26] - 61 	 61.9 	 	 12.1 	 	 0.1000 	 0.8475 	 0.7703 	 1.4120 	 	 0.4620 	 	 0.8980 	 0.7481 	 1.4342 	 	 0.4681
[2022/05/22 14:32:26] - validation 0.9356 	 0.7250 	 1.4853 	 0.4540
gap 400
[2022/05/22 14:33:41] - 62 	 61.8 	 	 12.1 	 	 0.1000 	 0.8389 	 0.7741 	 1.4048 	 	 0.4649 	 	 0.8881 	 0.7400 	 1.4376 	 	 0.4605
[2022/05/22 14:33:41] - validation 0.9120 	 0.7260 	 1.4689 	 0.4470
gap 400
[2022/05/22 14:34:56] - 63 	 61.8 	 	 12.1 	 	 0.1000 	 0.8419 	 0.7718 	 1.4068 	 	 0.4632 	 	 0.8620 	 0.7478 	 1.3887 	 	 0.4790
[2022/05/22 14:34:56] - validation 0.8942 	 0.7240 	 1.4219 	 0.4730
gap 400
[2022/05/22 14:36:11] - 64 	 61.9 	 	 12.1 	 	 0.1000 	 0.8422 	 0.7745 	 1.4070 	 	 0.4645 	 	 0.8640 	 0.7310 	 1.4251 	 	 0.4659
[2022/05/22 14:36:11] - validation 0.8985 	 0.7250 	 1.4619 	 0.4580
gap 400
[2022/05/22 14:37:27] - 65 	 61.8 	 	 12.1 	 	 0.1000 	 0.8380 	 0.7722 	 1.4002 	 	 0.4636 	 	 0.8586 	 0.7416 	 1.4157 	 	 0.4579
[2022/05/22 14:37:27] - validation 0.8837 	 0.7330 	 1.4414 	 0.4520
gap 400
[2022/05/22 14:38:42] - 66 	 61.9 	 	 12.1 	 	 0.1000 	 0.8359 	 0.7758 	 1.4036 	 	 0.4640 	 	 0.8750 	 0.7366 	 1.4287 	 	 0.4622
[2022/05/22 14:38:42] - validation 0.9009 	 0.7220 	 1.4568 	 0.4560
gap 400
[2022/05/22 14:39:57] - 67 	 61.8 	 	 12.1 	 	 0.1000 	 0.8360 	 0.7762 	 1.4026 	 	 0.4665 	 	 0.8519 	 0.7303 	 1.4187 	 	 0.4707
[2022/05/22 14:39:57] - validation 0.8782 	 0.7200 	 1.4494 	 0.4720
gap 400
[2022/05/22 14:41:12] - 68 	 61.8 	 	 12.1 	 	 0.1000 	 0.8361 	 0.7739 	 1.4036 	 	 0.4669 	 	 0.8953 	 0.7276 	 1.4164 	 	 0.4707
[2022/05/22 14:41:12] - validation 0.9159 	 0.7210 	 1.4398 	 0.4710
gap 400
[2022/05/22 14:42:27] - 69 	 61.8 	 	 12.1 	 	 0.1000 	 0.8377 	 0.7721 	 1.4065 	 	 0.4642 	 	 0.8391 	 0.7555 	 1.4340 	 	 0.4636
[2022/05/22 14:42:27] - validation 0.8595 	 0.7450 	 1.4497 	 0.4580
gap 400
[2022/05/22 14:43:43] - 70 	 61.8 	 	 12.1 	 	 0.1000 	 0.8329 	 0.7754 	 1.4002 	 	 0.4663 	 	 0.8639 	 0.7431 	 1.4323 	 	 0.4627
[2022/05/22 14:43:43] - validation 0.8833 	 0.7360 	 1.4452 	 0.4640
gap 400
[2022/05/22 14:44:58] - 71 	 61.9 	 	 12.1 	 	 0.1000 	 0.8388 	 0.7718 	 1.4053 	 	 0.4640 	 	 0.8050 	 0.7534 	 1.3891 	 	 0.4773
[2022/05/22 14:44:58] - validation 0.8455 	 0.7250 	 1.4307 	 0.4730
gap 400
[2022/05/22 14:46:13] - 72 	 61.8 	 	 12.1 	 	 0.1000 	 0.8305 	 0.7766 	 1.3992 	 	 0.4680 	 	 0.8457 	 0.7376 	 1.4229 	 	 0.4639
[2022/05/22 14:46:13] - validation 0.8687 	 0.7230 	 1.4418 	 0.4660
gap 400
[2022/05/22 14:47:28] - 73 	 61.8 	 	 12.1 	 	 0.1000 	 0.8275 	 0.7771 	 1.3966 	 	 0.4656 	 	 0.8776 	 0.7442 	 1.4286 	 	 0.4719
[2022/05/22 14:47:28] - validation 0.9094 	 0.7260 	 1.4679 	 0.4490
gap 400
[2022/05/22 14:48:44] - 74 	 61.8 	 	 12.1 	 	 0.1000 	 0.8333 	 0.7752 	 1.4023 	 	 0.4657 	 	 0.8868 	 0.7232 	 1.4276 	 	 0.4627
[2022/05/22 14:48:44] - validation 0.9116 	 0.7070 	 1.4479 	 0.4480
gap 400
[2022/05/22 14:49:59] - 75 	 61.9 	 	 12.1 	 	 0.1000 	 0.8313 	 0.7784 	 1.3988 	 	 0.4680 	 	 0.8677 	 0.7330 	 1.4376 	 	 0.4645
[2022/05/22 14:49:59] - validation 0.8801 	 0.7230 	 1.4376 	 0.4580
gap 400
[2022/05/22 14:51:14] - 76 	 61.8 	 	 12.1 	 	 0.1000 	 0.8307 	 0.7785 	 1.3977 	 	 0.4669 	 	 0.8524 	 0.7477 	 1.4095 	 	 0.4669
[2022/05/22 14:51:14] - validation 0.8765 	 0.7390 	 1.4326 	 0.4770
gap 400
[2022/05/22 14:52:29] - 77 	 61.9 	 	 12.1 	 	 0.1000 	 0.8305 	 0.7757 	 1.3990 	 	 0.4649 	 	 0.8362 	 0.7413 	 1.4497 	 	 0.4525
[2022/05/22 14:52:29] - validation 0.8735 	 0.7150 	 1.4912 	 0.4460
gap 400
[2022/05/22 14:53:45] - 78 	 61.8 	 	 12.1 	 	 0.1000 	 0.8255 	 0.7797 	 1.3971 	 	 0.4661 	 	 0.8731 	 0.7318 	 1.4221 	 	 0.4636
[2022/05/22 14:53:45] - validation 0.8860 	 0.7210 	 1.4268 	 0.4640
gap 400
[2022/05/22 14:55:00] - 79 	 61.8 	 	 12.1 	 	 0.1000 	 0.8305 	 0.7775 	 1.3974 	 	 0.4678 	 	 0.8283 	 0.7492 	 1.4106 	 	 0.4695
[2022/05/22 14:55:00] - validation 0.8536 	 0.7400 	 1.4447 	 0.4500
gap 400
[2022/05/22 14:56:15] - 80 	 61.8 	 	 12.1 	 	 0.1000 	 0.8266 	 0.7760 	 1.3941 	 	 0.4677 	 	 0.8610 	 0.7356 	 1.4426 	 	 0.4567
[2022/05/22 14:56:15] - validation 0.8761 	 0.7200 	 1.4446 	 0.4500
gap 400
[2022/05/22 14:57:31] - 81 	 61.9 	 	 12.1 	 	 0.1000 	 0.8269 	 0.7803 	 1.3949 	 	 0.4673 	 	 0.8633 	 0.7344 	 1.4278 	 	 0.4666
[2022/05/22 14:57:31] - validation 0.8819 	 0.7260 	 1.4468 	 0.4550
gap 400
[2022/05/22 14:58:46] - 82 	 61.8 	 	 12.1 	 	 0.1000 	 0.8258 	 0.7796 	 1.3928 	 	 0.4677 	 	 0.8491 	 0.7564 	 1.4448 	 	 0.4578
[2022/05/22 14:58:46] - validation 0.8728 	 0.7490 	 1.4611 	 0.4440
gap 400
[2022/05/22 15:00:01] - 83 	 61.8 	 	 12.1 	 	 0.1000 	 0.8273 	 0.7791 	 1.3957 	 	 0.4662 	 	 0.8538 	 0.7369 	 1.4315 	 	 0.4608
[2022/05/22 15:00:01] - validation 0.8759 	 0.7290 	 1.4446 	 0.4640
gap 400
[2022/05/22 15:01:16] - 84 	 61.8 	 	 12.1 	 	 0.1000 	 0.8225 	 0.7802 	 1.3926 	 	 0.4687 	 	 0.8609 	 0.7473 	 1.3864 	 	 0.4792
[2022/05/22 15:01:16] - validation 0.8860 	 0.7340 	 1.4113 	 0.4820
gap 400
[2022/05/22 15:02:31] - 85 	 61.8 	 	 12.1 	 	 0.1000 	 0.8213 	 0.7810 	 1.3903 	 	 0.4681 	 	 0.8357 	 0.7403 	 1.4213 	 	 0.4613
[2022/05/22 15:02:31] - validation 0.8524 	 0.7310 	 1.4320 	 0.4570
gap 400
[2022/05/22 15:03:47] - 86 	 61.8 	 	 12.1 	 	 0.1000 	 0.8266 	 0.7797 	 1.3972 	 	 0.4682 	 	 0.8678 	 0.7522 	 1.4084 	 	 0.4687
[2022/05/22 15:03:47] - validation 0.8975 	 0.7310 	 1.4431 	 0.4550
gap 400
[2022/05/22 15:05:02] - 87 	 61.8 	 	 12.1 	 	 0.1000 	 0.8216 	 0.7806 	 1.3911 	 	 0.4680 	 	 0.8695 	 0.7215 	 1.4167 	 	 0.4656
[2022/05/22 15:05:02] - validation 0.8930 	 0.7380 	 1.4403 	 0.4650
gap 400
[2022/05/22 15:06:17] - 88 	 61.8 	 	 12.1 	 	 0.1000 	 0.8206 	 0.7799 	 1.3897 	 	 0.4702 	 	 0.8613 	 0.7456 	 1.4306 	 	 0.4649
[2022/05/22 15:06:17] - validation 0.8791 	 0.7330 	 1.4515 	 0.4510
gap 400
[2022/05/22 15:07:32] - 89 	 61.9 	 	 12.0 	 	 0.1000 	 0.8233 	 0.7808 	 1.3945 	 	 0.4663 	 	 0.8600 	 0.7289 	 1.4295 	 	 0.4671
[2022/05/22 15:07:32] - validation 0.8946 	 0.7190 	 1.4734 	 0.4620
gap 400
[2022/05/22 15:08:48] - 90 	 61.9 	 	 12.1 	 	 0.1000 	 0.8222 	 0.7797 	 1.3932 	 	 0.4682 	 	 0.8277 	 0.7375 	 1.3975 	 	 0.4733
[2022/05/22 15:08:48] - validation 0.8492 	 0.7320 	 1.4139 	 0.4680
gap 400
[2022/05/22 15:10:03] - 91 	 61.9 	 	 12.1 	 	 0.1000 	 0.8219 	 0.7804 	 1.3938 	 	 0.4669 	 	 0.8692 	 0.7444 	 1.4247 	 	 0.4689
[2022/05/22 15:10:03] - validation 0.8820 	 0.7330 	 1.4397 	 0.4620
gap 400
[2022/05/22 15:11:18] - 92 	 62.0 	 	 12.1 	 	 0.1000 	 0.8148 	 0.7820 	 1.3847 	 	 0.4688 	 	 0.8882 	 0.7219 	 1.4422 	 	 0.4601
[2022/05/22 15:11:18] - validation 0.9091 	 0.7140 	 1.4560 	 0.4480
gap 400
[2022/05/22 15:12:34] - 93 	 62.0 	 	 12.1 	 	 0.1000 	 0.8253 	 0.7804 	 1.3951 	 	 0.4689 	 	 0.8729 	 0.7514 	 1.4197 	 	 0.4691
[2022/05/22 15:12:34] - validation 0.9005 	 0.7370 	 1.4515 	 0.4430
gap 400
[2022/05/22 15:13:49] - 94 	 61.8 	 	 12.0 	 	 0.1000 	 0.8193 	 0.7811 	 1.3913 	 	 0.4691 	 	 0.8742 	 0.7349 	 1.4242 	 	 0.4655
[2022/05/22 15:13:49] - validation 0.8868 	 0.7340 	 1.4334 	 0.4560
gap 400
[2022/05/22 15:15:04] - 95 	 62.0 	 	 12.1 	 	 0.1000 	 0.8168 	 0.7825 	 1.3892 	 	 0.4708 	 	 0.8314 	 0.7472 	 1.4021 	 	 0.4723
[2022/05/22 15:15:04] - validation 0.8753 	 0.7260 	 1.4513 	 0.4580
gap 400
[2022/05/22 15:16:19] - 96 	 61.8 	 	 12.1 	 	 0.1000 	 0.8169 	 0.7829 	 1.3884 	 	 0.4709 	 	 0.8233 	 0.7554 	 1.4003 	 	 0.4781
[2022/05/22 15:16:19] - validation 0.8440 	 0.7400 	 1.4178 	 0.4660
gap 400
[2022/05/22 15:17:35] - 97 	 61.8 	 	 12.1 	 	 0.1000 	 0.8130 	 0.7824 	 1.3872 	 	 0.4709 	 	 0.8437 	 0.7461 	 1.4122 	 	 0.4680
[2022/05/22 15:17:35] - validation 0.8795 	 0.7330 	 1.4476 	 0.4460
gap 400
[2022/05/22 15:18:50] - 98 	 61.8 	 	 12.1 	 	 0.1000 	 0.8130 	 0.7858 	 1.3852 	 	 0.4706 	 	 0.8911 	 0.7442 	 1.4297 	 	 0.4698
[2022/05/22 15:18:50] - validation 0.9226 	 0.7260 	 1.4568 	 0.4620
gap 400
[2022/05/22 15:20:05] - 99 	 61.9 	 	 12.1 	 	 0.0100 	 0.8138 	 0.7824 	 1.3847 	 	 0.4714 	 	 0.8824 	 0.7228 	 1.4286 	 	 0.4647
[2022/05/22 15:20:05] - validation 0.8971 	 0.7170 	 1.4373 	 0.4670
gap 400
[2022/05/22 15:21:20] - 100 	 61.9 	 	 12.1 	 	 0.0100 	 0.7024 	 0.8179 	 1.1964 	 	 0.5390 	 	 0.6714 	 0.8036 	 1.2559 	 	 0.5273
[2022/05/22 15:21:20] - validation 0.7000 	 0.7780 	 1.2887 	 0.5070
gap 400
[2022/05/22 15:22:36] - 101 	 61.9 	 	 12.1 	 	 0.0100 	 0.6240 	 0.8407 	 1.1315 	 	 0.5562 	 	 0.6348 	 0.8121 	 1.2735 	 	 0.5235
[2022/05/22 15:22:36] - validation 0.6550 	 0.8010 	 1.2863 	 0.5070
gap 400
[2022/05/22 15:23:51] - 102 	 61.9 	 	 12.1 	 	 0.0100 	 0.5968 	 0.8497 	 1.1027 	 	 0.5675 	 	 0.6383 	 0.8144 	 1.2384 	 	 0.5280
[2022/05/22 15:23:51] - validation 0.6693 	 0.8020 	 1.2738 	 0.5130
gap 400
[2022/05/22 15:25:06] - 103 	 61.8 	 	 12.1 	 	 0.0100 	 0.5729 	 0.8572 	 1.0813 	 	 0.5742 	 	 0.6104 	 0.8128 	 1.2595 	 	 0.5219
[2022/05/22 15:25:06] - validation 0.6377 	 0.8000 	 1.2896 	 0.5080
gap 400
val acc 0.803
#####################Optimize weights###################################
i 0 validate robust acc: 0.457 loss 2.0506314420700074
i 1 validate robust acc: 0.53 loss 1.311710343360901
i 2 validate robust acc: 0.53 loss 1.2997461128234864
i 3 validate robust acc: 0.529 loss 1.2921569480895996
i 4 validate robust acc: 0.533 loss 1.2853017826080322
i 5 validate robust acc: 0.53 loss 1.2809888257980346
i 6 validate robust acc: 0.531 loss 1.277026291847229
i 7 validate robust acc: 0.536 loss 1.2739730501174926
i 8 validate robust acc: 0.531 loss 1.2716453380584716
i 9 validate robust acc: 0.533 loss 1.2696388931274414
variables: tensor([[0.9876, 1.0000, 1.0000, 0.9933, 0.7695, 0.3006],
        [0.3536, 0.7763, 1.0000, 1.0000, 1.0000, 0.0871],
        [0.4110, 1.0000, 1.0000, 1.0000, 1.0000, 0.0000],
        [0.2034, 0.7570, 0.9958, 0.8828, 0.7339, 0.0000]], device='cuda:0')
#####################Optimize weights End###################################
meta adapted robust acc: 0.5429 orginal robust acc: 0.5512 meta adapted clean acc: 0.8043
[2022/05/22 15:26:52] - 104 	 92.6 	 	 12.1 	 	 0.0100 	 0.5805 	 0.8598 	 1.0711 	 	 0.5807 	 	 0.6373 	 0.8154 	 1.2455 	 	 0.5307
[2022/05/22 15:26:52] - validation 0.6530 	 0.8030 	 1.2687 	 0.5200
gap 400
[2022/05/22 15:28:07] - 105 	 61.9 	 	 12.1 	 	 0.0100 	 0.5530 	 0.8653 	 1.0625 	 	 0.5811 	 	 0.6076 	 0.8226 	 1.2561 	 	 0.5247
[2022/05/22 15:28:07] - validation 0.6273 	 0.8100 	 1.2779 	 0.5150
gap 400
[2022/05/22 15:29:23] - 106 	 61.8 	 	 12.1 	 	 0.0100 	 0.5353 	 0.8703 	 1.0455 	 	 0.5874 	 	 0.6269 	 0.8186 	 1.2556 	 	 0.5294
[2022/05/22 15:29:23] - validation 0.6535 	 0.7990 	 1.2948 	 0.5180
gap 400
[2022/05/22 15:30:38] - 107 	 61.9 	 	 12.1 	 	 0.0100 	 0.5225 	 0.8756 	 1.0313 	 	 0.5900 	 	 0.6121 	 0.8238 	 1.2551 	 	 0.5264
[2022/05/22 15:30:38] - validation 0.6464 	 0.8080 	 1.2999 	 0.5120
gap 400
val acc 0.804
#####################Optimize weights###################################
i 0 validate robust acc: 0.446 loss 1.8461311588287352
i 1 validate robust acc: 0.52 loss 1.3120724458694457
i 2 validate robust acc: 0.522 loss 1.3019412441253662
i 3 validate robust acc: 0.524 loss 1.2961439170837403
i 4 validate robust acc: 0.526 loss 1.2913457527160646
i 5 validate robust acc: 0.524 loss 1.2881700439453125
i 6 validate robust acc: 0.528 loss 1.2857094478607178
i 7 validate robust acc: 0.529 loss 1.2834799518585205
i 8 validate robust acc: 0.528 loss 1.2820802726745606
i 9 validate robust acc: 0.532 loss 1.2806263914108276
variables: tensor([[0.4857, 0.8687, 1.0000, 1.0000, 0.9695, 0.3296],
        [0.2338, 0.8997, 1.0000, 1.0000, 1.0000, 0.0000],
        [0.2709, 0.5774, 1.0000, 1.0000, 1.0000, 0.0000],
        [0.3393, 0.6546, 1.0000, 0.8282, 0.6040, 0.0000]], device='cuda:0')
#####################Optimize weights End###################################
meta adapted robust acc: 0.5407 orginal robust acc: 0.5441 meta adapted clean acc: 0.8195
[2022/05/22 15:32:24] - 108 	 92.6 	 	 12.1 	 	 0.0100 	 0.5246 	 0.8791 	 1.0202 	 	 0.5963 	 	 0.6002 	 0.8275 	 1.2500 	 	 0.5295
[2022/05/22 15:32:24] - validation 0.6296 	 0.8190 	 1.2892 	 0.5170
gap 400
[2022/05/22 15:33:39] - 109 	 61.9 	 	 12.1 	 	 0.0100 	 0.5072 	 0.8803 	 1.0171 	 	 0.5957 	 	 0.5942 	 0.8305 	 1.2618 	 	 0.5241
[2022/05/22 15:33:39] - validation 0.6210 	 0.8130 	 1.3040 	 0.5210
gap 400
[2022/05/22 15:34:54] - 110 	 61.8 	 	 12.1 	 	 0.0100 	 0.4951 	 0.8847 	 1.0069 	 	 0.5974 	 	 0.5853 	 0.8295 	 1.2791 	 	 0.5240
[2022/05/22 15:34:54] - validation 0.6246 	 0.8090 	 1.3436 	 0.5090
gap 400
[2022/05/22 15:36:10] - 111 	 61.8 	 	 12.1 	 	 0.0100 	 0.4846 	 0.8871 	 0.9975 	 	 0.6007 	 	 0.5887 	 0.8206 	 1.2844 	 	 0.5231
[2022/05/22 15:36:10] - validation 0.6180 	 0.8140 	 1.3186 	 0.5270
gap 400
val acc 0.81
#####################Optimize weights###################################
i 0 validate robust acc: 0.439 loss 1.7298958702087401
i 1 validate robust acc: 0.511 loss 1.3240831861495972
i 2 validate robust acc: 0.519 loss 1.3149527406692505
i 3 validate robust acc: 0.518 loss 1.3094510536193849
i 4 validate robust acc: 0.52 loss 1.3063951740264892
i 5 validate robust acc: 0.521 loss 1.3029860229492187
i 6 validate robust acc: 0.524 loss 1.3001497993469238
i 7 validate robust acc: 0.524 loss 1.2980081052780152
i 8 validate robust acc: 0.526 loss 1.2959310274124145
i 9 validate robust acc: 0.528 loss 1.2941615343093873
variables: tensor([[0.4415, 1.0000, 1.0000, 1.0000, 1.0000, 0.0000],
        [0.3281, 0.6819, 1.0000, 1.0000, 0.9021, 0.0000],
        [0.4360, 0.8873, 1.0000, 0.9116, 0.7343, 0.0000],
        [0.3385, 0.1824, 1.0000, 0.9103, 0.4663, 0.0000]], device='cuda:0')
#####################Optimize weights End###################################
meta adapted robust acc: 0.5438 orginal robust acc: 0.5465 meta adapted clean acc: 0.8254
save best meta model at  112
[2022/05/22 15:37:56] - 112 	 92.6 	 	 12.1 	 	 0.0100 	 0.4862 	 0.8916 	 0.9845 	 	 0.6066 	 	 0.6105 	 0.8219 	 1.2637 	 	 0.5278
[2022/05/22 15:37:56] - validation 0.6431 	 0.8130 	 1.3046 	 0.5220
gap 400
[2022/05/22 15:39:11] - 113 	 61.8 	 	 12.1 	 	 0.0100 	 0.4774 	 0.8911 	 0.9853 	 	 0.6048 	 	 0.5659 	 0.8250 	 1.3111 	 	 0.5191
[2022/05/22 15:39:11] - validation 0.5885 	 0.8130 	 1.3335 	 0.5190
gap 400
[2022/05/22 15:40:26] - 114 	 61.8 	 	 12.1 	 	 0.0100 	 0.4683 	 0.8949 	 0.9831 	 	 0.6055 	 	 0.6011 	 0.8258 	 1.2767 	 	 0.5212
[2022/05/22 15:40:26] - validation 0.6327 	 0.8120 	 1.3103 	 0.5220
gap 400
[2022/05/22 15:41:41] - 115 	 61.8 	 	 12.1 	 	 0.0100 	 0.4575 	 0.8975 	 0.9730 	 	 0.6096 	 	 0.5747 	 0.8316 	 1.2937 	 	 0.5212
[2022/05/22 15:41:41] - validation 0.6065 	 0.8190 	 1.3361 	 0.5120
gap 400
val acc 0.81
#####################Optimize weights###################################
i 0 validate robust acc: 0.438 loss 1.6919700107574462
i 1 validate robust acc: 0.502 loss 1.3714025936126708
i 2 validate robust acc: 0.512 loss 1.339989797592163
i 3 validate robust acc: 0.514 loss 1.3304314756393432
i 4 validate robust acc: 0.515 loss 1.3255359315872193
i 5 validate robust acc: 0.514 loss 1.3222320461273194
i 6 validate robust acc: 0.516 loss 1.3186293992996216
i 7 validate robust acc: 0.516 loss 1.3162347583770753
i 8 validate robust acc: 0.517 loss 1.3140333824157715
i 9 validate robust acc: 0.516 loss 1.3117340803146362
variables: tensor([[0.5024, 0.6115, 1.0000, 1.0000, 0.9972, 0.0000],
        [0.3197, 0.6287, 1.0000, 0.9545, 1.0000, 0.0000],
        [0.4792, 0.7004, 1.0000, 0.7581, 0.8491, 0.0000],
        [0.4270, 0.3008, 0.9917, 0.4943, 0.6967, 0.0000]], device='cuda:0')
#####################Optimize weights End###################################
meta adapted robust acc: 0.5491 orginal robust acc: 0.5491 meta adapted clean acc: 0.8269
save best meta model at  116
[2022/05/22 15:43:27] - 116 	 92.6 	 	 12.1 	 	 0.0100 	 0.4589 	 0.9019 	 0.9616 	 	 0.6152 	 	 0.5804 	 0.8334 	 1.2672 	 	 0.5273
[2022/05/22 15:43:27] - validation 0.6097 	 0.8240 	 1.3053 	 0.5230
gap 400
[2022/05/22 15:44:42] - 117 	 61.8 	 	 12.0 	 	 0.0100 	 0.4535 	 0.9014 	 0.9612 	 	 0.6139 	 	 0.5708 	 0.8262 	 1.3057 	 	 0.5177
[2022/05/22 15:44:42] - validation 0.6112 	 0.8040 	 1.3608 	 0.5090
gap 400
[2022/05/22 15:45:58] - 118 	 61.8 	 	 12.1 	 	 0.0100 	 0.4434 	 0.9037 	 0.9582 	 	 0.6132 	 	 0.5885 	 0.8297 	 1.3050 	 	 0.5206
[2022/05/22 15:45:58] - validation 0.6322 	 0.8130 	 1.3666 	 0.4960
gap 400
[2022/05/22 15:47:13] - 119 	 61.8 	 	 12.1 	 	 0.0100 	 0.4388 	 0.9049 	 0.9593 	 	 0.6100 	 	 0.5731 	 0.8315 	 1.3174 	 	 0.5154
[2022/05/22 15:47:13] - validation 0.6063 	 0.8160 	 1.3643 	 0.5080
gap 400
val acc 0.8
#####################Optimize weights###################################
i 0 validate robust acc: 0.456 loss 1.6077387285232545
i 1 validate robust acc: 0.5 loss 1.3520273685455322
i 2 validate robust acc: 0.516 loss 1.3221615648269653
i 3 validate robust acc: 0.524 loss 1.3132095527648926
i 4 validate robust acc: 0.528 loss 1.3085709409713746
i 5 validate robust acc: 0.529 loss 1.3057858228683472
i 6 validate robust acc: 0.53 loss 1.303694519996643
i 7 validate robust acc: 0.535 loss 1.3019578952789306
i 8 validate robust acc: 0.536 loss 1.3007724027633667
i 9 validate robust acc: 0.534 loss 1.2998789882659911
variables: tensor([[0.3059, 0.3919, 1.0000, 1.0000, 1.0000, 0.0000],
        [0.3462, 0.7557, 1.0000, 0.9296, 0.7931, 0.0000],
        [0.2428, 0.2390, 0.9049, 0.8848, 0.7647, 0.0000],
        [0.2131, 0.3593, 0.9949, 0.4074, 0.4268, 0.0000]], device='cuda:0')
#####################Optimize weights End###################################
meta adapted robust acc: 0.5509 orginal robust acc: 0.5506 meta adapted clean acc: 0.8291
save best meta model at  120
[2022/05/22 15:48:59] - 120 	 92.5 	 	 12.1 	 	 0.0100 	 0.4348 	 0.9086 	 0.9433 	 	 0.6178 	 	 0.5953 	 0.8263 	 1.2987 	 	 0.5221
[2022/05/22 15:48:59] - validation 0.6282 	 0.8080 	 1.3432 	 0.5060
gap 400
[2022/05/22 15:50:14] - 121 	 61.8 	 	 12.1 	 	 0.0100 	 0.4360 	 0.9078 	 0.9402 	 	 0.6216 	 	 0.6007 	 0.8272 	 1.3161 	 	 0.5153
[2022/05/22 15:50:14] - validation 0.6333 	 0.8170 	 1.3636 	 0.5070
gap 400
[2022/05/22 15:51:29] - 122 	 61.8 	 	 12.1 	 	 0.0100 	 0.4247 	 0.9084 	 0.9412 	 	 0.6176 	 	 0.5853 	 0.8266 	 1.3293 	 	 0.5120
[2022/05/22 15:51:29] - validation 0.6127 	 0.8210 	 1.3574 	 0.5250
gap 400
[2022/05/22 15:52:44] - 123 	 61.8 	 	 12.1 	 	 0.0100 	 0.4203 	 0.9110 	 0.9387 	 	 0.6184 	 	 0.5794 	 0.8354 	 1.3455 	 	 0.5032
[2022/05/22 15:52:44] - validation 0.6047 	 0.8140 	 1.3713 	 0.4840
gap 400
[2022/05/22 15:53:59] - 124 	 61.8 	 	 12.1 	 	 0.0100 	 0.4179 	 0.9112 	 0.9370 	 	 0.6205 	 	 0.5741 	 0.8321 	 1.3316 	 	 0.5141
[2022/05/22 15:53:59] - validation 0.6142 	 0.8060 	 1.3802 	 0.4960
gap 400
val acc 0.8
#####################Optimize weights###################################
i 0 validate robust acc: 0.486 loss 1.4646647291183472
i 1 validate robust acc: 0.509 loss 1.3595683946609498
i 2 validate robust acc: 0.518 loss 1.3258459787368775
i 3 validate robust acc: 0.527 loss 1.3105346727371217
i 4 validate robust acc: 0.528 loss 1.3022493705749512
i 5 validate robust acc: 0.532 loss 1.2980557737350464
i 6 validate robust acc: 0.534 loss 1.2957038249969481
i 7 validate robust acc: 0.536 loss 1.2946739959716798
i 8 validate robust acc: 0.536 loss 1.2935671491622924
i 9 validate robust acc: 0.539 loss 1.2925085859298706
variables: tensor([[0.3397, 0.4599, 1.0000, 0.7730, 0.7706, 0.0000],
        [0.1596, 0.3669, 1.0000, 0.8333, 0.7001, 0.0000],
        [0.2229, 0.4201, 0.9086, 0.6904, 0.4671, 0.0000],
        [0.0540, 0.8587, 0.5014, 0.5698, 0.2400, 0.0000]], device='cuda:0')
#####################Optimize weights End###################################
meta adapted robust acc: 0.5484 orginal robust acc: 0.5462 meta adapted clean acc: 0.8306
[2022/05/22 15:55:45] - 125 	 92.6 	 	 12.1 	 	 0.0100 	 0.4194 	 0.9165 	 0.9133 	 	 0.6308 	 	 0.5745 	 0.8338 	 1.3102 	 	 0.5179
[2022/05/22 15:55:45] - validation 0.6175 	 0.8100 	 1.3697 	 0.5050
gap 400
[2022/05/22 15:57:01] - 126 	 61.9 	 	 12.1 	 	 0.0100 	 0.4117 	 0.9137 	 0.9278 	 	 0.6210 	 	 0.5513 	 0.8399 	 1.3672 	 	 0.5028
[2022/05/22 15:57:01] - validation 0.6028 	 0.8090 	 1.4320 	 0.4820
gap 400
[2022/05/22 15:58:16] - 127 	 61.8 	 	 12.1 	 	 0.0100 	 0.4078 	 0.9163 	 0.9249 	 	 0.6233 	 	 0.5996 	 0.8173 	 1.3617 	 	 0.5074
[2022/05/22 15:58:16] - validation 0.6326 	 0.8000 	 1.4035 	 0.5080
gap 400
[2022/05/22 15:59:31] - 128 	 61.9 	 	 12.1 	 	 0.0100 	 0.4056 	 0.9153 	 0.9262 	 	 0.6237 	 	 0.5764 	 0.8290 	 1.3744 	 	 0.5034
[2022/05/22 15:59:31] - validation 0.5929 	 0.8250 	 1.3794 	 0.4990
gap 400
val acc 0.82
#####################Optimize weights###################################
i 0 validate robust acc: 0.462 loss 1.4734487104415894
i 1 validate robust acc: 0.49 loss 1.3817337131500245
i 2 validate robust acc: 0.505 loss 1.3447352857589723
i 3 validate robust acc: 0.515 loss 1.3253953084945678
i 4 validate robust acc: 0.523 loss 1.3137771635055542
i 5 validate robust acc: 0.528 loss 1.3076025981903077
i 6 validate robust acc: 0.53 loss 1.3036218299865723
i 7 validate robust acc: 0.531 loss 1.3008458995819092
i 8 validate robust acc: 0.531 loss 1.2989418497085572
i 9 validate robust acc: 0.531 loss 1.2975238647460938
variables: tensor([[0.2821, 0.3119, 1.0000, 1.0000, 0.5639, 0.0000],
        [0.5652, 0.3578, 1.0000, 0.7383, 0.5303, 0.0000],
        [0.2189, 0.4921, 0.9950, 0.6169, 0.3917, 0.0000],
        [0.3231, 0.0326, 0.8967, 0.2268, 0.1839, 0.0000]], device='cuda:0')
#####################Optimize weights End###################################
meta adapted robust acc: 0.5502 orginal robust acc: 0.5531 meta adapted clean acc: 0.8372
[2022/05/22 16:01:17] - 129 	 92.5 	 	 12.1 	 	 0.0100 	 0.4029 	 0.9217 	 0.8954 	 	 0.6371 	 	 0.5827 	 0.8282 	 1.3391 	 	 0.5116
[2022/05/22 16:01:17] - validation 0.6185 	 0.8110 	 1.3954 	 0.4770
gap 400
[2022/05/22 16:02:33] - 130 	 61.9 	 	 12.1 	 	 0.0100 	 0.4035 	 0.9173 	 0.9193 	 	 0.6253 	 	 0.5864 	 0.8291 	 1.3677 	 	 0.4982
[2022/05/22 16:02:33] - validation 0.6110 	 0.8270 	 1.3964 	 0.4910
gap 400
[2022/05/22 16:03:48] - 131 	 62.0 	 	 12.1 	 	 0.0100 	 0.3986 	 0.9187 	 0.9167 	 	 0.6249 	 	 0.5814 	 0.8266 	 1.3616 	 	 0.5081
[2022/05/22 16:03:48] - validation 0.6015 	 0.8210 	 1.3787 	 0.5040
gap 400
[2022/05/22 16:05:03] - 132 	 61.9 	 	 12.1 	 	 0.0100 	 0.3963 	 0.9201 	 0.9173 	 	 0.6258 	 	 0.5793 	 0.8284 	 1.3584 	 	 0.5076
[2022/05/22 16:05:03] - validation 0.6046 	 0.8010 	 1.3727 	 0.4980
gap 400
val acc 0.811
#####################Optimize weights###################################
i 0 validate robust acc: 0.494 loss 1.3935488843917847
i 1 validate robust acc: 0.506 loss 1.3412607851028442
i 2 validate robust acc: 0.521 loss 1.3239198322296142
i 3 validate robust acc: 0.526 loss 1.3150012645721436
i 4 validate robust acc: 0.529 loss 1.3097291965484619
i 5 validate robust acc: 0.528 loss 1.3056566286087037
i 6 validate robust acc: 0.534 loss 1.3031668996810912
i 7 validate robust acc: 0.535 loss 1.3012187519073486
i 8 validate robust acc: 0.536 loss 1.2989304809570312
i 9 validate robust acc: 0.534 loss 1.2979283199310303
variables: tensor([[0.2071, 0.4398, 0.9390, 0.5618, 0.6510, 0.0000],
        [0.1793, 0.3609, 0.5875, 0.4819, 0.6048, 0.0000],
        [0.2523, 0.3641, 0.2839, 0.5129, 0.2922, 0.0000],
        [0.2094, 0.7318, 0.6987, 0.3900, 0.0400, 0.0000]], device='cuda:0')
#####################Optimize weights End###################################
meta adapted robust acc: 0.5491 orginal robust acc: 0.5541 meta adapted clean acc: 0.8397
[2022/05/22 16:06:49] - 133 	 92.7 	 	 12.1 	 	 0.0100 	 0.3888 	 0.9242 	 0.8781 	 	 0.6434 	 	 0.5760 	 0.8273 	 1.3508 	 	 0.5107
[2022/05/22 16:06:49] - validation 0.6099 	 0.8100 	 1.3971 	 0.5000
gap 400
[2022/05/22 16:08:04] - 134 	 61.8 	 	 12.1 	 	 0.0100 	 0.3921 	 0.9222 	 0.9089 	 	 0.6277 	 	 0.5865 	 0.8269 	 1.3222 	 	 0.5174
[2022/05/22 16:08:04] - validation 0.6109 	 0.8100 	 1.3481 	 0.4970
gap 400
[2022/05/22 16:09:20] - 135 	 61.8 	 	 12.1 	 	 0.0100 	 0.3937 	 0.9206 	 0.9130 	 	 0.6273 	 	 0.5868 	 0.8251 	 1.3297 	 	 0.5132
[2022/05/22 16:09:20] - validation 0.6223 	 0.8110 	 1.3844 	 0.4920
gap 400
[2022/05/22 16:10:35] - 136 	 61.9 	 	 12.1 	 	 0.0100 	 0.3898 	 0.9225 	 0.9129 	 	 0.6242 	 	 0.5818 	 0.8288 	 1.3732 	 	 0.5043
[2022/05/22 16:10:35] - validation 0.6114 	 0.8130 	 1.4179 	 0.4940
gap 400
val acc 0.805
#####################Optimize weights###################################
i 0 validate robust acc: 0.491 loss 1.3945070142745972
i 1 validate robust acc: 0.509 loss 1.3479937934875488
i 2 validate robust acc: 0.522 loss 1.3251328573226928
i 3 validate robust acc: 0.526 loss 1.3126624851226807
i 4 validate robust acc: 0.534 loss 1.3050567092895509
i 5 validate robust acc: 0.537 loss 1.3008840808868407
i 6 validate robust acc: 0.541 loss 1.297455629348755
i 7 validate robust acc: 0.542 loss 1.2946129989624025
i 8 validate robust acc: 0.543 loss 1.2930905904769898
i 9 validate robust acc: 0.54 loss 1.2921290445327758
variables: tensor([[0.3562, 0.4140, 0.7692, 0.6354, 0.5225, 0.0000],
        [0.2606, 0.5742, 0.7399, 0.4583, 0.3967, 0.0000],
        [0.3609, 0.0101, 1.0000, 0.4378, 0.3361, 0.0000],
        [0.1352, 0.5832, 0.7768, 0.2742, 0.2204, 0.0000]], device='cuda:0')
#####################Optimize weights End###################################
meta adapted robust acc: 0.5485 orginal robust acc: 0.5554 meta adapted clean acc: 0.8369
[2022/05/22 16:12:21] - 137 	 92.7 	 	 12.1 	 	 0.0100 	 0.3812 	 0.9280 	 0.8770 	 	 0.6435 	 	 0.5466 	 0.8372 	 1.3511 	 	 0.5081
[2022/05/22 16:12:21] - validation 0.5817 	 0.8190 	 1.3964 	 0.5040
gap 400
[2022/05/22 16:13:36] - 138 	 61.9 	 	 12.1 	 	 0.0100 	 0.3821 	 0.9231 	 0.8948 	 	 0.6326 	 	 0.5753 	 0.8332 	 1.4001 	 	 0.5000
[2022/05/22 16:13:36] - validation 0.6058 	 0.8120 	 1.4421 	 0.4640
gap 400
[2022/05/22 16:14:52] - 139 	 61.8 	 	 12.1 	 	 0.0100 	 0.3840 	 0.9237 	 0.9030 	 	 0.6306 	 	 0.5628 	 0.8270 	 1.3843 	 	 0.5001
[2022/05/22 16:14:52] - validation 0.6089 	 0.8070 	 1.4485 	 0.4780
gap 400
[2022/05/22 16:16:07] - 140 	 61.9 	 	 12.1 	 	 0.0100 	 0.3831 	 0.9250 	 0.9058 	 	 0.6279 	 	 0.5606 	 0.8285 	 1.4015 	 	 0.4984
[2022/05/22 16:16:07] - validation 0.5768 	 0.8150 	 1.4217 	 0.4800
gap 400
val acc 0.816
#####################Optimize weights###################################
i 0 validate robust acc: 0.522 loss 1.3131722002029418
i 1 validate robust acc: 0.528 loss 1.3056843681335448
i 2 validate robust acc: 0.53 loss 1.30009557056427
i 3 validate robust acc: 0.535 loss 1.2963045320510864
i 4 validate robust acc: 0.538 loss 1.2931983966827392
i 5 validate robust acc: 0.541 loss 1.2910412130355835
i 6 validate robust acc: 0.543 loss 1.2886530599594117
i 7 validate robust acc: 0.542 loss 1.2867352457046508
i 8 validate robust acc: 0.546 loss 1.285331018447876
i 9 validate robust acc: 0.544 loss 1.2840259256362916
variables: tensor([[0.0910, 0.5906, 0.6063, 0.3803, 0.3573, 0.0202],
        [0.1639, 0.5004, 0.4636, 0.2982, 0.2062, 0.0274],
        [0.1463, 0.1302, 0.4928, 0.1293, 0.1325, 0.0000],
        [0.0328, 0.0941, 0.1550, 0.1168, 0.1007, 0.0000]], device='cuda:0')
#####################Optimize weights End###################################
meta adapted robust acc: 0.5537 orginal robust acc: 0.571 meta adapted clean acc: 0.8372
save best meta model at  141
[2022/05/22 16:17:53] - 141 	 92.6 	 	 12.1 	 	 0.0100 	 0.3758 	 0.9279 	 0.8764 	 	 0.6417 	 	 0.5623 	 0.8322 	 1.3652 	 	 0.5042
[2022/05/22 16:17:53] - validation 0.5935 	 0.8140 	 1.4189 	 0.4760
gap 400
[2022/05/22 16:19:08] - 142 	 61.8 	 	 12.1 	 	 0.0100 	 0.3771 	 0.9270 	 0.8844 	 	 0.6363 	 	 0.5753 	 0.8257 	 1.3803 	 	 0.5048
[2022/05/22 16:19:08] - validation 0.5955 	 0.8140 	 1.3912 	 0.5110
gap 400
[2022/05/22 16:20:23] - 143 	 61.9 	 	 12.1 	 	 0.0100 	 0.3799 	 0.9252 	 0.9006 	 	 0.6293 	 	 0.5653 	 0.8302 	 1.3981 	 	 0.4967
[2022/05/22 16:20:23] - validation 0.5929 	 0.8190 	 1.4128 	 0.4960
gap 400
[2022/05/22 16:21:39] - 144 	 61.8 	 	 12.1 	 	 0.0100 	 0.3767 	 0.9261 	 0.8993 	 	 0.6300 	 	 0.5570 	 0.8308 	 1.3831 	 	 0.5031
[2022/05/22 16:21:39] - validation 0.5908 	 0.8170 	 1.4208 	 0.4890
gap 400
val acc 0.812
#####################Optimize weights###################################
i 0 validate robust acc: 0.503 loss 1.3392059421539306
i 1 validate robust acc: 0.506 loss 1.326856062889099
i 2 validate robust acc: 0.508 loss 1.3196404380798339
i 3 validate robust acc: 0.508 loss 1.3144179878234863
i 4 validate robust acc: 0.513 loss 1.3096769514083861
i 5 validate robust acc: 0.513 loss 1.3068059787750244
i 6 validate robust acc: 0.522 loss 1.302826003074646
i 7 validate robust acc: 0.518 loss 1.2999546556472779
i 8 validate robust acc: 0.523 loss 1.2970819444656372
i 9 validate robust acc: 0.526 loss 1.2946495656967163
variables: tensor([[0.6175, 0.2777, 0.4445, 0.4902, 0.3445, 0.0000],
        [0.0000, 0.2789, 0.3740, 0.1579, 0.3429, 0.0000],
        [0.2881, 0.2889, 0.2858, 0.1865, 0.3072, 0.0000],
        [0.2808, 0.4428, 0.1359, 0.2075, 0.2507, 0.0000]], device='cuda:0')
#####################Optimize weights End###################################
meta adapted robust acc: 0.5555 orginal robust acc: 0.5601 meta adapted clean acc: 0.8395
save best meta model at  145
[2022/05/22 16:23:25] - 145 	 92.7 	 	 12.0 	 	 0.0100 	 0.3771 	 0.9285 	 0.8938 	 	 0.6367 	 	 0.5598 	 0.8461 	 1.3076 	 	 0.5282
[2022/05/22 16:23:25] - validation 0.6016 	 0.8230 	 1.3514 	 0.5100
gap 400
[2022/05/22 16:24:40] - 146 	 61.8 	 	 12.1 	 	 0.0100 	 0.3689 	 0.9312 	 0.8636 	 	 0.6468 	 	 0.5659 	 0.8324 	 1.3596 	 	 0.5060
[2022/05/22 16:24:40] - validation 0.5921 	 0.8300 	 1.4024 	 0.4840
gap 400
[2022/05/22 16:25:55] - 147 	 61.8 	 	 12.1 	 	 0.0100 	 0.3725 	 0.9281 	 0.8907 	 	 0.6323 	 	 0.5402 	 0.8316 	 1.4588 	 	 0.4908
[2022/05/22 16:25:55] - validation 0.5906 	 0.8120 	 1.5360 	 0.4700
gap 400
[2022/05/22 16:27:10] - 148 	 61.8 	 	 12.1 	 	 0.0100 	 0.3727 	 0.9276 	 0.8961 	 	 0.6292 	 	 0.5623 	 0.8301 	 1.3786 	 	 0.5068
[2022/05/22 16:27:10] - validation 0.5989 	 0.8170 	 1.4363 	 0.4800
gap 400
[2022/05/22 16:28:25] - 149 	 61.8 	 	 12.1 	 	 0.0010 	 0.3738 	 0.9272 	 0.8976 	 	 0.6281 	 	 0.5727 	 0.8243 	 1.3797 	 	 0.5045
[2022/05/22 16:28:25] - validation 0.6194 	 0.8030 	 1.4463 	 0.4760
gap 400
val acc 0.822
#####################Optimize weights###################################
i 0 validate robust acc: 0.537 loss 1.3023381633758544
i 1 validate robust acc: 0.538 loss 1.3012929515838623
i 2 validate robust acc: 0.537 loss 1.3002724695205687
i 3 validate robust acc: 0.537 loss 1.3008713703155517
i 4 validate robust acc: 0.536 loss 1.3004803581237794
i 5 validate robust acc: 0.534 loss 1.2994706115722656
i 6 validate robust acc: 0.539 loss 1.2995111751556396
i 7 validate robust acc: 0.536 loss 1.2998457708358764
i 8 validate robust acc: 0.534 loss 1.2996179265975951
i 9 validate robust acc: 0.535 loss 1.299339810371399
variables: tensor([[0.0084, 0.0989, 0.1760, 0.2623, 0.0000, 0.0000],
        [0.0016, 0.0483, 0.0621, 0.1578, 0.0312, 0.0000],
        [0.0039, 0.0649, 0.0598, 0.0682, 0.1589, 0.0000],
        [0.0177, 0.0023, 0.0000, 0.0287, 0.0133, 0.0000]], device='cuda:0')
#####################Optimize weights End###################################
meta adapted robust acc: 0.5557 orginal robust acc: 0.5855 meta adapted clean acc: 0.8402
save best meta model at  150
[2022/05/22 16:30:11] - 150 	 92.4 	 	 12.1 	 	 0.0010 	 0.3853 	 0.9372 	 0.7623 	 	 0.7113 	 	 0.5167 	 0.8504 	 1.3210 	 	 0.5267
[2022/05/22 16:30:11] - validation 0.5563 	 0.8320 	 1.3632 	 0.5210
gap 400
[2022/05/22 16:31:26] - 151 	 61.8 	 	 12.1 	 	 0.0010 	 0.3289 	 0.9446 	 0.7115 	 	 0.7148 	 	 0.5145 	 0.8528 	 1.3533 	 	 0.5215
[2022/05/22 16:31:26] - validation 0.5474 	 0.8320 	 1.3916 	 0.5020
gap 400
[2022/05/22 16:32:42] - 152 	 61.8 	 	 12.1 	 	 0.0010 	 0.3058 	 0.9471 	 0.6942 	 	 0.7153 	 	 0.5198 	 0.8456 	 1.3692 	 	 0.5147
[2022/05/22 16:32:42] - validation 0.5520 	 0.8270 	 1.4047 	 0.5070
gap 400
[2022/05/22 16:33:57] - 153 	 61.8 	 	 12.1 	 	 0.0010 	 0.2897 	 0.9494 	 0.6812 	 	 0.7181 	 	 0.5079 	 0.8490 	 1.3728 	 	 0.5160
[2022/05/22 16:33:57] - validation 0.5447 	 0.8260 	 1.4226 	 0.4980
gap 400
val acc 0.817
#####################Optimize weights###################################
i 0 validate robust acc: 0.537 loss 1.2981007232666015
i 1 validate robust acc: 0.535 loss 1.2983123149871827
i 2 validate robust acc: 0.539 loss 1.2982153120040894
i 3 validate robust acc: 0.532 loss 1.2977329368591308
i 4 validate robust acc: 0.538 loss 1.297875946998596
i 5 validate robust acc: 0.539 loss 1.2982374219894408
i 6 validate robust acc: 0.535 loss 1.2981589784622192
i 7 validate robust acc: 0.539 loss 1.2979065189361572
i 8 validate robust acc: 0.541 loss 1.2977622137069702
i 9 validate robust acc: 0.539 loss 1.2977632503509522
variables: tensor([[1.8707e-02, 7.4122e-02, 1.9522e-01, 0.0000e+00, 0.0000e+00, 0.0000e+00],
        [5.2251e-03, 0.0000e+00, 9.7901e-03, 0.0000e+00, 0.0000e+00, 0.0000e+00],
        [8.9886e-05, 0.0000e+00, 0.0000e+00, 1.6162e-04, 0.0000e+00, 0.0000e+00],
        [0.0000e+00, 2.1528e-04, 3.7306e-02, 0.0000e+00, 0.0000e+00, 0.0000e+00]],
       device='cuda:0')
#####################Optimize weights End###################################
meta adapted robust acc: 0.5545 orginal robust acc: 0.5586 meta adapted clean acc: 0.8402
[2022/05/22 16:35:42] - 154 	 92.3 	 	 12.1 	 	 0.0010 	 0.3600 	 0.9412 	 0.7295 	 	 0.7212 	 	 0.5467 	 0.8513 	 1.2936 	 	 0.5285
[2022/05/22 16:35:42] - validation 0.5744 	 0.8230 	 1.3197 	 0.5320
gap 400
[2022/05/22 16:36:58] - 155 	 61.9 	 	 12.1 	 	 0.0010 	 0.3350 	 0.9440 	 0.7163 	 	 0.7148 	 	 0.5070 	 0.8519 	 1.3570 	 	 0.5201
[2022/05/22 16:36:58] - validation 0.5560 	 0.8290 	 1.4159 	 0.4940
gap 400
[2022/05/22 16:38:13] - 156 	 61.7 	 	 12.1 	 	 0.0010 	 0.3083 	 0.9465 	 0.6958 	 	 0.7158 	 	 0.5147 	 0.8476 	 1.3455 	 	 0.5232
[2022/05/22 16:38:13] - validation 0.5525 	 0.8280 	 1.3955 	 0.4960
gap 400
[2022/05/22 16:39:28] - 157 	 61.8 	 	 12.1 	 	 0.0010 	 0.2918 	 0.9486 	 0.6806 	 	 0.7190 	 	 0.5103 	 0.8508 	 1.3830 	 	 0.5146
[2022/05/22 16:39:28] - validation 0.5466 	 0.8280 	 1.4320 	 0.4990
gap 400
val acc 0.836
#####################Optimize weights###################################
i 0 validate robust acc: 0.539 loss 1.298112241744995
i 1 validate robust acc: 0.538 loss 1.2976868124008178
i 2 validate robust acc: 0.538 loss 1.2979871225357056
i 3 validate robust acc: 0.538 loss 1.2978477611541748
i 4 validate robust acc: 0.541 loss 1.296940930366516
i 5 validate robust acc: 0.541 loss 1.2979716444015503
i 6 validate robust acc: 0.539 loss 1.2982844905853272
i 7 validate robust acc: 0.539 loss 1.2972168846130372
i 8 validate robust acc: 0.536 loss 1.2977042284011842
i 9 validate robust acc: 0.54 loss 1.297901020050049
variables: tensor([[0.0211, 0.0313, 0.1556, 0.0000, 0.0000, 0.0000],
        [0.0053, 0.0006, 0.0051, 0.0006, 0.0000, 0.0000],
        [0.0000, 0.0021, 0.0110, 0.0345, 0.0000, 0.0000],
        [0.0021, 0.0020, 0.0429, 0.0017, 0.0039, 0.0000]], device='cuda:0')
#####################Optimize weights End###################################
meta adapted robust acc: 0.5572 orginal robust acc: 0.5618 meta adapted clean acc: 0.8405
save best meta model at  158
[2022/05/22 16:41:14] - 158 	 92.6 	 	 12.1 	 	 0.0010 	 0.3453 	 0.9432 	 0.7196 	 	 0.7227 	 	 0.5435 	 0.8436 	 1.3086 	 	 0.5294
[2022/05/22 16:41:14] - validation 0.5762 	 0.8290 	 1.3430 	 0.5300
gap 400
[2022/05/22 16:42:29] - 159 	 61.8 	 	 12.1 	 	 0.0010 	 0.3407 	 0.9429 	 0.7207 	 	 0.7142 	 	 0.5294 	 0.8474 	 1.3254 	 	 0.5283
[2022/05/22 16:42:29] - validation 0.5720 	 0.8290 	 1.3761 	 0.5080
gap 400
[2022/05/22 16:43:44] - 160 	 61.8 	 	 12.1 	 	 0.0010 	 0.3112 	 0.9457 	 0.7001 	 	 0.7150 	 	 0.5093 	 0.8459 	 1.3682 	 	 0.5196
[2022/05/22 16:43:44] - validation 0.5471 	 0.8340 	 1.4242 	 0.4900
gap 400
[2022/05/22 16:44:59] - 161 	 61.8 	 	 12.1 	 	 0.0010 	 0.2938 	 0.9475 	 0.6829 	 	 0.7194 	 	 0.4923 	 0.8538 	 1.3977 	 	 0.5162
[2022/05/22 16:44:59] - validation 0.5346 	 0.8350 	 1.4537 	 0.4910
gap 400
val acc 0.832
#####################Optimize weights###################################
i 0 validate robust acc: 0.538 loss 1.2972109603881836
i 1 validate robust acc: 0.54 loss 1.2973161821365355
i 2 validate robust acc: 0.536 loss 1.2970296907424927
i 3 validate robust acc: 0.536 loss 1.2971344490051269
i 4 validate robust acc: 0.536 loss 1.296655110359192
i 5 validate robust acc: 0.535 loss 1.2970907392501831
i 6 validate robust acc: 0.535 loss 1.2968065357208252
i 7 validate robust acc: 0.54 loss 1.296507477760315
i 8 validate robust acc: 0.54 loss 1.29702534866333
i 9 validate robust acc: 0.535 loss 1.2966416730880737
variables: tensor([[0.0203, 0.0266, 0.0934, 0.0000, 0.0000, 0.0000],
        [0.0001, 0.0310, 0.0795, 0.0443, 0.0000, 0.0000],
        [0.0007, 0.0000, 0.0016, 0.0000, 0.0000, 0.0000],
        [0.0000, 0.0000, 0.0000, 0.0048, 0.0268, 0.0000]], device='cuda:0')
#####################Optimize weights End###################################
meta adapted robust acc: 0.5567 orginal robust acc: 0.5635 meta adapted clean acc: 0.8403
[2022/05/22 16:46:45] - 162 	 92.3 	 	 12.0 	 	 0.0010 	 0.3295 	 0.9440 	 0.7079 	 	 0.7203 	 	 0.5627 	 0.8481 	 1.2711 	 	 0.5339
[2022/05/22 16:46:45] - validation 0.5910 	 0.8260 	 1.3029 	 0.5190
gap 400
[2022/05/22 16:48:00] - 163 	 61.8 	 	 12.1 	 	 0.0010 	 0.3512 	 0.9420 	 0.7285 	 	 0.7165 	 	 0.5377 	 0.8445 	 1.3425 	 	 0.5207
[2022/05/22 16:48:00] - validation 0.5669 	 0.8220 	 1.3833 	 0.4980
gap 400
[2022/05/22 16:49:16] - 164 	 61.8 	 	 12.0 	 	 0.0010 	 0.3163 	 0.9449 	 0.7024 	 	 0.7167 	 	 0.5089 	 0.8529 	 1.3579 	 	 0.5218
[2022/05/22 16:49:16] - validation 0.5398 	 0.8330 	 1.3964 	 0.5120
gap 400
[2022/05/22 16:50:31] - 165 	 61.9 	 	 12.1 	 	 0.0010 	 0.2959 	 0.9486 	 0.6849 	 	 0.7190 	 	 0.5194 	 0.8488 	 1.3558 	 	 0.5223
[2022/05/22 16:50:31] - validation 0.5528 	 0.8290 	 1.3970 	 0.5050
gap 400
val acc 0.83
#####################Optimize weights###################################
i 0 validate robust acc: 0.535 loss 1.2966841096878052
i 1 validate robust acc: 0.536 loss 1.296520697593689
i 2 validate robust acc: 0.531 loss 1.2961492519378661
i 3 validate robust acc: 0.54 loss 1.2974446239471435
i 4 validate robust acc: 0.538 loss 1.2969749450683594
i 5 validate robust acc: 0.534 loss 1.2972057056427002
i 6 validate robust acc: 0.54 loss 1.2964229125976563
i 7 validate robust acc: 0.541 loss 1.2965707750320434
i 8 validate robust acc: 0.536 loss 1.296696858406067
i 9 validate robust acc: 0.535 loss 1.2968155031204223
variables: tensor([[1.3116e-02, 2.1869e-02, 1.0793e-01, 0.0000e+00, 0.0000e+00, 0.0000e+00],
        [5.1563e-04, 1.6501e-04, 1.5986e-02, 0.0000e+00, 0.0000e+00, 0.0000e+00],
        [9.4696e-03, 5.0361e-03, 1.8793e-03, 7.1542e-03, 1.0655e-03, 0.0000e+00],
        [4.1819e-05, 1.5451e-02, 8.3050e-03, 0.0000e+00, 0.0000e+00, 0.0000e+00]],
       device='cuda:0')
#####################Optimize weights End###################################
meta adapted robust acc: 0.557 orginal robust acc: 0.5575 meta adapted clean acc: 0.8403
[2022/05/22 16:52:17] - 166 	 92.4 	 	 12.0 	 	 0.0010 	 0.3082 	 0.9470 	 0.6907 	 	 0.7218 	 	 0.5879 	 0.8440 	 1.2545 	 	 0.5437
[2022/05/22 16:52:17] - validation 0.6144 	 0.8280 	 1.2808 	 0.5460
gap 400
[2022/05/22 16:53:32] - 167 	 61.8 	 	 12.1 	 	 0.0010 	 0.3627 	 0.9414 	 0.7370 	 	 0.7161 	 	 0.5261 	 0.8519 	 1.3143 	 	 0.5275
[2022/05/22 16:53:32] - validation 0.5617 	 0.8330 	 1.3546 	 0.5200
gap 400
[2022/05/22 16:54:47] - 168 	 61.8 	 	 12.1 	 	 0.0010 	 0.3197 	 0.9447 	 0.7047 	 	 0.7154 	 	 0.5134 	 0.8494 	 1.3752 	 	 0.5136
[2022/05/22 16:54:47] - validation 0.5471 	 0.8320 	 1.4142 	 0.5010
gap 400
[2022/05/22 16:56:02] - 169 	 61.8 	 	 12.1 	 	 0.0010 	 0.2991 	 0.9479 	 0.6900 	 	 0.7168 	 	 0.5110 	 0.8471 	 1.3869 	 	 0.5180
[2022/05/22 16:56:02] - validation 0.5431 	 0.8290 	 1.4275 	 0.5000
gap 400
[2022/05/22 16:57:17] - 170 	 61.8 	 	 12.1 	 	 0.0010 	 0.2861 	 0.9494 	 0.6766 	 	 0.7198 	 	 0.4989 	 0.8522 	 1.3839 	 	 0.5098
[2022/05/22 16:57:17] - validation 0.5358 	 0.8310 	 1.4330 	 0.4910
gap 400
val acc 0.832
#####################Optimize weights###################################
i 0 validate robust acc: 0.539 loss 1.2968779048919679
i 1 validate robust acc: 0.539 loss 1.2961517934799194
i 2 validate robust acc: 0.535 loss 1.2966822118759156
i 3 validate robust acc: 0.539 loss 1.2967142057418823
i 4 validate robust acc: 0.538 loss 1.2963121900558472
i 5 validate robust acc: 0.539 loss 1.2971196374893188
i 6 validate robust acc: 0.538 loss 1.2959502925872803
i 7 validate robust acc: 0.537 loss 1.2960156955718993
i 8 validate robust acc: 0.541 loss 1.296269679069519
i 9 validate robust acc: 0.534 loss 1.2964435272216797
variables: tensor([[1.2614e-02, 2.5821e-02, 1.2968e-01, 0.0000e+00, 0.0000e+00, 0.0000e+00],
        [6.4232e-03, 0.0000e+00, 9.2048e-05, 5.4095e-04, 0.0000e+00, 0.0000e+00],
        [3.1681e-04, 2.3651e-02, 6.7125e-02, 7.7797e-03, 0.0000e+00, 0.0000e+00],
        [0.0000e+00, 0.0000e+00, 8.0651e-04, 0.0000e+00, 0.0000e+00, 0.0000e+00]],
       device='cuda:0')
#####################Optimize weights End###################################
meta adapted robust acc: 0.5574 orginal robust acc: 0.5582 meta adapted clean acc: 0.8401
save best meta model at  171
[2022/05/22 16:59:03] - 171 	 92.6 	 	 12.1 	 	 0.0010 	 0.3793 	 0.9394 	 0.7468 	 	 0.7183 	 	 0.5150 	 0.8517 	 1.3319 	 	 0.5225
[2022/05/22 16:59:03] - validation 0.5514 	 0.8320 	 1.3697 	 0.5110
gap 400
[2022/05/22 17:00:19] - 172 	 61.9 	 	 12.1 	 	 0.0010 	 0.3234 	 0.9449 	 0.7071 	 	 0.7159 	 	 0.5246 	 0.8438 	 1.3254 	 	 0.5273
[2022/05/22 17:00:19] - validation 0.5622 	 0.8200 	 1.3697 	 0.5160
gap 400
[2022/05/22 17:01:34] - 173 	 61.9 	 	 12.1 	 	 0.0010 	 0.3004 	 0.9478 	 0.6899 	 	 0.7178 	 	 0.5074 	 0.8482 	 1.3991 	 	 0.5117
[2022/05/22 17:01:34] - validation 0.5453 	 0.8280 	 1.4525 	 0.4850
gap 400
[2022/05/22 17:02:49] - 174 	 61.9 	 	 12.1 	 	 0.0010 	 0.2880 	 0.9498 	 0.6768 	 	 0.7208 	 	 0.5068 	 0.8485 	 1.3781 	 	 0.5160
[2022/05/22 17:02:49] - validation 0.5486 	 0.8260 	 1.4275 	 0.4900
gap 400
val acc 0.827
#####################Optimize weights###################################
i 0 validate robust acc: 0.535 loss 1.2958804063796998
i 1 validate robust acc: 0.538 loss 1.2967267866134644
i 2 validate robust acc: 0.537 loss 1.2958289079666139
i 3 validate robust acc: 0.54 loss 1.2962004117965698
i 4 validate robust acc: 0.534 loss 1.2961117315292359
i 5 validate robust acc: 0.537 loss 1.2967601289749147
i 6 validate robust acc: 0.536 loss 1.2963273124694825
i 7 validate robust acc: 0.536 loss 1.2966302585601808
i 8 validate robust acc: 0.533 loss 1.2959582014083861
i 9 validate robust acc: 0.535 loss 1.2962297582626343
variables: tensor([[1.5866e-02, 3.1639e-02, 1.1142e-01, 0.0000e+00, 0.0000e+00, 0.0000e+00],
        [4.5379e-04, 0.0000e+00, 1.5105e-03, 0.0000e+00, 0.0000e+00, 0.0000e+00],
        [8.5785e-06, 9.8207e-03, 2.6263e-02, 3.6407e-04, 0.0000e+00, 0.0000e+00],
        [2.8368e-03, 4.1744e-05, 1.3056e-04, 1.5440e-02, 0.0000e+00, 0.0000e+00]],
       device='cuda:0')
#####################Optimize weights End###################################
meta adapted robust acc: 0.5583 orginal robust acc: 0.565 meta adapted clean acc: 0.8399
save best meta model at  175
[2022/05/22 17:04:35] - 175 	 92.4 	 	 12.1 	 	 0.0010 	 0.3674 	 0.9410 	 0.7372 	 	 0.7184 	 	 0.5428 	 0.8478 	 1.2993 	 	 0.5272
[2022/05/22 17:04:35] - validation 0.5735 	 0.8260 	 1.3379 	 0.5130
gap 400
[2022/05/22 17:05:50] - 176 	 61.9 	 	 12.1 	 	 0.0010 	 0.3301 	 0.9433 	 0.7130 	 	 0.7158 	 	 0.5019 	 0.8562 	 1.3633 	 	 0.5162
[2022/05/22 17:05:50] - validation 0.5436 	 0.8420 	 1.4148 	 0.5000
gap 400
[2022/05/22 17:07:06] - 177 	 61.8 	 	 12.1 	 	 0.0010 	 0.3066 	 0.9459 	 0.6958 	 	 0.7170 	 	 0.5063 	 0.8477 	 1.3560 	 	 0.5231
[2022/05/22 17:07:06] - validation 0.5473 	 0.8300 	 1.4129 	 0.4930
gap 400
[2022/05/22 17:08:21] - 178 	 61.8 	 	 12.1 	 	 0.0010 	 0.2901 	 0.9488 	 0.6801 	 	 0.7196 	 	 0.4999 	 0.8488 	 1.4041 	 	 0.5169
[2022/05/22 17:08:21] - validation 0.5381 	 0.8310 	 1.4408 	 0.5100
gap 400
val acc 0.822
#####################Optimize weights###################################
i 0 validate robust acc: 0.539 loss 1.2964864225387573
i 1 validate robust acc: 0.535 loss 1.2959881420135497
i 2 validate robust acc: 0.537 loss 1.2963098058700562
i 3 validate robust acc: 0.538 loss 1.296148034095764
i 4 validate robust acc: 0.536 loss 1.2959446964263917
i 5 validate robust acc: 0.535 loss 1.2962436256408691
i 6 validate robust acc: 0.535 loss 1.2961636295318604
i 7 validate robust acc: 0.538 loss 1.2957463331222534
i 8 validate robust acc: 0.537 loss 1.2957080268859864
i 9 validate robust acc: 0.536 loss 1.2958005867004394
variables: tensor([[0.0070, 0.0012, 0.0567, 0.0000, 0.0000, 0.0000],
        [0.0053, 0.0147, 0.0541, 0.0000, 0.0000, 0.0000],
        [0.0011, 0.0004, 0.0258, 0.0000, 0.0000, 0.0000],
        [0.0000, 0.0010, 0.0000, 0.0000, 0.0000, 0.0000]], device='cuda:0')
#####################Optimize weights End###################################
meta adapted robust acc: 0.5575 orginal robust acc: 0.5587 meta adapted clean acc: 0.84
[2022/05/22 17:10:07] - 179 	 92.5 	 	 12.1 	 	 0.0010 	 0.3549 	 0.9412 	 0.7256 	 	 0.7213 	 	 0.5276 	 0.8557 	 1.3043 	 	 0.5268
[2022/05/22 17:10:07] - validation 0.5617 	 0.8290 	 1.3367 	 0.5160
gap 400
[2022/05/22 17:11:22] - 180 	 61.8 	 	 12.1 	 	 0.0010 	 0.3370 	 0.9427 	 0.7171 	 	 0.7179 	 	 0.5135 	 0.8524 	 1.3469 	 	 0.5198
[2022/05/22 17:11:22] - validation 0.5524 	 0.8340 	 1.3923 	 0.5050
gap 400
[2022/05/22 17:12:37] - 181 	 61.8 	 	 12.1 	 	 0.0010 	 0.3091 	 0.9461 	 0.6969 	 	 0.7165 	 	 0.4981 	 0.8472 	 1.4205 	 	 0.5107
[2022/05/22 17:12:37] - validation 0.5327 	 0.8360 	 1.4657 	 0.4930
gap 400
[2022/05/22 17:13:52] - 182 	 61.9 	 	 12.1 	 	 0.0010 	 0.2917 	 0.9489 	 0.6814 	 	 0.7166 	 	 0.5029 	 0.8537 	 1.3866 	 	 0.5145
[2022/05/22 17:13:52] - validation 0.5367 	 0.8250 	 1.4306 	 0.4900
gap 400
val acc 0.823
#####################Optimize weights###################################
i 0 validate robust acc: 0.536 loss 1.295799123764038
i 1 validate robust acc: 0.537 loss 1.2963403959274291
i 2 validate robust acc: 0.536 loss 1.295397357940674
i 3 validate robust acc: 0.536 loss 1.29613463306427
i 4 validate robust acc: 0.539 loss 1.2957637853622437
i 5 validate robust acc: 0.535 loss 1.2958560733795166
i 6 validate robust acc: 0.538 loss 1.2956617012023925
i 7 validate robust acc: 0.541 loss 1.2962260999679565
i 8 validate robust acc: 0.537 loss 1.296378399848938
i 9 validate robust acc: 0.538 loss 1.2956069307327271
variables: tensor([[0.0133, 0.0000, 0.0644, 0.0013, 0.0000, 0.0000],
        [0.0000, 0.0006, 0.0000, 0.0000, 0.0000, 0.0000],
        [0.0026, 0.0000, 0.0276, 0.0000, 0.0000, 0.0000],
        [0.0000, 0.0147, 0.0463, 0.0836, 0.0000, 0.0000]], device='cuda:0')
#####################Optimize weights End###################################
meta adapted robust acc: 0.5581 orginal robust acc: 0.5562 meta adapted clean acc: 0.8398
[2022/05/22 17:15:39] - 183 	 92.8 	 	 12.1 	 	 0.0010 	 0.3387 	 0.9445 	 0.7122 	 	 0.7222 	 	 0.5385 	 0.8506 	 1.3142 	 	 0.5278
[2022/05/22 17:15:39] - validation 0.5761 	 0.8310 	 1.3565 	 0.5090
gap 400
[2022/05/22 17:16:54] - 184 	 61.8 	 	 12.1 	 	 0.0010 	 0.3436 	 0.9428 	 0.7223 	 	 0.7161 	 	 0.5291 	 0.8446 	 1.3228 	 	 0.5263
[2022/05/22 17:16:54] - validation 0.5644 	 0.8210 	 1.3697 	 0.5060
gap 400
[2022/05/22 17:18:09] - 185 	 61.8 	 	 12.1 	 	 0.0010 	 0.3122 	 0.9456 	 0.6980 	 	 0.7160 	 	 0.5070 	 0.8537 	 1.3594 	 	 0.5145
[2022/05/22 17:18:09] - validation 0.5372 	 0.8330 	 1.3987 	 0.5000
gap 400
[2022/05/22 17:19:24] - 186 	 61.8 	 	 12.0 	 	 0.0010 	 0.2945 	 0.9480 	 0.6835 	 	 0.7195 	 	 0.4824 	 0.8521 	 1.4431 	 	 0.5037
[2022/05/22 17:19:24] - validation 0.5128 	 0.8370 	 1.4871 	 0.4830
gap 400
val acc 0.834
#####################Optimize weights###################################
i 0 validate robust acc: 0.535 loss 1.2955748558044433
i 1 validate robust acc: 0.538 loss 1.295473377227783
i 2 validate robust acc: 0.537 loss 1.2959617595672608
i 3 validate robust acc: 0.538 loss 1.2955879917144775
i 4 validate robust acc: 0.537 loss 1.2962409477233887
i 5 validate robust acc: 0.538 loss 1.2956496677398681
i 6 validate robust acc: 0.54 loss 1.295400842666626
i 7 validate robust acc: 0.536 loss 1.296471781730652
i 8 validate robust acc: 0.536 loss 1.2958302030563353
i 9 validate robust acc: 0.537 loss 1.2953852262496948
variables: tensor([[1.2801e-02, 1.6748e-02, 6.0661e-02, 0.0000e+00, 0.0000e+00, 0.0000e+00],
        [6.5034e-06, 0.0000e+00, 1.9720e-03, 0.0000e+00, 0.0000e+00, 0.0000e+00],
        [0.0000e+00, 3.1102e-02, 3.9623e-02, 3.7307e-02, 0.0000e+00, 0.0000e+00],
        [3.9298e-03, 2.9259e-03, 0.0000e+00, 1.9595e-03, 0.0000e+00, 0.0000e+00]],
       device='cuda:0')
#####################Optimize weights End###################################
meta adapted robust acc: 0.5576 orginal robust acc: 0.5614 meta adapted clean acc: 0.8399
[2022/05/22 17:21:10] - 187 	 92.5 	 	 12.1 	 	 0.0010 	 0.3226 	 0.9440 	 0.7020 	 	 0.7221 	 	 0.5710 	 0.8470 	 1.2648 	 	 0.5392
[2022/05/22 17:21:10] - validation 0.6008 	 0.8240 	 1.2961 	 0.5290
gap 400
[2022/05/22 17:22:25] - 188 	 61.9 	 	 12.1 	 	 0.0010 	 0.3553 	 0.9415 	 0.7325 	 	 0.7138 	 	 0.5221 	 0.8524 	 1.3404 	 	 0.5241
[2022/05/22 17:22:25] - validation 0.5624 	 0.8330 	 1.3864 	 0.5070
gap 400
[2022/05/22 17:23:41] - 189 	 61.9 	 	 12.1 	 	 0.0010 	 0.3169 	 0.9451 	 0.7048 	 	 0.7139 	 	 0.5207 	 0.8479 	 1.3549 	 	 0.5166
[2022/05/22 17:23:41] - validation 0.5560 	 0.8300 	 1.4112 	 0.4950
gap 400
[2022/05/22 17:24:56] - 190 	 61.8 	 	 12.1 	 	 0.0010 	 0.2981 	 0.9485 	 0.6865 	 	 0.7182 	 	 0.5070 	 0.8551 	 1.3715 	 	 0.5136
[2022/05/22 17:24:56] - validation 0.5397 	 0.8310 	 1.4064 	 0.4960
gap 400
val acc 0.826
#####################Optimize weights###################################
i 0 validate robust acc: 0.537 loss 1.2960303993225097
i 1 validate robust acc: 0.536 loss 1.2959361391067505
i 2 validate robust acc: 0.538 loss 1.2960489864349365
i 3 validate robust acc: 0.538 loss 1.2961149682998658
i 4 validate robust acc: 0.539 loss 1.2955604934692382
i 5 validate robust acc: 0.537 loss 1.2956548166275024
i 6 validate robust acc: 0.536 loss 1.2957345476150512
i 7 validate robust acc: 0.536 loss 1.2950104551315307
i 8 validate robust acc: 0.536 loss 1.2956699028015137
i 9 validate robust acc: 0.537 loss 1.2956384334564208
variables: tensor([[0.0077, 0.0261, 0.0870, 0.0000, 0.0000, 0.0000],
        [0.0018, 0.0000, 0.0000, 0.0000, 0.0000, 0.0000],
        [0.0000, 0.0000, 0.0000, 0.0000, 0.0000, 0.0000],
        [0.0034, 0.0000, 0.0254, 0.0004, 0.0000, 0.0000]], device='cuda:0')
#####################Optimize weights End###################################
meta adapted robust acc: 0.5577 orginal robust acc: 0.5598 meta adapted clean acc: 0.8397
[2022/05/22 17:26:42] - 191 	 92.5 	 	 12.1 	 	 0.0010 	 0.3007 	 0.9478 	 0.6853 	 	 0.7209 	 	 0.5850 	 0.8414 	 1.2449 	 	 0.5490
[2022/05/22 17:26:42] - validation 0.6170 	 0.8280 	 1.2797 	 0.5360
gap 400
[2022/05/22 17:27:57] - 192 	 61.8 	 	 12.1 	 	 0.0010 	 0.3690 	 0.9406 	 0.7397 	 	 0.7156 	 	 0.5163 	 0.8541 	 1.3564 	 	 0.5206
[2022/05/22 17:27:57] - validation 0.5560 	 0.8300 	 1.3913 	 0.5030
gap 400
[2022/05/22 17:29:12] - 193 	 61.8 	 	 12.1 	 	 0.0010 	 0.3209 	 0.9451 	 0.7065 	 	 0.7154 	 	 0.5260 	 0.8449 	 1.3219 	 	 0.5239
[2022/05/22 17:29:12] - validation 0.5555 	 0.8190 	 1.3618 	 0.5140
gap 400
[2022/05/22 17:30:27] - 194 	 61.8 	 	 12.0 	 	 0.0010 	 0.3017 	 0.9469 	 0.6902 	 	 0.7184 	 	 0.5113 	 0.8477 	 1.3796 	 	 0.5197
[2022/05/22 17:30:27] - validation 0.5502 	 0.8260 	 1.4250 	 0.4960
gap 400
[2022/05/22 17:31:42] - 195 	 61.8 	 	 12.0 	 	 0.0010 	 0.2859 	 0.9500 	 0.6760 	 	 0.7190 	 	 0.5083 	 0.8488 	 1.3716 	 	 0.5176
[2022/05/22 17:31:42] - validation 0.5475 	 0.8260 	 1.4263 	 0.5050
gap 400
val acc 0.834
#####################Optimize weights###################################
i 0 validate robust acc: 0.54 loss 1.2955606250762939
i 1 validate robust acc: 0.539 loss 1.2958151426315307
i 2 validate robust acc: 0.533 loss 1.295694761276245
i 3 validate robust acc: 0.538 loss 1.2953860445022582
i 4 validate robust acc: 0.538 loss 1.295263279914856
i 5 validate robust acc: 0.536 loss 1.29514426612854
i 6 validate robust acc: 0.536 loss 1.295630084991455
i 7 validate robust acc: 0.535 loss 1.2954684648513795
i 8 validate robust acc: 0.536 loss 1.295525213241577
i 9 validate robust acc: 0.538 loss 1.2954531469345092
variables: tensor([[0.0131, 0.0002, 0.0337, 0.0000, 0.0000, 0.0000],
        [0.0000, 0.0007, 0.0254, 0.0000, 0.0000, 0.0000],
        [0.0048, 0.0000, 0.0000, 0.0036, 0.0000, 0.0000],
        [0.0000, 0.0000, 0.0000, 0.0000, 0.0000, 0.0000]], device='cuda:0')
#####################Optimize weights End###################################
meta adapted robust acc: 0.5579 orginal robust acc: 0.5614 meta adapted clean acc: 0.8397
[2022/05/22 17:33:28] - 196 	 92.6 	 	 12.1 	 	 0.0010 	 0.3745 	 0.9398 	 0.7426 	 	 0.7187 	 	 0.5255 	 0.8518 	 1.3237 	 	 0.5259
[2022/05/22 17:33:28] - validation 0.5583 	 0.8300 	 1.3665 	 0.5020
gap 400
[2022/05/22 17:34:44] - 197 	 61.8 	 	 12.1 	 	 0.0010 	 0.3268 	 0.9450 	 0.7105 	 	 0.7141 	 	 0.5115 	 0.8516 	 1.3681 	 	 0.5166
[2022/05/22 17:34:44] - validation 0.5497 	 0.8320 	 1.4094 	 0.5030
gap 400
[2022/05/22 17:35:59] - 198 	 61.8 	 	 12.1 	 	 0.0010 	 0.3027 	 0.9475 	 0.6923 	 	 0.7177 	 	 0.4966 	 0.8537 	 1.3711 	 	 0.5141
[2022/05/22 17:35:59] - validation 0.5375 	 0.8310 	 1.4174 	 0.5020
gap 400
[2022/05/22 17:37:14] - 199 	 61.8 	 	 12.1 	 	 0.0010 	 0.2879 	 0.9491 	 0.6781 	 	 0.7190 	 	 0.5047 	 0.8502 	 1.3915 	 	 0.5122
[2022/05/22 17:37:14] - validation 0.5500 	 0.8330 	 1.4372 	 0.4990

JOB STATISTICS
==============
Job ID: 987399
Cluster: snellius
User/Group: shiweil/shiweil
State: COMPLETED (exit code 0)
Nodes: 1
Cores per node: 10
CPU Utilized: 04:30:23
CPU Efficiency: 10.28% of 1-19:49:20 core-walltime
Job Wall-clock time: 04:22:56
Memory Utilized: 6.19 GB
Memory Efficiency: 9.05% of 68.36 GB
